[ 2018-11-07T21:08:06+08:00 ] ::1 /libSys/Index.php?s=/Staff/Index/getBookInfo.html
INFO: [ app_init ] --START--
INFO: Run Behavior\BuildLiteBehavior [ RunTime:0.000017s ]
INFO: [ app_init ] --END-- [ RunTime:0.000252s ]
INFO: [ app_begin ] --START--
INFO: Run Behavior\ReadHtmlCacheBehavior [ RunTime:0.000412s ]
INFO: [ app_begin ] --END-- [ RunTime:0.000465s ]
NOTIC: [8] Undefined index: code D:\Applications\wamp64\www\libSys\libSys\Staff\Controller\IndexController.class.php 第 662 行.
INFO: [ app_end ] --START--
INFO: Run Behavior\ShowPageTraceBehavior [ RunTime:0.001157s ]
INFO: [ app_end ] --END-- [ RunTime:0.001362s ]

[ 2018-11-07T21:08:19+08:00 ] ::1 /libSys/Index.php?s=/Staff/Index/addBook.html
INFO: [ app_init ] --START--
INFO: Run Behavior\BuildLiteBehavior [ RunTime:0.000016s ]
INFO: [ app_init ] --END-- [ RunTime:0.000209s ]
INFO: [ app_begin ] --START--
INFO: Run Behavior\ReadHtmlCacheBehavior [ RunTime:0.000374s ]
INFO: [ app_begin ] --END-- [ RunTime:0.000423s ]
SQL: SHOW COLUMNS FROM `lib_book_species` [ RunTime:0.0008s ]
SQL: select count(*) as a from lib_book_unique [ RunTime:0.0002s ]
SQL: select * from lib_book_species where isbn = '9787121253317'; [ RunTime:0.0003s ]
SQL: insert into lib_book_unique(isbn) values('9787121253317'); [ RunTime:0.0003s ]
NOTIC: [8] Undefined variable: return D:\Applications\wamp64\www\libSys\libSys\Staff\Controller\IndexController.class.php 第 300 行.
SQL: insert into lib_book_unique(isbn) values('9787121253317'); [ RunTime:0.0002s ]
SQL: insert into lib_book_unique(isbn) values('9787121253317'); [ RunTime:0.0003s ]
SQL: insert into lib_book_unique(isbn) values('9787121253317'); [ RunTime:0.0002s ]
SQL: insert into lib_book_unique(isbn) values('9787121253317'); [ RunTime:0.0002s ]
SQL: insert into lib_book_unique(isbn) values('9787121253317'); [ RunTime:0.0002s ]
SQL: insert into lib_book_unique(isbn) values('9787121253317'); [ RunTime:0.0002s ]
SQL: insert into lib_book_unique(isbn) values('9787121253317'); [ RunTime:0.0002s ]
SQL: insert into lib_book_unique(isbn) values('9787121253317'); [ RunTime:0.0002s ]
INFO: [ app_end ] --START--
INFO: Run Behavior\ShowPageTraceBehavior [ RunTime:0.000397s ]
INFO: [ app_end ] --END-- [ RunTime:0.000441s ]

[ 2018-11-07T21:09:27+08:00 ] ::1 /libSys/Index.php?s=/Staff/Index/home.html
INFO: [ app_init ] --START--
INFO: Run Behavior\BuildLiteBehavior [ RunTime:0.000057s ]
INFO: [ app_init ] --END-- [ RunTime:0.000256s ]
INFO: [ app_begin ] --START--
INFO: Run Behavior\ReadHtmlCacheBehavior [ RunTime:0.000460s ]
INFO: [ app_begin ] --END-- [ RunTime:0.000513s ]
INFO: [ view_parse ] --START--
INFO: [ template_filter ] --START--
INFO: Run Behavior\ContentReplaceBehavior [ RunTime:0.000351s ]
INFO: [ template_filter ] --END-- [ RunTime:0.000418s ]
INFO: Run Behavior\ParseTemplateBehavior [ RunTime:0.037834s ]
INFO: [ view_parse ] --END-- [ RunTime:0.037905s ]
INFO: [ view_filter ] --START--
INFO: Run Behavior\WriteHtmlCacheBehavior [ RunTime:0.000361s ]
INFO: [ view_filter ] --END-- [ RunTime:0.000415s ]
INFO: [ app_end ] --START--
INFO: Run Behavior\ShowPageTraceBehavior [ RunTime:0.000489s ]
INFO: [ app_end ] --END-- [ RunTime:0.000538s ]

[ 2018-11-07T21:09:27+08:00 ] ::1 /libSys/Index.php?s=/Staff/Index/incomeWeek.html
INFO: [ app_init ] --START--
INFO: Run Behavior\BuildLiteBehavior [ RunTime:0.000022s ]
INFO: [ app_init ] --END-- [ RunTime:0.000135s ]
INFO: [ app_begin ] --START--
INFO: Run Behavior\ReadHtmlCacheBehavior [ RunTime:0.000153s ]
INFO: [ app_begin ] --END-- [ RunTime:0.000256s ]
SQL: SHOW COLUMNS FROM `lib_user` [ RunTime:0.0009s ]
SQL: select * from lib_weekly_income; [ RunTime:0.0003s ]
INFO: [ app_end ] --START--
INFO: Run Behavior\ShowPageTraceBehavior [ RunTime:0.000127s ]
INFO: [ app_end ] --END-- [ RunTime:0.000199s ]

[ 2018-11-07T21:09:27+08:00 ] ::1 /libSys/Index.php?s=/Staff/Index/getBorrowList.html
INFO: [ app_init ] --START--
INFO: Run Behavior\BuildLiteBehavior [ RunTime:0.000022s ]
INFO: [ app_init ] --END-- [ RunTime:0.000129s ]
INFO: [ app_begin ] --START--
INFO: Run Behavior\ReadHtmlCacheBehavior [ RunTime:0.000130s ]
INFO: [ app_begin ] --END-- [ RunTime:0.000374s ]
SQL: SHOW COLUMNS FROM `lib_borrow` [ RunTime:0.0012s ]
SQL: SELECT * FROM lib_borrow join lib_book_unique using(book_id) join lib_book_species using (isbn) join lib_user using (user_id); [ RunTime:0.0011s ]
INFO: [ app_end ] --START--
INFO: Run Behavior\ShowPageTraceBehavior [ RunTime:0.000162s ]
INFO: [ app_end ] --END-- [ RunTime:0.000263s ]

[ 2018-11-07T21:09:27+08:00 ] ::1 /libSys/Index.php?s=/Staff/Index/getBook.html
INFO: [ app_init ] --START--
INFO: Run Behavior\BuildLiteBehavior [ RunTime:0.000025s ]
INFO: [ app_init ] --END-- [ RunTime:0.000151s ]
INFO: [ app_begin ] --START--
INFO: Run Behavior\ReadHtmlCacheBehavior [ RunTime:0.000793s ]
INFO: [ app_begin ] --END-- [ RunTime:0.000878s ]
SQL: SHOW COLUMNS FROM `lib_book_species` [ RunTime:0.0009s ]
SQL: SELECT * FROM lib_book_species as a, 
			        (SELECT COUNT(*) as number, isbn as isbn2 FROM lib_book_unique GROUP BY isbn) AS b 
			        where a.isbn = b.isbn2 ORDER BY species_id DESC LIMIT 0,20; [ RunTime:0.0007s ]
INFO: [ app_end ] --START--
INFO: Run Behavior\ShowPageTraceBehavior [ RunTime:0.000668s ]
INFO: [ app_end ] --END-- [ RunTime:0.000760s ]

[ 2018-11-07T21:09:27+08:00 ] ::1 /libSys/Index.php?s=/Staff/Index/incomeDay.html
INFO: [ app_init ] --START--
INFO: Run Behavior\BuildLiteBehavior [ RunTime:0.000030s ]
INFO: [ app_init ] --END-- [ RunTime:0.000162s ]
INFO: [ app_begin ] --START--
INFO: Run Behavior\ReadHtmlCacheBehavior [ RunTime:0.000644s ]
INFO: [ app_begin ] --END-- [ RunTime:0.000743s ]
SQL: SHOW COLUMNS FROM `lib_user` [ RunTime:0.0009s ]
SQL: select * from lib_daily_income; [ RunTime:0.0006s ]
INFO: [ app_end ] --START--
INFO: Run Behavior\ShowPageTraceBehavior [ RunTime:0.000783s ]
INFO: [ app_end ] --END-- [ RunTime:0.000893s ]

[ 2018-11-07T21:09:27+08:00 ] ::1 /libSys/Index.php?s=/Staff/Index/incomeMonth.html
INFO: [ app_init ] --START--
INFO: Run Behavior\BuildLiteBehavior [ RunTime:0.000017s ]
INFO: [ app_init ] --END-- [ RunTime:0.000093s ]
INFO: [ app_begin ] --START--
INFO: Run Behavior\ReadHtmlCacheBehavior [ RunTime:0.000733s ]
INFO: [ app_begin ] --END-- [ RunTime:0.000827s ]
SQL: SHOW COLUMNS FROM `lib_user` [ RunTime:0.0007s ]
SQL: select * from lib_monthly_income; [ RunTime:0.0003s ]
INFO: [ app_end ] --START--
INFO: Run Behavior\ShowPageTraceBehavior [ RunTime:0.000797s ]
INFO: [ app_end ] --END-- [ RunTime:0.000949s ]

[ 2018-11-07T21:09:27+08:00 ] ::1 /libSys/Index.php?s=/Staff/Index/getBalance.html
INFO: [ app_init ] --START--
INFO: Run Behavior\BuildLiteBehavior [ RunTime:0.000023s ]
INFO: [ app_init ] --END-- [ RunTime:0.000145s ]
INFO: [ app_begin ] --START--
INFO: Run Behavior\ReadHtmlCacheBehavior [ RunTime:0.000715s ]
INFO: [ app_begin ] --END-- [ RunTime:0.000815s ]
SQL: SHOW COLUMNS FROM `lib_setting` [ RunTime:0.0007s ]
SQL: select * from lib_setting  [ RunTime:0.0003s ]
INFO: [ app_end ] --START--
INFO: Run Behavior\ShowPageTraceBehavior [ RunTime:0.000445s ]
INFO: [ app_end ] --END-- [ RunTime:0.000490s ]

[ 2018-11-07T21:09:27+08:00 ] ::1 /libSys/Index.php?s=/Staff/Index/getReturnList.html
INFO: [ app_init ] --START--
INFO: Run Behavior\BuildLiteBehavior [ RunTime:0.000031s ]
INFO: [ app_init ] --END-- [ RunTime:0.000161s ]
INFO: [ app_begin ] --START--
INFO: Run Behavior\ReadHtmlCacheBehavior [ RunTime:0.000151s ]
INFO: [ app_begin ] --END-- [ RunTime:0.000251s ]
SQL: SHOW COLUMNS FROM `lib_return` [ RunTime:0.0007s ]
SQL: SELECT * FROM lib_return join lib_book_unique using(book_id) join lib_book_species using (isbn) join lib_user using (user_id); [ RunTime:0.0008s ]
NOTIC: [8] A non well formed numeric value encountered D:\Applications\wamp64\www\libSys\libSys\Staff\Controller\IndexController.class.php 第 722 行.
NOTIC: [8] A non well formed numeric value encountered D:\Applications\wamp64\www\libSys\libSys\Staff\Controller\IndexController.class.php 第 722 行.
NOTIC: [8] A non well formed numeric value encountered D:\Applications\wamp64\www\libSys\libSys\Staff\Controller\IndexController.class.php 第 722 行.
NOTIC: [8] A non well formed numeric value encountered D:\Applications\wamp64\www\libSys\libSys\Staff\Controller\IndexController.class.php 第 722 行.
NOTIC: [8] A non well formed numeric value encountered D:\Applications\wamp64\www\libSys\libSys\Staff\Controller\IndexController.class.php 第 722 行.
INFO: [ app_end ] --START--
INFO: Run Behavior\ShowPageTraceBehavior [ RunTime:0.000194s ]
INFO: [ app_end ] --END-- [ RunTime:0.000343s ]

[ 2018-11-07T21:09:27+08:00 ] ::1 /libSys/Index.php?s=/Staff/Index/getDeleteList.html
INFO: [ app_init ] --START--
INFO: Run Behavior\BuildLiteBehavior [ RunTime:0.000014s ]
INFO: [ app_init ] --END-- [ RunTime:0.000093s ]
INFO: [ app_begin ] --START--
INFO: Run Behavior\ReadHtmlCacheBehavior [ RunTime:0.000062s ]
INFO: [ app_begin ] --END-- [ RunTime:0.000109s ]
SQL: SHOW COLUMNS FROM `lib_remove` [ RunTime:0.0006s ]
SQL: SELECT * FROM lib_remove join lib_book_unique using(book_id) join lib_book_species using (isbn) Order by remove_time DESC; [ RunTime:0.0014s ]
INFO: [ app_end ] --START--
INFO: Run Behavior\ShowPageTraceBehavior [ RunTime:0.000087s ]
INFO: [ app_end ] --END-- [ RunTime:0.000133s ]

[ 2018-11-07T21:09:27+08:00 ] ::1 /libSys/Index.php?s=/Staff/Index/getUser.html
INFO: [ app_init ] --START--
INFO: Run Behavior\BuildLiteBehavior [ RunTime:0.000013s ]
INFO: [ app_init ] --END-- [ RunTime:0.000119s ]
INFO: [ app_begin ] --START--
INFO: Run Behavior\ReadHtmlCacheBehavior [ RunTime:0.000059s ]
INFO: [ app_begin ] --END-- [ RunTime:0.000101s ]
SQL: SHOW COLUMNS FROM `lib_user` [ RunTime:0.0011s ]
SQL: select * from lib_user [ RunTime:0.0003s ]
INFO: [ app_end ] --START--
INFO: Run Behavior\ShowPageTraceBehavior [ RunTime:0.000081s ]
INFO: [ app_end ] --END-- [ RunTime:0.000122s ]

[ 2018-11-07T21:09:27+08:00 ] ::1 /libSys/Index.php?s=/Staff/Index/getNotice.html
INFO: [ app_init ] --START--
INFO: Run Behavior\BuildLiteBehavior [ RunTime:0.000016s ]
INFO: [ app_init ] --END-- [ RunTime:0.000103s ]
INFO: [ app_begin ] --START--
INFO: Run Behavior\ReadHtmlCacheBehavior [ RunTime:0.000068s ]
INFO: [ app_begin ] --END-- [ RunTime:0.000119s ]
SQL: SHOW COLUMNS FROM `lib_notice` [ RunTime:0.0006s ]
SQL: select * from lib_notice [ RunTime:0.0002s ]
INFO: [ app_end ] --START--
INFO: Run Behavior\ShowPageTraceBehavior [ RunTime:0.000162s ]
INFO: [ app_end ] --END-- [ RunTime:0.000267s ]

[ 2018-11-07T21:09:27+08:00 ] ::1 /libSys/Index.php?s=/Staff/Index/getInfo.html
INFO: [ app_init ] --START--
INFO: Run Behavior\BuildLiteBehavior [ RunTime:0.000033s ]
INFO: [ app_init ] --END-- [ RunTime:0.000199s ]
INFO: [ app_begin ] --START--
INFO: Run Behavior\ReadHtmlCacheBehavior [ RunTime:0.000087s ]
INFO: [ app_begin ] --END-- [ RunTime:0.000183s ]
SQL: SHOW COLUMNS FROM `lib_staff` [ RunTime:0.0007s ]
SQL: select * from lib_staff where staff_id = '2016303120' [ RunTime:0.0003s ]
INFO: [ app_end ] --START--
INFO: Run Behavior\ShowPageTraceBehavior [ RunTime:0.000118s ]
INFO: [ app_end ] --END-- [ RunTime:0.000169s ]

[ 2018-11-07T21:09:27+08:00 ] ::1 /libSys/Index.php?s=/Staff/Index/getDate.html
INFO: [ app_init ] --START--
INFO: Run Behavior\BuildLiteBehavior [ RunTime:0.000023s ]
INFO: [ app_init ] --END-- [ RunTime:0.000147s ]
INFO: [ app_begin ] --START--
INFO: Run Behavior\ReadHtmlCacheBehavior [ RunTime:0.000127s ]
INFO: [ app_begin ] --END-- [ RunTime:0.000227s ]
INFO: [ app_end ] --START--
INFO: Run Behavior\ShowPageTraceBehavior [ RunTime:0.000129s ]
INFO: [ app_end ] --END-- [ RunTime:0.000225s ]

[ 2018-11-07T21:09:27+08:00 ] ::1 /libSys/Index.php?s=/Staff/Index/getCategoryList.html
INFO: [ app_init ] --START--
INFO: Run Behavior\BuildLiteBehavior [ RunTime:0.000015s ]
INFO: [ app_init ] --END-- [ RunTime:0.000099s ]
INFO: [ app_begin ] --START--
INFO: Run Behavior\ReadHtmlCacheBehavior [ RunTime:0.000069s ]
INFO: [ app_begin ] --END-- [ RunTime:0.000117s ]
SQL: SHOW COLUMNS FROM `lib_category` [ RunTime:0.0006s ]
SQL: SELECT * FROM lib_category; [ RunTime:0.0002s ]
INFO: [ app_end ] --START--
INFO: Run Behavior\ShowPageTraceBehavior [ RunTime:0.000120s ]
INFO: [ app_end ] --END-- [ RunTime:0.000164s ]

[ 2018-11-07T21:09:27+08:00 ] ::1 /libSys/Index.php?s=/Staff/Index/getLocationList.html
INFO: [ app_init ] --START--
INFO: Run Behavior\BuildLiteBehavior [ RunTime:0.000023s ]
INFO: [ app_init ] --END-- [ RunTime:0.000140s ]
INFO: [ app_begin ] --START--
INFO: Run Behavior\ReadHtmlCacheBehavior [ RunTime:0.000129s ]
INFO: [ app_begin ] --END-- [ RunTime:0.000204s ]
SQL: SHOW COLUMNS FROM `lib_location` [ RunTime:0.0006s ]
SQL: SELECT * FROM lib_location; [ RunTime:0.0002s ]
INFO: [ app_end ] --START--
INFO: Run Behavior\ShowPageTraceBehavior [ RunTime:0.000099s ]
INFO: [ app_end ] --END-- [ RunTime:0.000142s ]

[ 2018-11-07T21:19:35+08:00 ] ::1 /libSys/Index.php?s=/Staff/Index/home.html
INFO: [ app_init ] --START--
INFO: Run Behavior\BuildLiteBehavior [ RunTime:0.000020s ]
INFO: [ app_init ] --END-- [ RunTime:0.000258s ]
INFO: [ app_begin ] --START--
INFO: Run Behavior\ReadHtmlCacheBehavior [ RunTime:0.000665s ]
INFO: [ app_begin ] --END-- [ RunTime:0.000770s ]
INFO: [ view_parse ] --START--
INFO: [ template_filter ] --START--
INFO: Run Behavior\ContentReplaceBehavior [ RunTime:0.000310s ]
INFO: [ template_filter ] --END-- [ RunTime:0.000373s ]
INFO: Run Behavior\ParseTemplateBehavior [ RunTime:0.039146s ]
INFO: [ view_parse ] --END-- [ RunTime:0.039271s ]
INFO: [ view_filter ] --START--
INFO: Run Behavior\WriteHtmlCacheBehavior [ RunTime:0.000357s ]
INFO: [ view_filter ] --END-- [ RunTime:0.000409s ]
INFO: [ app_end ] --START--
INFO: Run Behavior\ShowPageTraceBehavior [ RunTime:0.000467s ]
INFO: [ app_end ] --END-- [ RunTime:0.000517s ]

[ 2018-11-07T21:19:35+08:00 ] ::1 /libSys/Index.php?s=/Staff/Index/incomeWeek.html
INFO: [ app_init ] --START--
INFO: Run Behavior\BuildLiteBehavior [ RunTime:0.000029s ]
INFO: [ app_init ] --END-- [ RunTime:0.000178s ]
INFO: [ app_begin ] --START--
INFO: Run Behavior\ReadHtmlCacheBehavior [ RunTime:0.000121s ]
INFO: [ app_begin ] --END-- [ RunTime:0.000210s ]
SQL: SHOW COLUMNS FROM `lib_user` [ RunTime:0.0009s ]
SQL: select * from lib_weekly_income; [ RunTime:0.0003s ]
INFO: [ app_end ] --START--
INFO: Run Behavior\ShowPageTraceBehavior [ RunTime:0.000116s ]
INFO: [ app_end ] --END-- [ RunTime:0.000201s ]

[ 2018-11-07T21:19:35+08:00 ] ::1 /libSys/Index.php?s=/Staff/Index/getBook.html
INFO: [ app_init ] --START--
INFO: Run Behavior\BuildLiteBehavior [ RunTime:0.000026s ]
INFO: [ app_init ] --END-- [ RunTime:0.000149s ]
INFO: [ app_begin ] --START--
INFO: Run Behavior\ReadHtmlCacheBehavior [ RunTime:0.000725s ]
INFO: [ app_begin ] --END-- [ RunTime:0.000826s ]
SQL: SHOW COLUMNS FROM `lib_book_species` [ RunTime:0.0008s ]
SQL: SELECT * FROM lib_book_species as a, 
			        (SELECT COUNT(*) as number, isbn as isbn2 FROM lib_book_unique 
					where book_id not in(select book_id from lib_remove) GROUP BY isbn) AS b 
			        where a.isbn = b.isbn2 ORDER BY species_id DESC LIMIT 0,20; [ RunTime:0.0012s ]
INFO: [ app_end ] --START--
INFO: Run Behavior\ShowPageTraceBehavior [ RunTime:0.000557s ]
INFO: [ app_end ] --END-- [ RunTime:0.000607s ]

[ 2018-11-07T21:19:35+08:00 ] ::1 /libSys/Index.php?s=/Staff/Index/incomeDay.html
INFO: [ app_init ] --START--
INFO: Run Behavior\BuildLiteBehavior [ RunTime:0.000021s ]
INFO: [ app_init ] --END-- [ RunTime:0.000139s ]
INFO: [ app_begin ] --START--
INFO: Run Behavior\ReadHtmlCacheBehavior [ RunTime:0.000718s ]
INFO: [ app_begin ] --END-- [ RunTime:0.000827s ]
SQL: SHOW COLUMNS FROM `lib_user` [ RunTime:0.0006s ]
SQL: select * from lib_daily_income; [ RunTime:0.0007s ]
INFO: [ app_end ] --START--
INFO: Run Behavior\ShowPageTraceBehavior [ RunTime:0.000541s ]
INFO: [ app_end ] --END-- [ RunTime:0.000699s ]

[ 2018-11-07T21:19:35+08:00 ] ::1 /libSys/Index.php?s=/Staff/Index/getUser.html
INFO: [ app_init ] --START--
INFO: Run Behavior\BuildLiteBehavior [ RunTime:0.000028s ]
INFO: [ app_init ] --END-- [ RunTime:0.000163s ]
INFO: [ app_begin ] --START--
INFO: Run Behavior\ReadHtmlCacheBehavior [ RunTime:0.000574s ]
INFO: [ app_begin ] --END-- [ RunTime:0.000648s ]
SQL: SHOW COLUMNS FROM `lib_user` [ RunTime:0.0007s ]
SQL: select * from lib_user [ RunTime:0.0003s ]
INFO: [ app_end ] --START--
INFO: Run Behavior\ShowPageTraceBehavior [ RunTime:0.000481s ]
INFO: [ app_end ] --END-- [ RunTime:0.000531s ]

[ 2018-11-07T21:19:35+08:00 ] ::1 /libSys/Index.php?s=/Staff/Index/getBorrowList.html
INFO: [ app_init ] --START--
INFO: Run Behavior\BuildLiteBehavior [ RunTime:0.000014s ]
INFO: [ app_init ] --END-- [ RunTime:0.000097s ]
INFO: [ app_begin ] --START--
INFO: Run Behavior\ReadHtmlCacheBehavior [ RunTime:0.000483s ]
INFO: [ app_begin ] --END-- [ RunTime:0.000554s ]
SQL: SHOW COLUMNS FROM `lib_borrow` [ RunTime:0.0006s ]
SQL: SELECT * FROM lib_borrow join lib_book_unique using(book_id) join lib_book_species using (isbn) join lib_user using (user_id); [ RunTime:0.0008s ]
INFO: [ app_end ] --START--
INFO: Run Behavior\ShowPageTraceBehavior [ RunTime:0.000523s ]
INFO: [ app_end ] --END-- [ RunTime:0.000589s ]

[ 2018-11-07T21:19:35+08:00 ] ::1 /libSys/Index.php?s=/Staff/Index/incomeMonth.html
INFO: [ app_init ] --START--
INFO: Run Behavior\BuildLiteBehavior [ RunTime:0.000021s ]
INFO: [ app_init ] --END-- [ RunTime:0.000140s ]
INFO: [ app_begin ] --START--
INFO: Run Behavior\ReadHtmlCacheBehavior [ RunTime:0.000693s ]
INFO: [ app_begin ] --END-- [ RunTime:0.000789s ]
SQL: SHOW COLUMNS FROM `lib_user` [ RunTime:0.0008s ]
SQL: select * from lib_monthly_income; [ RunTime:0.0003s ]
INFO: [ app_end ] --START--
INFO: Run Behavior\ShowPageTraceBehavior [ RunTime:0.000576s ]
INFO: [ app_end ] --END-- [ RunTime:0.000624s ]

[ 2018-11-07T21:19:35+08:00 ] ::1 /libSys/Index.php?s=/Staff/Index/getNotice.html
INFO: [ app_init ] --START--
INFO: Run Behavior\BuildLiteBehavior [ RunTime:0.000019s ]
INFO: [ app_init ] --END-- [ RunTime:0.000270s ]
INFO: [ app_begin ] --START--
INFO: Run Behavior\ReadHtmlCacheBehavior [ RunTime:0.000160s ]
INFO: [ app_begin ] --END-- [ RunTime:0.000282s ]
SQL: SHOW COLUMNS FROM `lib_notice` [ RunTime:0.0006s ]
SQL: select * from lib_notice [ RunTime:0.0003s ]
INFO: [ app_end ] --START--
INFO: Run Behavior\ShowPageTraceBehavior [ RunTime:0.000079s ]
INFO: [ app_end ] --END-- [ RunTime:0.000121s ]

[ 2018-11-07T21:19:35+08:00 ] ::1 /libSys/Index.php?s=/Staff/Index/getBalance.html
INFO: [ app_init ] --START--
INFO: Run Behavior\BuildLiteBehavior [ RunTime:0.000013s ]
INFO: [ app_init ] --END-- [ RunTime:0.000077s ]
INFO: [ app_begin ] --START--
INFO: Run Behavior\ReadHtmlCacheBehavior [ RunTime:0.000071s ]
INFO: [ app_begin ] --END-- [ RunTime:0.000115s ]
SQL: SHOW COLUMNS FROM `lib_setting` [ RunTime:0.0007s ]
SQL: select * from lib_setting  [ RunTime:0.0003s ]
INFO: [ app_end ] --START--
INFO: Run Behavior\ShowPageTraceBehavior [ RunTime:0.000131s ]
INFO: [ app_end ] --END-- [ RunTime:0.000224s ]

[ 2018-11-07T21:19:35+08:00 ] ::1 /libSys/Index.php?s=/Staff/Index/getReturnList.html
INFO: [ app_init ] --START--
INFO: Run Behavior\BuildLiteBehavior [ RunTime:0.000015s ]
INFO: [ app_init ] --END-- [ RunTime:0.000085s ]
INFO: [ app_begin ] --START--
INFO: Run Behavior\ReadHtmlCacheBehavior [ RunTime:0.000155s ]
INFO: [ app_begin ] --END-- [ RunTime:0.000279s ]
SQL: SHOW COLUMNS FROM `lib_return` [ RunTime:0.0007s ]
SQL: SELECT * FROM lib_return join lib_book_unique using(book_id) join lib_book_species using (isbn) join lib_user using (user_id); [ RunTime:0.0008s ]
NOTIC: [8] A non well formed numeric value encountered D:\Applications\wamp64\www\libSys\libSys\Staff\Controller\IndexController.class.php 第 696 行.
NOTIC: [8] A non well formed numeric value encountered D:\Applications\wamp64\www\libSys\libSys\Staff\Controller\IndexController.class.php 第 696 行.
NOTIC: [8] A non well formed numeric value encountered D:\Applications\wamp64\www\libSys\libSys\Staff\Controller\IndexController.class.php 第 696 行.
NOTIC: [8] A non well formed numeric value encountered D:\Applications\wamp64\www\libSys\libSys\Staff\Controller\IndexController.class.php 第 696 行.
NOTIC: [8] A non well formed numeric value encountered D:\Applications\wamp64\www\libSys\libSys\Staff\Controller\IndexController.class.php 第 696 行.
INFO: [ app_end ] --START--
INFO: Run Behavior\ShowPageTraceBehavior [ RunTime:0.000115s ]
INFO: [ app_end ] --END-- [ RunTime:0.000203s ]

[ 2018-11-07T21:19:35+08:00 ] ::1 /libSys/Index.php?s=/Staff/Index/getDeleteList.html
INFO: [ app_init ] --START--
INFO: Run Behavior\BuildLiteBehavior [ RunTime:0.000025s ]
INFO: [ app_init ] --END-- [ RunTime:0.000148s ]
INFO: [ app_begin ] --START--
INFO: Run Behavior\ReadHtmlCacheBehavior [ RunTime:0.000154s ]
INFO: [ app_begin ] --END-- [ RunTime:0.000324s ]
SQL: SHOW COLUMNS FROM `lib_remove` [ RunTime:0.0006s ]
SQL: SELECT * FROM lib_remove join lib_book_unique using(book_id) join lib_book_species using (isbn) Order by remove_time DESC; [ RunTime:0.0010s ]
INFO: [ app_end ] --START--
INFO: Run Behavior\ShowPageTraceBehavior [ RunTime:0.000177s ]
INFO: [ app_end ] --END-- [ RunTime:0.000281s ]

[ 2018-11-07T21:19:35+08:00 ] ::1 /libSys/Index.php?s=/Staff/Index/getInfo.html
INFO: [ app_init ] --START--
INFO: Run Behavior\BuildLiteBehavior [ RunTime:0.000015s ]
INFO: [ app_init ] --END-- [ RunTime:0.000090s ]
INFO: [ app_begin ] --START--
INFO: Run Behavior\ReadHtmlCacheBehavior [ RunTime:0.000112s ]
INFO: [ app_begin ] --END-- [ RunTime:0.000198s ]
SQL: SHOW COLUMNS FROM `lib_staff` [ RunTime:0.0008s ]
SQL: select * from lib_staff where staff_id = '2016303120' [ RunTime:0.0002s ]
INFO: [ app_end ] --START--
INFO: Run Behavior\ShowPageTraceBehavior [ RunTime:0.000103s ]
INFO: [ app_end ] --END-- [ RunTime:0.000145s ]

[ 2018-11-07T21:19:35+08:00 ] ::1 /libSys/Index.php?s=/Staff/Index/getDate.html
INFO: [ app_init ] --START--
INFO: Run Behavior\BuildLiteBehavior [ RunTime:0.000043s ]
INFO: [ app_init ] --END-- [ RunTime:0.000182s ]
INFO: [ app_begin ] --START--
INFO: Run Behavior\ReadHtmlCacheBehavior [ RunTime:0.000287s ]
INFO: [ app_begin ] --END-- [ RunTime:0.000386s ]
INFO: [ app_end ] --START--
INFO: Run Behavior\ShowPageTraceBehavior [ RunTime:0.000175s ]
INFO: [ app_end ] --END-- [ RunTime:0.000272s ]

[ 2018-11-07T21:19:35+08:00 ] ::1 /libSys/Index.php?s=/Staff/Index/getCategoryList.html
INFO: [ app_init ] --START--
INFO: Run Behavior\BuildLiteBehavior [ RunTime:0.000019s ]
INFO: [ app_init ] --END-- [ RunTime:0.000101s ]
INFO: [ app_begin ] --START--
INFO: Run Behavior\ReadHtmlCacheBehavior [ RunTime:0.000151s ]
INFO: [ app_begin ] --END-- [ RunTime:0.000212s ]
SQL: SHOW COLUMNS FROM `lib_category` [ RunTime:0.0005s ]
SQL: SELECT * FROM lib_category; [ RunTime:0.0003s ]
INFO: [ app_end ] --START--
INFO: Run Behavior\ShowPageTraceBehavior [ RunTime:0.000233s ]
INFO: [ app_end ] --END-- [ RunTime:0.000318s ]

[ 2018-11-07T21:19:35+08:00 ] ::1 /libSys/Index.php?s=/Staff/Index/getLocationList.html
INFO: [ app_init ] --START--
INFO: Run Behavior\BuildLiteBehavior [ RunTime:0.000018s ]
INFO: [ app_init ] --END-- [ RunTime:0.000157s ]
INFO: [ app_begin ] --START--
INFO: Run Behavior\ReadHtmlCacheBehavior [ RunTime:0.000132s ]
INFO: [ app_begin ] --END-- [ RunTime:0.000211s ]
SQL: SHOW COLUMNS FROM `lib_location` [ RunTime:0.0006s ]
SQL: SELECT * FROM lib_location; [ RunTime:0.0002s ]
INFO: [ app_end ] --START--
INFO: Run Behavior\ShowPageTraceBehavior [ RunTime:0.000178s ]
INFO: [ app_end ] --END-- [ RunTime:0.000286s ]

[ 2018-11-07T21:20:53+08:00 ] ::1 /libSys/Index.php?s=/Staff/Index/home.html
INFO: [ app_init ] --START--
INFO: Run Behavior\BuildLiteBehavior [ RunTime:0.000015s ]
INFO: [ app_init ] --END-- [ RunTime:0.000246s ]
INFO: [ app_begin ] --START--
INFO: Run Behavior\ReadHtmlCacheBehavior [ RunTime:0.000068s ]
INFO: [ app_begin ] --END-- [ RunTime:0.000116s ]
INFO: [ view_parse ] --START--
INFO: [ template_filter ] --START--
INFO: Run Behavior\ContentReplaceBehavior [ RunTime:0.000352s ]
INFO: [ template_filter ] --END-- [ RunTime:0.000437s ]
INFO: Run Behavior\ParseTemplateBehavior [ RunTime:0.038992s ]
INFO: [ view_parse ] --END-- [ RunTime:0.039057s ]
INFO: [ view_filter ] --START--
INFO: Run Behavior\WriteHtmlCacheBehavior [ RunTime:0.000336s ]
INFO: [ view_filter ] --END-- [ RunTime:0.000385s ]
INFO: [ app_end ] --START--
INFO: Run Behavior\ShowPageTraceBehavior [ RunTime:0.000132s ]
INFO: [ app_end ] --END-- [ RunTime:0.000214s ]

[ 2018-11-07T21:20:53+08:00 ] ::1 /libSys/Index.php?s=/Staff/Index/getBook.html
INFO: [ app_init ] --START--
INFO: Run Behavior\BuildLiteBehavior [ RunTime:0.000032s ]
INFO: [ app_init ] --END-- [ RunTime:0.000283s ]
INFO: [ app_begin ] --START--
INFO: Run Behavior\ReadHtmlCacheBehavior [ RunTime:0.000109s ]
INFO: [ app_begin ] --END-- [ RunTime:0.000188s ]
SQL: SHOW COLUMNS FROM `lib_book_species` [ RunTime:0.0009s ]
SQL: SELECT * FROM lib_book_species as a, 
			        (SELECT COUNT(*) as number, isbn as isbn2 FROM lib_book_unique 
					where book_id not in(select book_id from lib_remove) GROUP BY isbn) AS b 
			        where a.isbn = b.isbn2 ORDER BY species_id DESC LIMIT 0,20; [ RunTime:0.0019s ]
INFO: [ app_end ] --START--
INFO: Run Behavior\ShowPageTraceBehavior [ RunTime:0.000168s ]
INFO: [ app_end ] --END-- [ RunTime:0.000279s ]

[ 2018-11-07T21:20:53+08:00 ] ::1 /libSys/Index.php?s=/Staff/Index/incomeDay.html
INFO: [ app_init ] --START--
INFO: Run Behavior\BuildLiteBehavior [ RunTime:0.000025s ]
INFO: [ app_init ] --END-- [ RunTime:0.000153s ]
INFO: [ app_begin ] --START--
INFO: Run Behavior\ReadHtmlCacheBehavior [ RunTime:0.000128s ]
INFO: [ app_begin ] --END-- [ RunTime:0.000201s ]
SQL: SHOW COLUMNS FROM `lib_user` [ RunTime:0.0007s ]
SQL: select * from lib_daily_income; [ RunTime:0.0003s ]
INFO: [ app_end ] --START--
INFO: Run Behavior\ShowPageTraceBehavior [ RunTime:0.000080s ]
INFO: [ app_end ] --END-- [ RunTime:0.000134s ]

[ 2018-11-07T21:20:53+08:00 ] ::1 /libSys/Index.php?s=/Staff/Index/incomeWeek.html
INFO: [ app_init ] --START--
INFO: Run Behavior\BuildLiteBehavior [ RunTime:0.000030s ]
INFO: [ app_init ] --END-- [ RunTime:0.000151s ]
INFO: [ app_begin ] --START--
INFO: Run Behavior\ReadHtmlCacheBehavior [ RunTime:0.000115s ]
INFO: [ app_begin ] --END-- [ RunTime:0.000201s ]
SQL: SHOW COLUMNS FROM `lib_user` [ RunTime:0.0008s ]
SQL: select * from lib_weekly_income; [ RunTime:0.0003s ]
INFO: [ app_end ] --START--
INFO: Run Behavior\ShowPageTraceBehavior [ RunTime:0.000103s ]
INFO: [ app_end ] --END-- [ RunTime:0.000170s ]

[ 2018-11-07T21:20:53+08:00 ] ::1 /libSys/Index.php?s=/Staff/Index/incomeMonth.html
INFO: [ app_init ] --START--
INFO: Run Behavior\BuildLiteBehavior [ RunTime:0.000037s ]
INFO: [ app_init ] --END-- [ RunTime:0.000200s ]
INFO: [ app_begin ] --START--
INFO: Run Behavior\ReadHtmlCacheBehavior [ RunTime:0.000112s ]
INFO: [ app_begin ] --END-- [ RunTime:0.000211s ]
SQL: SHOW COLUMNS FROM `lib_user` [ RunTime:0.0006s ]
SQL: select * from lib_monthly_income; [ RunTime:0.0002s ]
INFO: [ app_end ] --START--
INFO: Run Behavior\ShowPageTraceBehavior [ RunTime:0.000088s ]
INFO: [ app_end ] --END-- [ RunTime:0.000131s ]

[ 2018-11-07T21:20:53+08:00 ] ::1 /libSys/Index.php?s=/Staff/Index/getBorrowList.html
INFO: [ app_init ] --START--
INFO: Run Behavior\BuildLiteBehavior [ RunTime:0.000015s ]
INFO: [ app_init ] --END-- [ RunTime:0.000088s ]
INFO: [ app_begin ] --START--
INFO: Run Behavior\ReadHtmlCacheBehavior [ RunTime:0.000091s ]
INFO: [ app_begin ] --END-- [ RunTime:0.000163s ]
SQL: SHOW COLUMNS FROM `lib_borrow` [ RunTime:0.0009s ]
SQL: SELECT * FROM lib_borrow join lib_book_unique using(book_id) join lib_book_species using (isbn) join lib_user using (user_id); [ RunTime:0.0008s ]
INFO: [ app_end ] --START--
INFO: Run Behavior\ShowPageTraceBehavior [ RunTime:0.000121s ]
INFO: [ app_end ] --END-- [ RunTime:0.000170s ]

[ 2018-11-07T21:20:53+08:00 ] ::1 /libSys/Index.php?s=/Staff/Index/getUser.html
INFO: [ app_init ] --START--
INFO: Run Behavior\BuildLiteBehavior [ RunTime:0.000029s ]
INFO: [ app_init ] --END-- [ RunTime:0.000155s ]
INFO: [ app_begin ] --START--
INFO: Run Behavior\ReadHtmlCacheBehavior [ RunTime:0.000082s ]
INFO: [ app_begin ] --END-- [ RunTime:0.000158s ]
SQL: SHOW COLUMNS FROM `lib_user` [ RunTime:0.0005s ]
SQL: select * from lib_user [ RunTime:0.0002s ]
INFO: [ app_end ] --START--
INFO: Run Behavior\ShowPageTraceBehavior [ RunTime:0.000075s ]
INFO: [ app_end ] --END-- [ RunTime:0.000114s ]

[ 2018-11-07T21:20:53+08:00 ] ::1 /libSys/Index.php?s=/Staff/Index/getNotice.html
INFO: [ app_init ] --START--
INFO: Run Behavior\BuildLiteBehavior [ RunTime:0.000021s ]
INFO: [ app_init ] --END-- [ RunTime:0.000163s ]
INFO: [ app_begin ] --START--
INFO: Run Behavior\ReadHtmlCacheBehavior [ RunTime:0.000076s ]
INFO: [ app_begin ] --END-- [ RunTime:0.000120s ]
SQL: SHOW COLUMNS FROM `lib_notice` [ RunTime:0.0006s ]
SQL: select * from lib_notice [ RunTime:0.0002s ]
INFO: [ app_end ] --START--
INFO: Run Behavior\ShowPageTraceBehavior [ RunTime:0.000076s ]
INFO: [ app_end ] --END-- [ RunTime:0.000116s ]

[ 2018-11-07T21:20:53+08:00 ] ::1 /libSys/Index.php?s=/Staff/Index/getBalance.html
INFO: [ app_init ] --START--
INFO: Run Behavior\BuildLiteBehavior [ RunTime:0.000021s ]
INFO: [ app_init ] --END-- [ RunTime:0.000135s ]
INFO: [ app_begin ] --START--
INFO: Run Behavior\ReadHtmlCacheBehavior [ RunTime:0.000107s ]
INFO: [ app_begin ] --END-- [ RunTime:0.000172s ]
SQL: SHOW COLUMNS FROM `lib_setting` [ RunTime:0.0006s ]
SQL: select * from lib_setting  [ RunTime:0.0002s ]
INFO: [ app_end ] --START--
INFO: Run Behavior\ShowPageTraceBehavior [ RunTime:0.000125s ]
INFO: [ app_end ] --END-- [ RunTime:0.000202s ]

[ 2018-11-07T21:20:53+08:00 ] ::1 /libSys/Index.php?s=/Staff/Index/getReturnList.html
INFO: [ app_init ] --START--
INFO: Run Behavior\BuildLiteBehavior [ RunTime:0.000043s ]
INFO: [ app_init ] --END-- [ RunTime:0.000249s ]
INFO: [ app_begin ] --START--
INFO: Run Behavior\ReadHtmlCacheBehavior [ RunTime:0.000183s ]
INFO: [ app_begin ] --END-- [ RunTime:0.000311s ]
SQL: SHOW COLUMNS FROM `lib_return` [ RunTime:0.0006s ]
SQL: SELECT * FROM lib_return join lib_book_unique using(book_id) join lib_book_species using (isbn) join lib_user using (user_id); [ RunTime:0.0008s ]
NOTIC: [8] A non well formed numeric value encountered D:\Applications\wamp64\www\libSys\libSys\Staff\Controller\IndexController.class.php 第 697 行.
NOTIC: [8] A non well formed numeric value encountered D:\Applications\wamp64\www\libSys\libSys\Staff\Controller\IndexController.class.php 第 697 行.
NOTIC: [8] A non well formed numeric value encountered D:\Applications\wamp64\www\libSys\libSys\Staff\Controller\IndexController.class.php 第 697 行.
NOTIC: [8] A non well formed numeric value encountered D:\Applications\wamp64\www\libSys\libSys\Staff\Controller\IndexController.class.php 第 697 行.
NOTIC: [8] A non well formed numeric value encountered D:\Applications\wamp64\www\libSys\libSys\Staff\Controller\IndexController.class.php 第 697 行.
INFO: [ app_end ] --START--
INFO: Run Behavior\ShowPageTraceBehavior [ RunTime:0.000177s ]
INFO: [ app_end ] --END-- [ RunTime:0.000257s ]

[ 2018-11-07T21:20:53+08:00 ] ::1 /libSys/Index.php?s=/Staff/Index/getDeleteList.html
INFO: [ app_init ] --START--
INFO: Run Behavior\BuildLiteBehavior [ RunTime:0.000019s ]
INFO: [ app_init ] --END-- [ RunTime:0.000097s ]
INFO: [ app_begin ] --START--
INFO: Run Behavior\ReadHtmlCacheBehavior [ RunTime:0.000080s ]
INFO: [ app_begin ] --END-- [ RunTime:0.000136s ]
SQL: SHOW COLUMNS FROM `lib_remove` [ RunTime:0.0006s ]
SQL: SELECT * FROM lib_remove join lib_book_unique using(book_id) join lib_book_species using (isbn) Order by remove_time DESC; [ RunTime:0.0009s ]
INFO: [ app_end ] --START--
INFO: Run Behavior\ShowPageTraceBehavior [ RunTime:0.000117s ]
INFO: [ app_end ] --END-- [ RunTime:0.000169s ]

[ 2018-11-07T21:20:53+08:00 ] ::1 /libSys/Index.php?s=/Staff/Index/getInfo.html
INFO: [ app_init ] --START--
INFO: Run Behavior\BuildLiteBehavior [ RunTime:0.000044s ]
INFO: [ app_init ] --END-- [ RunTime:0.000266s ]
INFO: [ app_begin ] --START--
INFO: Run Behavior\ReadHtmlCacheBehavior [ RunTime:0.000065s ]
INFO: [ app_begin ] --END-- [ RunTime:0.000118s ]
SQL: SHOW COLUMNS FROM `lib_staff` [ RunTime:0.0007s ]
SQL: select * from lib_staff where staff_id = '2016303120' [ RunTime:0.0003s ]
INFO: [ app_end ] --START--
INFO: Run Behavior\ShowPageTraceBehavior [ RunTime:0.000107s ]
INFO: [ app_end ] --END-- [ RunTime:0.000149s ]

[ 2018-11-07T21:20:53+08:00 ] ::1 /libSys/Index.php?s=/Staff/Index/getDate.html
INFO: [ app_init ] --START--
INFO: Run Behavior\BuildLiteBehavior [ RunTime:0.000014s ]
INFO: [ app_init ] --END-- [ RunTime:0.000075s ]
INFO: [ app_begin ] --START--
INFO: Run Behavior\ReadHtmlCacheBehavior [ RunTime:0.000059s ]
INFO: [ app_begin ] --END-- [ RunTime:0.000103s ]
INFO: [ app_end ] --START--
INFO: Run Behavior\ShowPageTraceBehavior [ RunTime:0.000126s ]
INFO: [ app_end ] --END-- [ RunTime:0.000196s ]

[ 2018-11-07T21:20:53+08:00 ] ::1 /libSys/Index.php?s=/Staff/Index/getCategoryList.html
INFO: [ app_init ] --START--
INFO: Run Behavior\BuildLiteBehavior [ RunTime:0.000040s ]
INFO: [ app_init ] --END-- [ RunTime:0.000245s ]
INFO: [ app_begin ] --START--
INFO: Run Behavior\ReadHtmlCacheBehavior [ RunTime:0.000148s ]
INFO: [ app_begin ] --END-- [ RunTime:0.000296s ]
SQL: SHOW COLUMNS FROM `lib_category` [ RunTime:0.0006s ]
SQL: SELECT * FROM lib_category; [ RunTime:0.0003s ]
INFO: [ app_end ] --START--
INFO: Run Behavior\ShowPageTraceBehavior [ RunTime:0.000105s ]
INFO: [ app_end ] --END-- [ RunTime:0.000149s ]

[ 2018-11-07T21:20:53+08:00 ] ::1 /libSys/Index.php?s=/Staff/Index/getLocationList.html
INFO: [ app_init ] --START--
INFO: Run Behavior\BuildLiteBehavior [ RunTime:0.000016s ]
INFO: [ app_init ] --END-- [ RunTime:0.000106s ]
INFO: [ app_begin ] --START--
INFO: Run Behavior\ReadHtmlCacheBehavior [ RunTime:0.000121s ]
INFO: [ app_begin ] --END-- [ RunTime:0.000169s ]
SQL: SHOW COLUMNS FROM `lib_location` [ RunTime:0.0006s ]
SQL: SELECT * FROM lib_location; [ RunTime:0.0002s ]
INFO: [ app_end ] --START--
INFO: Run Behavior\ShowPageTraceBehavior [ RunTime:0.000151s ]
INFO: [ app_end ] --END-- [ RunTime:0.000231s ]

[ 2018-11-07T21:20:55+08:00 ] ::1 /libSys/Index.php?s=/Staff/Index/viewBookId.html
INFO: [ app_init ] --START--
INFO: Run Behavior\BuildLiteBehavior [ RunTime:0.000014s ]
INFO: [ app_init ] --END-- [ RunTime:0.000083s ]
INFO: [ app_begin ] --START--
INFO: Run Behavior\ReadHtmlCacheBehavior [ RunTime:0.000272s ]
INFO: [ app_begin ] --END-- [ RunTime:0.000366s ]
SQL: SHOW COLUMNS FROM `lib_book_species` [ RunTime:0.0007s ]
SQL: SELECT book_id FROM lib_book_unique where isbn = '9787121253317' and
					book_id not in (select book_id from lib_borrow); [ RunTime:0.0006s ]
INFO: [ app_end ] --START--
INFO: Run Behavior\ShowPageTraceBehavior [ RunTime:0.000344s ]
INFO: [ app_end ] --END-- [ RunTime:0.000389s ]

[ 2018-11-07T21:20:55+08:00 ] ::1 /libSys/Index.php?s=/Staff/Index/viewbarcode.html
INFO: [ app_init ] --START--
INFO: Run Behavior\BuildLiteBehavior [ RunTime:0.000017s ]
INFO: [ app_init ] --END-- [ RunTime:0.000096s ]
INFO: [ app_begin ] --START--
INFO: Run Behavior\ReadHtmlCacheBehavior [ RunTime:0.000346s ]
INFO: [ app_begin ] --END-- [ RunTime:0.000445s ]
INFO: [ view_parse ] --START--
INFO: [ template_filter ] --START--
INFO: Run Behavior\ContentReplaceBehavior [ RunTime:0.000080s ]
INFO: [ template_filter ] --END-- [ RunTime:0.000167s ]
INFO: Run Behavior\ParseTemplateBehavior [ RunTime:0.034946s ]
INFO: [ view_parse ] --END-- [ RunTime:0.035037s ]
INFO: [ view_filter ] --START--
INFO: Run Behavior\WriteHtmlCacheBehavior [ RunTime:0.000754s ]
INFO: [ view_filter ] --END-- [ RunTime:0.000828s ]
INFO: [ app_end ] --START--
INFO: Run Behavior\ShowPageTraceBehavior [ RunTime:0.000428s ]
INFO: [ app_end ] --END-- [ RunTime:0.000476s ]

[ 2018-11-07T21:21:02+08:00 ] ::1 /libSys/Index.php?s=/Staff/Index/viewBookId.html
INFO: [ app_init ] --START--
INFO: Run Behavior\BuildLiteBehavior [ RunTime:0.000028s ]
INFO: [ app_init ] --END-- [ RunTime:0.000206s ]
INFO: [ app_begin ] --START--
INFO: Run Behavior\ReadHtmlCacheBehavior [ RunTime:0.000324s ]
INFO: [ app_begin ] --END-- [ RunTime:0.000371s ]
SQL: SHOW COLUMNS FROM `lib_book_species` [ RunTime:0.0006s ]
SQL: SELECT book_id FROM lib_book_unique where isbn = '9787111391401' and
					book_id not in (select book_id from lib_borrow); [ RunTime:0.0005s ]
INFO: [ app_end ] --START--
INFO: Run Behavior\ShowPageTraceBehavior [ RunTime:0.000428s ]
INFO: [ app_end ] --END-- [ RunTime:0.000473s ]

[ 2018-11-07T21:21:02+08:00 ] ::1 /libSys/Index.php?s=/Staff/Index/viewbarcode.html
INFO: [ app_init ] --START--
INFO: Run Behavior\BuildLiteBehavior [ RunTime:0.000015s ]
INFO: [ app_init ] --END-- [ RunTime:0.000085s ]
INFO: [ app_begin ] --START--
INFO: Run Behavior\ReadHtmlCacheBehavior [ RunTime:0.000327s ]
INFO: [ app_begin ] --END-- [ RunTime:0.000398s ]
INFO: [ view_parse ] --START--
INFO: [ template_filter ] --START--
INFO: Run Behavior\ContentReplaceBehavior [ RunTime:0.000047s ]
INFO: [ template_filter ] --END-- [ RunTime:0.000103s ]
INFO: Run Behavior\ParseTemplateBehavior [ RunTime:0.004345s ]
INFO: [ view_parse ] --END-- [ RunTime:0.004420s ]
INFO: [ view_filter ] --START--
INFO: Run Behavior\WriteHtmlCacheBehavior [ RunTime:0.000431s ]
INFO: [ view_filter ] --END-- [ RunTime:0.000487s ]
INFO: [ app_end ] --START--
INFO: Run Behavior\ShowPageTraceBehavior [ RunTime:0.000294s ]
INFO: [ app_end ] --END-- [ RunTime:0.000365s ]

[ 2018-11-07T21:21:58+08:00 ] ::1 /libSys/Index.php?s=/Staff/Index/home.html
INFO: [ app_init ] --START--
INFO: Run Behavior\BuildLiteBehavior [ RunTime:0.000013s ]
INFO: [ app_init ] --END-- [ RunTime:0.000183s ]
INFO: [ app_begin ] --START--
INFO: Run Behavior\ReadHtmlCacheBehavior [ RunTime:0.000664s ]
INFO: [ app_begin ] --END-- [ RunTime:0.000719s ]
INFO: [ view_parse ] --START--
INFO: [ template_filter ] --START--
INFO: Run Behavior\ContentReplaceBehavior [ RunTime:0.000302s ]
INFO: [ template_filter ] --END-- [ RunTime:0.000353s ]
INFO: Run Behavior\ParseTemplateBehavior [ RunTime:0.038024s ]
INFO: [ view_parse ] --END-- [ RunTime:0.038109s ]
INFO: [ view_filter ] --START--
INFO: Run Behavior\WriteHtmlCacheBehavior [ RunTime:0.000522s ]
INFO: [ view_filter ] --END-- [ RunTime:0.000572s ]
INFO: [ app_end ] --START--
INFO: Run Behavior\ShowPageTraceBehavior [ RunTime:0.000782s ]
INFO: [ app_end ] --END-- [ RunTime:0.000832s ]

[ 2018-11-07T21:21:58+08:00 ] ::1 /libSys/Index.php?s=/Staff/Index/incomeMonth.html
INFO: [ app_init ] --START--
INFO: Run Behavior\BuildLiteBehavior [ RunTime:0.000023s ]
INFO: [ app_init ] --END-- [ RunTime:0.000140s ]
INFO: [ app_begin ] --START--
INFO: Run Behavior\ReadHtmlCacheBehavior [ RunTime:0.000404s ]
INFO: [ app_begin ] --END-- [ RunTime:0.000471s ]
SQL: SHOW COLUMNS FROM `lib_user` [ RunTime:0.0007s ]
SQL: select * from lib_monthly_income; [ RunTime:0.0002s ]
INFO: [ app_end ] --START--
INFO: Run Behavior\ShowPageTraceBehavior [ RunTime:0.000429s ]
INFO: [ app_end ] --END-- [ RunTime:0.000555s ]

[ 2018-11-07T21:21:58+08:00 ] ::1 /libSys/Index.php?s=/Staff/Index/getBook.html
INFO: [ app_init ] --START--
INFO: Run Behavior\BuildLiteBehavior [ RunTime:0.000029s ]
INFO: [ app_init ] --END-- [ RunTime:0.000161s ]
INFO: [ app_begin ] --START--
INFO: Run Behavior\ReadHtmlCacheBehavior [ RunTime:0.001009s ]
INFO: [ app_begin ] --END-- [ RunTime:0.001120s ]
SQL: SHOW COLUMNS FROM `lib_book_species` [ RunTime:0.0008s ]
SQL: SELECT * FROM lib_book_species as a, 
			        (SELECT COUNT(*) as number, isbn as isbn2 FROM lib_book_unique 
					where book_id not in(select book_id from lib_remove) GROUP BY isbn) AS b 
			        where a.isbn = b.isbn2 ORDER BY species_id DESC LIMIT 0,20; [ RunTime:0.0022s ]
INFO: [ app_end ] --START--
INFO: Run Behavior\ShowPageTraceBehavior [ RunTime:0.000766s ]
INFO: [ app_end ] --END-- [ RunTime:0.000856s ]

[ 2018-11-07T21:21:58+08:00 ] ::1 /libSys/Index.php?s=/Staff/Index/incomeDay.html
INFO: [ app_init ] --START--
INFO: Run Behavior\BuildLiteBehavior [ RunTime:0.000020s ]
INFO: [ app_init ] --END-- [ RunTime:0.000124s ]
INFO: [ app_begin ] --START--
INFO: Run Behavior\ReadHtmlCacheBehavior [ RunTime:0.001018s ]
INFO: [ app_begin ] --END-- [ RunTime:0.001111s ]
SQL: SHOW COLUMNS FROM `lib_user` [ RunTime:0.0009s ]
SQL: select * from lib_daily_income; [ RunTime:0.0003s ]
INFO: [ app_end ] --START--
INFO: Run Behavior\ShowPageTraceBehavior [ RunTime:0.000592s ]
INFO: [ app_end ] --END-- [ RunTime:0.000641s ]

[ 2018-11-07T21:21:58+08:00 ] ::1 /libSys/Index.php?s=/Staff/Index/getBorrowList.html
INFO: [ app_init ] --START--
INFO: Run Behavior\BuildLiteBehavior [ RunTime:0.000020s ]
INFO: [ app_init ] --END-- [ RunTime:0.000139s ]
INFO: [ app_begin ] --START--
INFO: Run Behavior\ReadHtmlCacheBehavior [ RunTime:0.001049s ]
INFO: [ app_begin ] --END-- [ RunTime:0.001147s ]
SQL: SHOW COLUMNS FROM `lib_borrow` [ RunTime:0.0006s ]
SQL: SELECT * FROM lib_borrow join lib_book_unique using(book_id) join lib_book_species using (isbn) join lib_user using (user_id); [ RunTime:0.0012s ]
INFO: [ app_end ] --START--
INFO: Run Behavior\ShowPageTraceBehavior [ RunTime:0.000794s ]
INFO: [ app_end ] --END-- [ RunTime:0.000896s ]

[ 2018-11-07T21:21:58+08:00 ] ::1 /libSys/Index.php?s=/Staff/Index/incomeWeek.html
INFO: [ app_init ] --START--
INFO: Run Behavior\BuildLiteBehavior [ RunTime:0.000024s ]
INFO: [ app_init ] --END-- [ RunTime:0.000133s ]
INFO: [ app_begin ] --START--
INFO: Run Behavior\ReadHtmlCacheBehavior [ RunTime:0.000992s ]
INFO: [ app_begin ] --END-- [ RunTime:0.001074s ]
SQL: SHOW COLUMNS FROM `lib_user` [ RunTime:0.0007s ]
SQL: select * from lib_weekly_income; [ RunTime:0.0003s ]
INFO: [ app_end ] --START--
INFO: Run Behavior\ShowPageTraceBehavior [ RunTime:0.000728s ]
INFO: [ app_end ] --END-- [ RunTime:0.000797s ]

[ 2018-11-07T21:21:58+08:00 ] ::1 /libSys/Index.php?s=/Staff/Index/getUser.html
INFO: [ app_init ] --START--
INFO: Run Behavior\BuildLiteBehavior [ RunTime:0.000020s ]
INFO: [ app_init ] --END-- [ RunTime:0.000130s ]
INFO: [ app_begin ] --START--
INFO: Run Behavior\ReadHtmlCacheBehavior [ RunTime:0.001063s ]
INFO: [ app_begin ] --END-- [ RunTime:0.001163s ]
SQL: SHOW COLUMNS FROM `lib_user` [ RunTime:0.0007s ]
SQL: select * from lib_user [ RunTime:0.0003s ]
INFO: [ app_end ] --START--
INFO: Run Behavior\ShowPageTraceBehavior [ RunTime:0.000634s ]
INFO: [ app_end ] --END-- [ RunTime:0.000693s ]

[ 2018-11-07T21:21:58+08:00 ] ::1 /libSys/Index.php?s=/Staff/Index/getNotice.html
INFO: [ app_init ] --START--
INFO: Run Behavior\BuildLiteBehavior [ RunTime:0.000014s ]
INFO: [ app_init ] --END-- [ RunTime:0.000098s ]
INFO: [ app_begin ] --START--
INFO: Run Behavior\ReadHtmlCacheBehavior [ RunTime:0.000381s ]
INFO: [ app_begin ] --END-- [ RunTime:0.000450s ]
SQL: SHOW COLUMNS FROM `lib_notice` [ RunTime:0.0008s ]
SQL: select * from lib_notice [ RunTime:0.0003s ]
INFO: [ app_end ] --START--
INFO: Run Behavior\ShowPageTraceBehavior [ RunTime:0.000349s ]
INFO: [ app_end ] --END-- [ RunTime:0.000397s ]

[ 2018-11-07T21:21:58+08:00 ] ::1 /libSys/Index.php?s=/Staff/Index/getBalance.html
INFO: [ app_init ] --START--
INFO: Run Behavior\BuildLiteBehavior [ RunTime:0.000044s ]
INFO: [ app_init ] --END-- [ RunTime:0.000233s ]
INFO: [ app_begin ] --START--
INFO: Run Behavior\ReadHtmlCacheBehavior [ RunTime:0.000458s ]
INFO: [ app_begin ] --END-- [ RunTime:0.000563s ]
SQL: SHOW COLUMNS FROM `lib_setting` [ RunTime:0.0007s ]
SQL: select * from lib_setting  [ RunTime:0.0002s ]
INFO: [ app_end ] --START--
INFO: Run Behavior\ShowPageTraceBehavior [ RunTime:0.000439s ]
INFO: [ app_end ] --END-- [ RunTime:0.000525s ]

[ 2018-11-07T21:21:58+08:00 ] ::1 /libSys/Index.php?s=/Staff/Index/getInfo.html
INFO: [ app_init ] --START--
INFO: Run Behavior\BuildLiteBehavior [ RunTime:0.000025s ]
INFO: [ app_init ] --END-- [ RunTime:0.000164s ]
INFO: [ app_begin ] --START--
INFO: Run Behavior\ReadHtmlCacheBehavior [ RunTime:0.000337s ]
INFO: [ app_begin ] --END-- [ RunTime:0.000405s ]
SQL: SHOW COLUMNS FROM `lib_staff` [ RunTime:0.0008s ]
SQL: select * from lib_staff where staff_id = '2016303120' [ RunTime:0.0003s ]
INFO: [ app_end ] --START--
INFO: Run Behavior\ShowPageTraceBehavior [ RunTime:0.000421s ]
INFO: [ app_end ] --END-- [ RunTime:0.000492s ]

[ 2018-11-07T21:21:58+08:00 ] ::1 /libSys/Index.php?s=/Staff/Index/getDeleteList.html
INFO: [ app_init ] --START--
INFO: Run Behavior\BuildLiteBehavior [ RunTime:0.000014s ]
INFO: [ app_init ] --END-- [ RunTime:0.000088s ]
INFO: [ app_begin ] --START--
INFO: Run Behavior\ReadHtmlCacheBehavior [ RunTime:0.000510s ]
INFO: [ app_begin ] --END-- [ RunTime:0.000613s ]
SQL: SHOW COLUMNS FROM `lib_remove` [ RunTime:0.0005s ]
SQL: SELECT * FROM lib_remove join lib_book_unique using(book_id) join lib_book_species using (isbn) Order by remove_time DESC; [ RunTime:0.0013s ]
INFO: [ app_end ] --START--
INFO: Run Behavior\ShowPageTraceBehavior [ RunTime:0.000524s ]
INFO: [ app_end ] --END-- [ RunTime:0.000647s ]

[ 2018-11-07T21:21:58+08:00 ] ::1 /libSys/Index.php?s=/Staff/Index/getDate.html
INFO: [ app_init ] --START--
INFO: Run Behavior\BuildLiteBehavior [ RunTime:0.000016s ]
INFO: [ app_init ] --END-- [ RunTime:0.000108s ]
INFO: [ app_begin ] --START--
INFO: Run Behavior\ReadHtmlCacheBehavior [ RunTime:0.000306s ]
INFO: [ app_begin ] --END-- [ RunTime:0.000366s ]
INFO: [ app_end ] --START--
INFO: Run Behavior\ShowPageTraceBehavior [ RunTime:0.000431s ]
INFO: [ app_end ] --END-- [ RunTime:0.000525s ]

[ 2018-11-07T21:21:58+08:00 ] ::1 /libSys/Index.php?s=/Staff/Index/getCategoryList.html
INFO: [ app_init ] --START--
INFO: Run Behavior\BuildLiteBehavior [ RunTime:0.000037s ]
INFO: [ app_init ] --END-- [ RunTime:0.000166s ]
INFO: [ app_begin ] --START--
INFO: Run Behavior\ReadHtmlCacheBehavior [ RunTime:0.000440s ]
INFO: [ app_begin ] --END-- [ RunTime:0.000534s ]
SQL: SHOW COLUMNS FROM `lib_category` [ RunTime:0.0007s ]
SQL: SELECT * FROM lib_category; [ RunTime:0.0002s ]
INFO: [ app_end ] --START--
INFO: Run Behavior\ShowPageTraceBehavior [ RunTime:0.000540s ]
INFO: [ app_end ] --END-- [ RunTime:0.000629s ]

[ 2018-11-07T21:21:58+08:00 ] ::1 /libSys/Index.php?s=/Staff/Index/getLocationList.html
INFO: [ app_init ] --START--
INFO: Run Behavior\BuildLiteBehavior [ RunTime:0.000014s ]
INFO: [ app_init ] --END-- [ RunTime:0.000084s ]
INFO: [ app_begin ] --START--
INFO: Run Behavior\ReadHtmlCacheBehavior [ RunTime:0.000277s ]
INFO: [ app_begin ] --END-- [ RunTime:0.000328s ]
SQL: SHOW COLUMNS FROM `lib_location` [ RunTime:0.0014s ]
SQL: SELECT * FROM lib_location; [ RunTime:0.0003s ]
INFO: [ app_end ] --START--
INFO: Run Behavior\ShowPageTraceBehavior [ RunTime:0.000555s ]
INFO: [ app_end ] --END-- [ RunTime:0.000661s ]

[ 2018-11-07T21:21:58+08:00 ] ::1 /libSys/Index.php?s=/Staff/Index/getReturnList.html
INFO: [ app_init ] --START--
INFO: Run Behavior\BuildLiteBehavior [ RunTime:0.000016s ]
INFO: [ app_init ] --END-- [ RunTime:0.000086s ]
INFO: [ app_begin ] --START--
INFO: Run Behavior\ReadHtmlCacheBehavior [ RunTime:0.000469s ]
INFO: [ app_begin ] --END-- [ RunTime:0.000587s ]
SQL: SHOW COLUMNS FROM `lib_return` [ RunTime:0.0012s ]
SQL: SELECT * FROM lib_return join lib_book_unique using(book_id) join lib_book_species using (isbn) join lib_user using (user_id); [ RunTime:0.0015s ]
NOTIC: [8] A non well formed numeric value encountered D:\Applications\wamp64\www\libSys\libSys\Staff\Controller\IndexController.class.php 第 697 行.
NOTIC: [8] A non well formed numeric value encountered D:\Applications\wamp64\www\libSys\libSys\Staff\Controller\IndexController.class.php 第 697 行.
NOTIC: [8] A non well formed numeric value encountered D:\Applications\wamp64\www\libSys\libSys\Staff\Controller\IndexController.class.php 第 697 行.
NOTIC: [8] A non well formed numeric value encountered D:\Applications\wamp64\www\libSys\libSys\Staff\Controller\IndexController.class.php 第 697 行.
NOTIC: [8] A non well formed numeric value encountered D:\Applications\wamp64\www\libSys\libSys\Staff\Controller\IndexController.class.php 第 697 行.
INFO: [ app_end ] --START--
INFO: Run Behavior\ShowPageTraceBehavior [ RunTime:0.000703s ]
INFO: [ app_end ] --END-- [ RunTime:0.000794s ]

[ 2018-11-07T21:21:59+08:00 ] ::1 /libSys/Index.php?s=/Staff/Index/viewBookId.html
INFO: [ app_init ] --START--
INFO: Run Behavior\BuildLiteBehavior [ RunTime:0.000030s ]
INFO: [ app_init ] --END-- [ RunTime:0.000165s ]
INFO: [ app_begin ] --START--
INFO: Run Behavior\ReadHtmlCacheBehavior [ RunTime:0.000400s ]
INFO: [ app_begin ] --END-- [ RunTime:0.000513s ]
SQL: SHOW COLUMNS FROM `lib_book_species` [ RunTime:0.0007s ]
SQL: SELECT book_id FROM lib_book_unique where isbn = '9787111391401' and
					book_id not in (select book_id from lib_remove); [ RunTime:0.0005s ]
INFO: [ app_end ] --START--
INFO: Run Behavior\ShowPageTraceBehavior [ RunTime:0.000309s ]
INFO: [ app_end ] --END-- [ RunTime:0.000351s ]

[ 2018-11-07T21:21:59+08:00 ] ::1 /libSys/Index.php?s=/Staff/Index/viewbarcode.html
INFO: [ app_init ] --START--
INFO: Run Behavior\BuildLiteBehavior [ RunTime:0.000019s ]
INFO: [ app_init ] --END-- [ RunTime:0.000123s ]
INFO: [ app_begin ] --START--
INFO: Run Behavior\ReadHtmlCacheBehavior [ RunTime:0.000332s ]
INFO: [ app_begin ] --END-- [ RunTime:0.000408s ]
INFO: [ view_parse ] --START--
INFO: [ template_filter ] --START--
INFO: Run Behavior\ContentReplaceBehavior [ RunTime:0.000053s ]
INFO: [ template_filter ] --END-- [ RunTime:0.000125s ]
INFO: Run Behavior\ParseTemplateBehavior [ RunTime:0.005354s ]
INFO: [ view_parse ] --END-- [ RunTime:0.005438s ]
INFO: [ view_filter ] --START--
INFO: Run Behavior\WriteHtmlCacheBehavior [ RunTime:0.000849s ]
INFO: [ view_filter ] --END-- [ RunTime:0.000931s ]
INFO: [ app_end ] --START--
INFO: Run Behavior\ShowPageTraceBehavior [ RunTime:0.000282s ]
INFO: [ app_end ] --END-- [ RunTime:0.000327s ]

[ 2018-11-07T21:53:04+08:00 ] ::1 /libSys/Index.php?s=/Staff/Index/home.html
INFO: [ app_init ] --START--
INFO: Run Behavior\BuildLiteBehavior [ RunTime:0.000020s ]
INFO: [ app_init ] --END-- [ RunTime:0.000320s ]
INFO: [ app_begin ] --START--
INFO: Run Behavior\ReadHtmlCacheBehavior [ RunTime:0.000641s ]
INFO: [ app_begin ] --END-- [ RunTime:0.000699s ]
INFO: [ view_parse ] --START--
INFO: [ template_filter ] --START--
INFO: Run Behavior\ContentReplaceBehavior [ RunTime:0.000386s ]
INFO: [ template_filter ] --END-- [ RunTime:0.000452s ]
INFO: Run Behavior\ParseTemplateBehavior [ RunTime:0.042394s ]
INFO: [ view_parse ] --END-- [ RunTime:0.042464s ]
INFO: [ view_filter ] --START--
INFO: Run Behavior\WriteHtmlCacheBehavior [ RunTime:0.000985s ]
INFO: [ view_filter ] --END-- [ RunTime:0.001058s ]
INFO: [ app_end ] --START--
INFO: Run Behavior\ShowPageTraceBehavior [ RunTime:0.000811s ]
INFO: [ app_end ] --END-- [ RunTime:0.000909s ]

[ 2018-11-07T21:53:05+08:00 ] ::1 /libSys/Index.php?s=/Staff/Index/getBook.html
INFO: [ app_init ] --START--
INFO: Run Behavior\BuildLiteBehavior [ RunTime:0.000042s ]
INFO: [ app_init ] --END-- [ RunTime:0.000221s ]
INFO: [ app_begin ] --START--
INFO: Run Behavior\ReadHtmlCacheBehavior [ RunTime:0.000433s ]
INFO: [ app_begin ] --END-- [ RunTime:0.000535s ]
SQL: SHOW COLUMNS FROM `lib_book_species` [ RunTime:0.0008s ]
SQL: SELECT * FROM lib_book_species as a, 
			        (SELECT COUNT(*) as number, isbn as isbn2 FROM lib_book_unique 
					where book_id not in(select book_id from lib_remove) GROUP BY isbn) AS b 
			        where a.isbn = b.isbn2 ORDER BY species_id DESC LIMIT 0,20; [ RunTime:0.0020s ]
INFO: [ app_end ] --START--
INFO: Run Behavior\ShowPageTraceBehavior [ RunTime:0.000500s ]
INFO: [ app_end ] --END-- [ RunTime:0.000608s ]

[ 2018-11-07T21:53:05+08:00 ] ::1 /libSys/Index.php?s=/Staff/Index/incomeDay.html
INFO: [ app_init ] --START--
INFO: Run Behavior\BuildLiteBehavior [ RunTime:0.000039s ]
INFO: [ app_init ] --END-- [ RunTime:0.000232s ]
INFO: [ app_begin ] --START--
INFO: Run Behavior\ReadHtmlCacheBehavior [ RunTime:0.002149s ]
INFO: [ app_begin ] --END-- [ RunTime:0.002253s ]
SQL: SHOW COLUMNS FROM `lib_user` [ RunTime:0.0008s ]
SQL: select * from lib_daily_income; [ RunTime:0.0004s ]
INFO: [ app_end ] --START--
INFO: Run Behavior\ShowPageTraceBehavior [ RunTime:0.000890s ]
INFO: [ app_end ] --END-- [ RunTime:0.000979s ]

[ 2018-11-07T21:53:05+08:00 ] ::1 /libSys/Index.php?s=/Staff/Index/getBorrowList.html
INFO: [ app_init ] --START--
INFO: Run Behavior\BuildLiteBehavior [ RunTime:0.000022s ]
INFO: [ app_init ] --END-- [ RunTime:0.000146s ]
INFO: [ app_begin ] --START--
INFO: Run Behavior\ReadHtmlCacheBehavior [ RunTime:0.001167s ]
INFO: [ app_begin ] --END-- [ RunTime:0.001288s ]
SQL: SHOW COLUMNS FROM `lib_borrow` [ RunTime:0.0006s ]
SQL: SELECT * FROM lib_borrow join lib_book_unique using(book_id) join lib_book_species using (isbn) join lib_user using (user_id); [ RunTime:0.0009s ]
INFO: [ app_end ] --START--
INFO: Run Behavior\ShowPageTraceBehavior [ RunTime:0.000692s ]
INFO: [ app_end ] --END-- [ RunTime:0.000741s ]

[ 2018-11-07T21:53:05+08:00 ] ::1 /libSys/Index.php?s=/Staff/Index/incomeWeek.html
INFO: [ app_init ] --START--
INFO: Run Behavior\BuildLiteBehavior [ RunTime:0.000022s ]
INFO: [ app_init ] --END-- [ RunTime:0.000161s ]
INFO: [ app_begin ] --START--
INFO: Run Behavior\ReadHtmlCacheBehavior [ RunTime:0.001009s ]
INFO: [ app_begin ] --END-- [ RunTime:0.001116s ]
SQL: SHOW COLUMNS FROM `lib_user` [ RunTime:0.0005s ]
SQL: select * from lib_weekly_income; [ RunTime:0.0003s ]
INFO: [ app_end ] --START--
INFO: Run Behavior\ShowPageTraceBehavior [ RunTime:0.000665s ]
INFO: [ app_end ] --END-- [ RunTime:0.000718s ]

[ 2018-11-07T21:53:05+08:00 ] ::1 /libSys/Index.php?s=/Staff/Index/incomeMonth.html
INFO: [ app_init ] --START--
INFO: Run Behavior\BuildLiteBehavior [ RunTime:0.000030s ]
INFO: [ app_init ] --END-- [ RunTime:0.000175s ]
INFO: [ app_begin ] --START--
INFO: Run Behavior\ReadHtmlCacheBehavior [ RunTime:0.001011s ]
INFO: [ app_begin ] --END-- [ RunTime:0.001117s ]
SQL: SHOW COLUMNS FROM `lib_user` [ RunTime:0.0007s ]
SQL: select * from lib_monthly_income; [ RunTime:0.0003s ]
INFO: [ app_end ] --START--
INFO: Run Behavior\ShowPageTraceBehavior [ RunTime:0.000571s ]
INFO: [ app_end ] --END-- [ RunTime:0.000623s ]

[ 2018-11-07T21:53:05+08:00 ] ::1 /libSys/Index.php?s=/Staff/Index/getUser.html
INFO: [ app_init ] --START--
INFO: Run Behavior\BuildLiteBehavior [ RunTime:0.000023s ]
INFO: [ app_init ] --END-- [ RunTime:0.000157s ]
INFO: [ app_begin ] --START--
INFO: Run Behavior\ReadHtmlCacheBehavior [ RunTime:0.000929s ]
INFO: [ app_begin ] --END-- [ RunTime:0.000994s ]
SQL: SHOW COLUMNS FROM `lib_user` [ RunTime:0.0007s ]
SQL: select * from lib_user [ RunTime:0.0003s ]
INFO: [ app_end ] --START--
INFO: Run Behavior\ShowPageTraceBehavior [ RunTime:0.000899s ]
INFO: [ app_end ] --END-- [ RunTime:0.000995s ]

[ 2018-11-07T21:53:05+08:00 ] ::1 /libSys/Index.php?s=/Staff/Index/getNotice.html
INFO: [ app_init ] --START--
INFO: Run Behavior\BuildLiteBehavior [ RunTime:0.000022s ]
INFO: [ app_init ] --END-- [ RunTime:0.000136s ]
INFO: [ app_begin ] --START--
INFO: Run Behavior\ReadHtmlCacheBehavior [ RunTime:0.000365s ]
INFO: [ app_begin ] --END-- [ RunTime:0.000417s ]
SQL: SHOW COLUMNS FROM `lib_notice` [ RunTime:0.0009s ]
SQL: select * from lib_notice [ RunTime:0.0004s ]
INFO: [ app_end ] --START--
INFO: Run Behavior\ShowPageTraceBehavior [ RunTime:0.000458s ]
INFO: [ app_end ] --END-- [ RunTime:0.000545s ]

[ 2018-11-07T21:53:05+08:00 ] ::1 /libSys/Index.php?s=/Staff/Index/getBalance.html
INFO: [ app_init ] --START--
INFO: Run Behavior\BuildLiteBehavior [ RunTime:0.000015s ]
INFO: [ app_init ] --END-- [ RunTime:0.000102s ]
INFO: [ app_begin ] --START--
INFO: Run Behavior\ReadHtmlCacheBehavior [ RunTime:0.000245s ]
INFO: [ app_begin ] --END-- [ RunTime:0.000291s ]
SQL: SHOW COLUMNS FROM `lib_setting` [ RunTime:0.0006s ]
SQL: select * from lib_setting  [ RunTime:0.0001s ]
INFO: [ app_end ] --START--
INFO: Run Behavior\ShowPageTraceBehavior [ RunTime:0.000304s ]
INFO: [ app_end ] --END-- [ RunTime:0.000348s ]

[ 2018-11-07T21:53:05+08:00 ] ::1 /libSys/Index.php?s=/Staff/Index/getReturnList.html
INFO: [ app_init ] --START--
INFO: Run Behavior\BuildLiteBehavior [ RunTime:0.000020s ]
INFO: [ app_init ] --END-- [ RunTime:0.000098s ]
INFO: [ app_begin ] --START--
INFO: Run Behavior\ReadHtmlCacheBehavior [ RunTime:0.000445s ]
INFO: [ app_begin ] --END-- [ RunTime:0.000539s ]
SQL: SHOW COLUMNS FROM `lib_return` [ RunTime:0.0052s ]
SQL: SELECT * FROM lib_return join lib_book_unique using(book_id) join lib_book_species using (isbn) join lib_user using (user_id); [ RunTime:0.0006s ]
NOTIC: [8] A non well formed numeric value encountered D:\Applications\wamp64\www\libSys\libSys\Staff\Controller\IndexController.class.php 第 653 行.
NOTIC: [8] A non well formed numeric value encountered D:\Applications\wamp64\www\libSys\libSys\Staff\Controller\IndexController.class.php 第 653 行.
NOTIC: [8] A non well formed numeric value encountered D:\Applications\wamp64\www\libSys\libSys\Staff\Controller\IndexController.class.php 第 653 行.
NOTIC: [8] A non well formed numeric value encountered D:\Applications\wamp64\www\libSys\libSys\Staff\Controller\IndexController.class.php 第 653 行.
NOTIC: [8] A non well formed numeric value encountered D:\Applications\wamp64\www\libSys\libSys\Staff\Controller\IndexController.class.php 第 653 行.
INFO: [ app_end ] --START--
INFO: Run Behavior\ShowPageTraceBehavior [ RunTime:0.000342s ]
INFO: [ app_end ] --END-- [ RunTime:0.000386s ]

[ 2018-11-07T21:53:05+08:00 ] ::1 /libSys/Index.php?s=/Staff/Index/getInfo.html
INFO: [ app_init ] --START--
INFO: Run Behavior\BuildLiteBehavior [ RunTime:0.000016s ]
INFO: [ app_init ] --END-- [ RunTime:0.000137s ]
INFO: [ app_begin ] --START--
INFO: Run Behavior\ReadHtmlCacheBehavior [ RunTime:0.000438s ]
INFO: [ app_begin ] --END-- [ RunTime:0.000538s ]
SQL: SHOW COLUMNS FROM `lib_staff` [ RunTime:0.0007s ]
SQL: select * from lib_staff where staff_id = '2016303120' [ RunTime:0.0003s ]
INFO: [ app_end ] --START--
INFO: Run Behavior\ShowPageTraceBehavior [ RunTime:0.000564s ]
INFO: [ app_end ] --END-- [ RunTime:0.000659s ]

[ 2018-11-07T21:53:05+08:00 ] ::1 /libSys/Index.php?s=/Staff/Index/getCategoryList.html
INFO: [ app_init ] --START--
INFO: Run Behavior\BuildLiteBehavior [ RunTime:0.000017s ]
INFO: [ app_init ] --END-- [ RunTime:0.000102s ]
INFO: [ app_begin ] --START--
INFO: Run Behavior\ReadHtmlCacheBehavior [ RunTime:0.000373s ]
INFO: [ app_begin ] --END-- [ RunTime:0.000430s ]
SQL: SHOW COLUMNS FROM `lib_category` [ RunTime:0.0006s ]
SQL: SELECT * FROM lib_category; [ RunTime:0.0003s ]
INFO: [ app_end ] --START--
INFO: Run Behavior\ShowPageTraceBehavior [ RunTime:0.000426s ]
INFO: [ app_end ] --END-- [ RunTime:0.000478s ]

[ 2018-11-07T21:53:05+08:00 ] ::1 /libSys/Index.php?s=/Staff/Index/getDate.html
INFO: [ app_init ] --START--
INFO: Run Behavior\BuildLiteBehavior [ RunTime:0.000013s ]
INFO: [ app_init ] --END-- [ RunTime:0.000078s ]
INFO: [ app_begin ] --START--
INFO: Run Behavior\ReadHtmlCacheBehavior [ RunTime:0.000431s ]
INFO: [ app_begin ] --END-- [ RunTime:0.000530s ]
INFO: [ app_end ] --START--
INFO: Run Behavior\ShowPageTraceBehavior [ RunTime:0.000294s ]
INFO: [ app_end ] --END-- [ RunTime:0.000351s ]

[ 2018-11-07T21:53:05+08:00 ] ::1 /libSys/Index.php?s=/Staff/Index/getDeleteList.html
INFO: [ app_init ] --START--
INFO: Run Behavior\BuildLiteBehavior [ RunTime:0.000013s ]
INFO: [ app_init ] --END-- [ RunTime:0.000080s ]
INFO: [ app_begin ] --START--
INFO: Run Behavior\ReadHtmlCacheBehavior [ RunTime:0.000261s ]
INFO: [ app_begin ] --END-- [ RunTime:0.000312s ]
SQL: SHOW COLUMNS FROM `lib_remove` [ RunTime:0.0005s ]
SQL: SELECT * FROM lib_remove join lib_book_unique using(book_id) join lib_book_species using (isbn) Order by remove_time DESC; [ RunTime:0.0009s ]
INFO: [ app_end ] --START--
INFO: Run Behavior\ShowPageTraceBehavior [ RunTime:0.000414s ]
INFO: [ app_end ] --END-- [ RunTime:0.000467s ]

[ 2018-11-07T21:53:05+08:00 ] ::1 /libSys/Index.php?s=/Staff/Index/getLocationList.html
INFO: [ app_init ] --START--
INFO: Run Behavior\BuildLiteBehavior [ RunTime:0.000025s ]
INFO: [ app_init ] --END-- [ RunTime:0.000190s ]
INFO: [ app_begin ] --START--
INFO: Run Behavior\ReadHtmlCacheBehavior [ RunTime:0.000311s ]
INFO: [ app_begin ] --END-- [ RunTime:0.000364s ]
SQL: SHOW COLUMNS FROM `lib_location` [ RunTime:0.0005s ]
SQL: SELECT * FROM lib_location; [ RunTime:0.0001s ]
INFO: [ app_end ] --START--
INFO: Run Behavior\ShowPageTraceBehavior [ RunTime:0.000380s ]
INFO: [ app_end ] --END-- [ RunTime:0.000426s ]

[ 2018-11-07T21:53:33+08:00 ] ::1 /libSys/Index.php?s=/Staff/Index/borrowBook.html
INFO: [ app_init ] --START--
INFO: Run Behavior\BuildLiteBehavior [ RunTime:0.000018s ]
INFO: [ app_init ] --END-- [ RunTime:0.000361s ]
INFO: [ app_begin ] --START--
INFO: Run Behavior\ReadHtmlCacheBehavior [ RunTime:0.000415s ]
INFO: [ app_begin ] --END-- [ RunTime:0.000474s ]
SQL: SHOW COLUMNS FROM `lib_user` [ RunTime:0.0006s ]
SQL:  select user_id from lib_user where card_id='0452916726'  [ RunTime:0.0003s ]
SQL: SHOW COLUMNS FROM `lib_borrow` [ RunTime:0.0005s ]
SQL: SHOW COLUMNS FROM `lib_book_unique` [ RunTime:0.0004s ]
SQL: SHOW COLUMNS FROM `lib_order` [ RunTime:0.0045s ]
SQL: SHOW COLUMNS FROM `lib_remove` [ RunTime:0.0006s ]
SQL: select * from lib_borrow where book_id='00314'  [ RunTime:0.0002s ]
SQL: select sum(cost) as fine from lib_borrow where user_id='18600881787' [ RunTime:0.0002s ]
SQL:  select count(user_id) as user  from lib_borrow where user_id='18600881787'  [ RunTime:0.0002s ]
SQL:  select * from lib_book_unique where book_id='00314' [ RunTime:0.0002s ]
SQL:  select * from lib_order where book_id='00314'  [ RunTime:0.0002s ]
SQL:  select * from lib_remove where book_id='00314'  [ RunTime:0.0002s ]
INFO: [ app_end ] --START--
INFO: Run Behavior\ShowPageTraceBehavior [ RunTime:0.000498s ]
INFO: [ app_end ] --END-- [ RunTime:0.000543s ]

[ 2018-11-07T22:09:01+08:00 ] ::1 /libSys/Index.php?s=/Staff/Index/home.html
INFO: [ app_init ] --START--
INFO: Run Behavior\BuildLiteBehavior [ RunTime:0.000016s ]
INFO: [ app_init ] --END-- [ RunTime:0.000332s ]
INFO: [ app_begin ] --START--
INFO: Run Behavior\ReadHtmlCacheBehavior [ RunTime:0.000668s ]
INFO: [ app_begin ] --END-- [ RunTime:0.000722s ]
INFO: [ view_parse ] --START--
INFO: [ template_filter ] --START--
INFO: Run Behavior\ContentReplaceBehavior [ RunTime:0.000314s ]
INFO: [ template_filter ] --END-- [ RunTime:0.000372s ]
INFO: Run Behavior\ParseTemplateBehavior [ RunTime:0.037514s ]
INFO: [ view_parse ] --END-- [ RunTime:0.037579s ]
INFO: [ view_filter ] --START--
INFO: Run Behavior\WriteHtmlCacheBehavior [ RunTime:0.000674s ]
INFO: [ view_filter ] --END-- [ RunTime:0.000724s ]
INFO: [ app_end ] --START--
INFO: Run Behavior\ShowPageTraceBehavior [ RunTime:0.000697s ]
INFO: [ app_end ] --END-- [ RunTime:0.000746s ]

[ 2018-11-07T22:09:01+08:00 ] ::1 /libSys/Index.php?s=/Staff/Index/getBorrowList.html
INFO: [ app_init ] --START--
INFO: Run Behavior\BuildLiteBehavior [ RunTime:0.000026s ]
INFO: [ app_init ] --END-- [ RunTime:0.000157s ]
INFO: [ app_begin ] --START--
INFO: Run Behavior\ReadHtmlCacheBehavior [ RunTime:0.000385s ]
INFO: [ app_begin ] --END-- [ RunTime:0.000466s ]
SQL: SHOW COLUMNS FROM `lib_borrow` [ RunTime:0.0018s ]
SQL: SELECT * FROM lib_borrow join lib_book_unique using(book_id) join lib_book_species using (isbn) join lib_user using (user_id); [ RunTime:0.0012s ]
INFO: [ app_end ] --START--
INFO: Run Behavior\ShowPageTraceBehavior [ RunTime:0.000443s ]
INFO: [ app_end ] --END-- [ RunTime:0.000540s ]

[ 2018-11-07T22:09:01+08:00 ] ::1 /libSys/Index.php?s=/Staff/Index/getBook.html
INFO: [ app_init ] --START--
INFO: Run Behavior\BuildLiteBehavior [ RunTime:0.000020s ]
INFO: [ app_init ] --END-- [ RunTime:0.000127s ]
INFO: [ app_begin ] --START--
INFO: Run Behavior\ReadHtmlCacheBehavior [ RunTime:0.003313s ]
INFO: [ app_begin ] --END-- [ RunTime:0.003405s ]
SQL: SHOW COLUMNS FROM `lib_book_species` [ RunTime:0.0008s ]
SQL: SELECT * FROM lib_book_species as a, 
			        (SELECT COUNT(*) as number, isbn as isbn2 FROM lib_book_unique 
					where book_id not in(select book_id from lib_remove) GROUP BY isbn) AS b 
			        where a.isbn = b.isbn2 ORDER BY species_id DESC LIMIT 0,20; [ RunTime:0.0012s ]
INFO: [ app_end ] --START--
INFO: Run Behavior\ShowPageTraceBehavior [ RunTime:0.000645s ]
INFO: [ app_end ] --END-- [ RunTime:0.000710s ]

[ 2018-11-07T22:09:01+08:00 ] ::1 /libSys/Index.php?s=/Staff/Index/incomeMonth.html
INFO: [ app_init ] --START--
INFO: Run Behavior\BuildLiteBehavior [ RunTime:0.000039s ]
INFO: [ app_init ] --END-- [ RunTime:0.000173s ]
INFO: [ app_begin ] --START--
INFO: Run Behavior\ReadHtmlCacheBehavior [ RunTime:0.000922s ]
INFO: [ app_begin ] --END-- [ RunTime:0.001009s ]
SQL: SHOW COLUMNS FROM `lib_user` [ RunTime:0.0009s ]
SQL: select * from lib_monthly_income; [ RunTime:0.0003s ]
INFO: [ app_end ] --START--
INFO: Run Behavior\ShowPageTraceBehavior [ RunTime:0.000918s ]
INFO: [ app_end ] --END-- [ RunTime:0.000985s ]

[ 2018-11-07T22:09:01+08:00 ] ::1 /libSys/Index.php?s=/Staff/Index/incomeDay.html
INFO: [ app_init ] --START--
INFO: Run Behavior\BuildLiteBehavior [ RunTime:0.000024s ]
INFO: [ app_init ] --END-- [ RunTime:0.000156s ]
INFO: [ app_begin ] --START--
INFO: Run Behavior\ReadHtmlCacheBehavior [ RunTime:0.001037s ]
INFO: [ app_begin ] --END-- [ RunTime:0.001137s ]
SQL: SHOW COLUMNS FROM `lib_user` [ RunTime:0.0006s ]
SQL: select * from lib_daily_income; [ RunTime:0.0004s ]
INFO: [ app_end ] --START--
INFO: Run Behavior\ShowPageTraceBehavior [ RunTime:0.000899s ]
INFO: [ app_end ] --END-- [ RunTime:0.000983s ]

[ 2018-11-07T22:09:01+08:00 ] ::1 /libSys/Index.php?s=/Staff/Index/getUser.html
INFO: [ app_init ] --START--
INFO: Run Behavior\BuildLiteBehavior [ RunTime:0.000022s ]
INFO: [ app_init ] --END-- [ RunTime:0.000182s ]
INFO: [ app_begin ] --START--
INFO: Run Behavior\ReadHtmlCacheBehavior [ RunTime:0.000626s ]
INFO: [ app_begin ] --END-- [ RunTime:0.000720s ]
SQL: SHOW COLUMNS FROM `lib_user` [ RunTime:0.0006s ]
SQL: select * from lib_user [ RunTime:0.0004s ]
INFO: [ app_end ] --START--
INFO: Run Behavior\ShowPageTraceBehavior [ RunTime:0.000889s ]
INFO: [ app_end ] --END-- [ RunTime:0.001024s ]

[ 2018-11-07T22:09:01+08:00 ] ::1 /libSys/Index.php?s=/Staff/Index/incomeWeek.html
INFO: [ app_init ] --START--
INFO: Run Behavior\BuildLiteBehavior [ RunTime:0.000027s ]
INFO: [ app_init ] --END-- [ RunTime:0.000155s ]
INFO: [ app_begin ] --START--
INFO: Run Behavior\ReadHtmlCacheBehavior [ RunTime:0.001137s ]
INFO: [ app_begin ] --END-- [ RunTime:0.001229s ]
SQL: SHOW COLUMNS FROM `lib_user` [ RunTime:0.0006s ]
SQL: select * from lib_weekly_income; [ RunTime:0.0003s ]
INFO: [ app_end ] --START--
INFO: Run Behavior\ShowPageTraceBehavior [ RunTime:0.000934s ]
INFO: [ app_end ] --END-- [ RunTime:0.001046s ]

[ 2018-11-07T22:09:01+08:00 ] ::1 /libSys/Index.php?s=/Staff/Index/getBalance.html
INFO: [ app_init ] --START--
INFO: Run Behavior\BuildLiteBehavior [ RunTime:0.000027s ]
INFO: [ app_init ] --END-- [ RunTime:0.000113s ]
INFO: [ app_begin ] --START--
INFO: Run Behavior\ReadHtmlCacheBehavior [ RunTime:0.000258s ]
INFO: [ app_begin ] --END-- [ RunTime:0.000308s ]
SQL: SHOW COLUMNS FROM `lib_setting` [ RunTime:0.0007s ]
SQL: select * from lib_setting  [ RunTime:0.0003s ]
INFO: [ app_end ] --START--
INFO: Run Behavior\ShowPageTraceBehavior [ RunTime:0.000486s ]
INFO: [ app_end ] --END-- [ RunTime:0.000587s ]

[ 2018-11-07T22:09:01+08:00 ] ::1 /libSys/Index.php?s=/Staff/Index/getReturnList.html
INFO: [ app_init ] --START--
INFO: Run Behavior\BuildLiteBehavior [ RunTime:0.000025s ]
INFO: [ app_init ] --END-- [ RunTime:0.000149s ]
INFO: [ app_begin ] --START--
INFO: Run Behavior\ReadHtmlCacheBehavior [ RunTime:0.000326s ]
INFO: [ app_begin ] --END-- [ RunTime:0.000374s ]
SQL: SHOW COLUMNS FROM `lib_return` [ RunTime:0.0005s ]
SQL: SELECT * FROM lib_return join lib_book_unique using(book_id) join lib_book_species using (isbn) join lib_user using (user_id); [ RunTime:0.0006s ]
NOTIC: [8] A non well formed numeric value encountered D:\Applications\wamp64\www\libSys\libSys\Staff\Controller\IndexController.class.php 第 653 行.
NOTIC: [8] A non well formed numeric value encountered D:\Applications\wamp64\www\libSys\libSys\Staff\Controller\IndexController.class.php 第 653 行.
NOTIC: [8] A non well formed numeric value encountered D:\Applications\wamp64\www\libSys\libSys\Staff\Controller\IndexController.class.php 第 653 行.
NOTIC: [8] A non well formed numeric value encountered D:\Applications\wamp64\www\libSys\libSys\Staff\Controller\IndexController.class.php 第 653 行.
NOTIC: [8] A non well formed numeric value encountered D:\Applications\wamp64\www\libSys\libSys\Staff\Controller\IndexController.class.php 第 653 行.
INFO: [ app_end ] --START--
INFO: Run Behavior\ShowPageTraceBehavior [ RunTime:0.000488s ]
INFO: [ app_end ] --END-- [ RunTime:0.000590s ]

[ 2018-11-07T22:09:01+08:00 ] ::1 /libSys/Index.php?s=/Staff/Index/getDeleteList.html
INFO: [ app_init ] --START--
INFO: Run Behavior\BuildLiteBehavior [ RunTime:0.000018s ]
INFO: [ app_init ] --END-- [ RunTime:0.000095s ]
INFO: [ app_begin ] --START--
INFO: Run Behavior\ReadHtmlCacheBehavior [ RunTime:0.000359s ]
INFO: [ app_begin ] --END-- [ RunTime:0.000436s ]
SQL: SHOW COLUMNS FROM `lib_remove` [ RunTime:0.0007s ]
SQL: SELECT * FROM lib_remove join lib_book_unique using(book_id) join lib_book_species using (isbn) Order by remove_time DESC; [ RunTime:0.0012s ]
INFO: [ app_end ] --START--
INFO: Run Behavior\ShowPageTraceBehavior [ RunTime:0.000314s ]
INFO: [ app_end ] --END-- [ RunTime:0.000369s ]

[ 2018-11-07T22:09:01+08:00 ] ::1 /libSys/Index.php?s=/Staff/Index/getInfo.html
INFO: [ app_init ] --START--
INFO: Run Behavior\BuildLiteBehavior [ RunTime:0.000027s ]
INFO: [ app_init ] --END-- [ RunTime:0.000161s ]
INFO: [ app_begin ] --START--
INFO: Run Behavior\ReadHtmlCacheBehavior [ RunTime:0.000280s ]
INFO: [ app_begin ] --END-- [ RunTime:0.000326s ]
SQL: SHOW COLUMNS FROM `lib_staff` [ RunTime:0.0005s ]
SQL: select * from lib_staff where staff_id = '2016303120' [ RunTime:0.0002s ]
INFO: [ app_end ] --START--
INFO: Run Behavior\ShowPageTraceBehavior [ RunTime:0.000344s ]
INFO: [ app_end ] --END-- [ RunTime:0.000388s ]

[ 2018-11-07T22:09:01+08:00 ] ::1 /libSys/Index.php?s=/Staff/Index/getNotice.html
INFO: [ app_init ] --START--
INFO: Run Behavior\BuildLiteBehavior [ RunTime:0.000026s ]
INFO: [ app_init ] --END-- [ RunTime:0.000211s ]
INFO: [ app_begin ] --START--
INFO: Run Behavior\ReadHtmlCacheBehavior [ RunTime:0.000436s ]
INFO: [ app_begin ] --END-- [ RunTime:0.000510s ]
SQL: SHOW COLUMNS FROM `lib_notice` [ RunTime:0.0005s ]
SQL: select * from lib_notice [ RunTime:0.0002s ]
INFO: [ app_end ] --START--
INFO: Run Behavior\ShowPageTraceBehavior [ RunTime:0.000310s ]
INFO: [ app_end ] --END-- [ RunTime:0.000379s ]

[ 2018-11-07T22:09:01+08:00 ] ::1 /libSys/Index.php?s=/Staff/Index/getDate.html
INFO: [ app_init ] --START--
INFO: Run Behavior\BuildLiteBehavior [ RunTime:0.000024s ]
INFO: [ app_init ] --END-- [ RunTime:0.000140s ]
INFO: [ app_begin ] --START--
INFO: Run Behavior\ReadHtmlCacheBehavior [ RunTime:0.000438s ]
INFO: [ app_begin ] --END-- [ RunTime:0.000536s ]
INFO: [ app_end ] --START--
INFO: Run Behavior\ShowPageTraceBehavior [ RunTime:0.000290s ]
INFO: [ app_end ] --END-- [ RunTime:0.000364s ]

[ 2018-11-07T22:09:01+08:00 ] ::1 /libSys/Index.php?s=/Staff/Index/getCategoryList.html
INFO: [ app_init ] --START--
INFO: Run Behavior\BuildLiteBehavior [ RunTime:0.000014s ]
INFO: [ app_init ] --END-- [ RunTime:0.000082s ]
INFO: [ app_begin ] --START--
INFO: Run Behavior\ReadHtmlCacheBehavior [ RunTime:0.000363s ]
INFO: [ app_begin ] --END-- [ RunTime:0.000426s ]
SQL: SHOW COLUMNS FROM `lib_category` [ RunTime:0.0009s ]
SQL: SELECT * FROM lib_category; [ RunTime:0.0005s ]
INFO: [ app_end ] --START--
INFO: Run Behavior\ShowPageTraceBehavior [ RunTime:0.001252s ]
INFO: [ app_end ] --END-- [ RunTime:0.001361s ]

[ 2018-11-07T22:09:01+08:00 ] ::1 /libSys/Index.php?s=/Staff/Index/getLocationList.html
INFO: [ app_init ] --START--
INFO: Run Behavior\BuildLiteBehavior [ RunTime:0.000019s ]
INFO: [ app_init ] --END-- [ RunTime:0.000127s ]
INFO: [ app_begin ] --START--
INFO: Run Behavior\ReadHtmlCacheBehavior [ RunTime:0.000261s ]
INFO: [ app_begin ] --END-- [ RunTime:0.000309s ]
SQL: SHOW COLUMNS FROM `lib_location` [ RunTime:0.0009s ]
SQL: SELECT * FROM lib_location; [ RunTime:0.0003s ]
INFO: [ app_end ] --START--
INFO: Run Behavior\ShowPageTraceBehavior [ RunTime:0.000629s ]
INFO: [ app_end ] --END-- [ RunTime:0.000734s ]

