[ 2018-04-22T22:09:16+08:00 ] 127.0.0.1 /
INFO: [ app_init ] --START--
INFO: Run Behavior\BuildLiteBehavior [ RunTime:0.000027s ]
INFO: [ app_init ] --END-- [ RunTime:0.000612s ]
INFO: [ app_begin ] --START--
INFO: Run Behavior\ReadHtmlCacheBehavior [ RunTime:0.000405s ]
INFO: [ app_begin ] --END-- [ RunTime:0.000443s ]
INFO: [ view_parse ] --START--
INFO: [ template_filter ] --START--
INFO: Run Behavior\ContentReplaceBehavior [ RunTime:0.000056s ]
INFO: [ template_filter ] --END-- [ RunTime:0.000092s ]
INFO: Run Behavior\ParseTemplateBehavior [ RunTime:0.004597s ]
INFO: [ view_parse ] --END-- [ RunTime:0.004636s ]
INFO: [ view_filter ] --START--
INFO: Run Behavior\WriteHtmlCacheBehavior [ RunTime:0.000227s ]
INFO: [ view_filter ] --END-- [ RunTime:0.000253s ]
INFO: [ app_end ] --START--
INFO: Run Behavior\ShowPageTraceBehavior [ RunTime:0.000367s ]
INFO: [ app_end ] --END-- [ RunTime:0.000395s ]

[ 2018-04-22T22:09:24+08:00 ] 127.0.0.1 /index.php/home/index/login.html
INFO: [ app_init ] --START--
INFO: Run Behavior\BuildLiteBehavior [ RunTime:0.000009s ]
INFO: [ app_init ] --END-- [ RunTime:0.000234s ]
INFO: [ app_begin ] --START--
INFO: Run Behavior\ReadHtmlCacheBehavior [ RunTime:0.000294s ]
INFO: [ app_begin ] --END-- [ RunTime:0.000330s ]
SQL:  select auth from think_login where id = '2016303110' and pd = '123456'  [ RunTime:0.0671s ]
NOTIC: [8] Use of undefined constant auth - assumed 'auth' D:\xammp\htdocs\samanagement\thinkPHPstudy\MKS\Home\Controller\IndexController.class.php 第 22 行.
SQL: select name from think_user_info where id='2016303110'  [ RunTime:0.0468s ]

[ 2018-04-22T22:09:24+08:00 ] 127.0.0.1 /index.php/home/home/generalteacher.html
INFO: [ app_init ] --START--
INFO: Run Behavior\BuildLiteBehavior [ RunTime:0.000008s ]
INFO: [ app_init ] --END-- [ RunTime:0.000220s ]
INFO: [ app_begin ] --START--
INFO: Run Behavior\ReadHtmlCacheBehavior [ RunTime:0.000317s ]
INFO: [ app_begin ] --END-- [ RunTime:0.000349s ]
SQL: select * from think_user_info where id = '2016303110'  [ RunTime:0.0004s ]
SQL: select * from think_user_job where id = '2016303110'  [ RunTime:0.0332s ]
SQL: select * from think_user_edu where id = '2016303110'  [ RunTime:0.0379s ]
SQL: select pd from think_login where id ='2016303110'  [ RunTime:0.0005s ]
SQL: select c1.num, c1.name,c1.dep,c1.tm,c1.lv from think_teach_ach c1,think_map_status c2 where c1.num=c2.num and c1.ptype=c2.ptype and c2.id='2016303110' and c2.ptype='teach_ach'  [ RunTime:0.1323s ]
INFO: [ view_parse ] --START--
INFO: [ template_filter ] --START--
INFO: Run Behavior\ContentReplaceBehavior [ RunTime:0.000123s ]
INFO: [ template_filter ] --END-- [ RunTime:0.000216s ]
NOTIC: [8] Undefined index: profession D:\xammp\htdocs\samanagement\thinkPHPstudy\MKS\Runtime\Cache\Home\e88c1ddfb436e39492e599d16fa3ad8f.php 第 36 行.
NOTIC: [8] Undefined variable: teachAchYES D:\xammp\htdocs\samanagement\thinkPHPstudy\MKS\Runtime\Cache\Home\e88c1ddfb436e39492e599d16fa3ad8f.php 第 68 行.
NOTIC: [8] Undefined variable: teachAchWAIT D:\xammp\htdocs\samanagement\thinkPHPstudy\MKS\Runtime\Cache\Home\e88c1ddfb436e39492e599d16fa3ad8f.php 第 69 行.
NOTIC: [8] Undefined variable: teachAchNO D:\xammp\htdocs\samanagement\thinkPHPstudy\MKS\Runtime\Cache\Home\e88c1ddfb436e39492e599d16fa3ad8f.php 第 70 行.
INFO: Run Behavior\ParseTemplateBehavior [ RunTime:0.065633s ]
INFO: [ view_parse ] --END-- [ RunTime:0.065700s ]
INFO: [ view_filter ] --START--
INFO: Run Behavior\WriteHtmlCacheBehavior [ RunTime:0.000160s ]
INFO: [ view_filter ] --END-- [ RunTime:0.000185s ]
INFO: [ app_end ] --START--
INFO: Run Behavior\ShowPageTraceBehavior [ RunTime:0.000283s ]
INFO: [ app_end ] --END-- [ RunTime:0.000309s ]

[ 2018-04-22T22:10:22+08:00 ] 127.0.0.1 /index.php/home/homoe/updateteachach.html
INFO: [ app_init ] --START--
INFO: Run Behavior\BuildLiteBehavior [ RunTime:0.000014s ]
INFO: [ app_init ] --END-- [ RunTime:0.000403s ]
INFO: [ app_begin ] --START--
INFO: Run Behavior\ReadHtmlCacheBehavior [ RunTime:0.000379s ]
INFO: [ app_begin ] --END-- [ RunTime:0.000415s ]
ERR: 无法加载控制器:Homoe

[ 2018-04-22T22:10:27+08:00 ] 127.0.0.1 /index.php/home/home/deleteteachach.html
INFO: [ app_init ] --START--
INFO: Run Behavior\BuildLiteBehavior [ RunTime:0.000010s ]
INFO: [ app_init ] --END-- [ RunTime:0.000255s ]
INFO: [ app_begin ] --START--
INFO: Run Behavior\ReadHtmlCacheBehavior [ RunTime:0.000311s ]
INFO: [ app_begin ] --END-- [ RunTime:0.000346s ]
ERR: 非法操作:deleteteachach

[ 2018-04-22T23:10:21+08:00 ] 127.0.0.1 /index.php/home/home/generalteacher.html
INFO: [ app_init ] --START--
INFO: Run Behavior\BuildLiteBehavior [ RunTime:0.000012s ]
INFO: [ app_init ] --END-- [ RunTime:0.032788s ]
INFO: [ app_begin ] --START--
INFO: Run Behavior\ReadHtmlCacheBehavior [ RunTime:0.022612s ]
INFO: [ app_begin ] --END-- [ RunTime:0.022676s ]
SQL: select * from think_user_info where id = '2016303110'  [ RunTime:0.0942s ]
SQL: select * from think_user_job where id = '2016303110'  [ RunTime:0.0008s ]
SQL: select * from think_user_edu where id = '2016303110'  [ RunTime:0.0004s ]
SQL: select pd from think_login where id ='2016303110'  [ RunTime:0.0005s ]
SQL: select c1.num, c1.name,c1.dep,c1.tm,c1.lv from think_teach_ach c1,think_map_status c2 where c1.num=c2.num and c1.ptype=c2.ptype and c2.id='2016303110' and c2.ptype='teach_ach'  [ RunTime:0.0033s ]
INFO: [ view_parse ] --START--
INFO: [ template_filter ] --START--
INFO: Run Behavior\ContentReplaceBehavior [ RunTime:0.021659s ]
INFO: [ template_filter ] --END-- [ RunTime:0.021757s ]
NOTIC: [8] Undefined index: profession D:\xammp\htdocs\samanagement\thinkPHPstudy\MKS\Runtime\Cache\Home\e88c1ddfb436e39492e599d16fa3ad8f.php 第 34 行.
NOTIC: [8] Undefined variable: teachAchYES D:\xammp\htdocs\samanagement\thinkPHPstudy\MKS\Runtime\Cache\Home\e88c1ddfb436e39492e599d16fa3ad8f.php 第 66 行.
NOTIC: [8] Undefined variable: teachAchWAIT D:\xammp\htdocs\samanagement\thinkPHPstudy\MKS\Runtime\Cache\Home\e88c1ddfb436e39492e599d16fa3ad8f.php 第 67 行.
NOTIC: [8] Undefined variable: teachAchNO D:\xammp\htdocs\samanagement\thinkPHPstudy\MKS\Runtime\Cache\Home\e88c1ddfb436e39492e599d16fa3ad8f.php 第 68 行.
INFO: Run Behavior\ParseTemplateBehavior [ RunTime:0.390282s ]
INFO: [ view_parse ] --END-- [ RunTime:0.390323s ]
INFO: [ view_filter ] --START--
INFO: Run Behavior\WriteHtmlCacheBehavior [ RunTime:0.065080s ]
INFO: [ view_filter ] --END-- [ RunTime:0.065178s ]
INFO: [ app_end ] --START--
INFO: Run Behavior\ShowPageTraceBehavior [ RunTime:0.022179s ]
INFO: [ app_end ] --END-- [ RunTime:0.022219s ]

[ 2018-04-22T23:10:22+08:00 ] 127.0.0.1 /index.php/home/home/_ROOT_/Public/syspkg/jquery-3.2.1.min.js
INFO: [ app_init ] --START--
INFO: Run Behavior\BuildLiteBehavior [ RunTime:0.000009s ]
INFO: [ app_init ] --END-- [ RunTime:0.000238s ]
INFO: [ app_begin ] --START--
INFO: Run Behavior\ReadHtmlCacheBehavior [ RunTime:0.000392s ]
INFO: [ app_begin ] --END-- [ RunTime:0.000442s ]
ERR: 非法操作:_root_

[ 2018-04-22T23:38:40+08:00 ] 127.0.0.1 /index.php/home/home/generalteacher.html
INFO: [ app_init ] --START--
INFO: Run Behavior\BuildLiteBehavior [ RunTime:0.000009s ]
INFO: [ app_init ] --END-- [ RunTime:0.000263s ]
INFO: [ app_begin ] --START--
INFO: Run Behavior\ReadHtmlCacheBehavior [ RunTime:0.000379s ]
INFO: [ app_begin ] --END-- [ RunTime:0.000416s ]

[ 2018-04-22T23:41:52+08:00 ] 127.0.0.1 /index.php/home/home/generalteacher.html
INFO: [ app_init ] --START--
INFO: Run Behavior\BuildLiteBehavior [ RunTime:0.000010s ]
INFO: [ app_init ] --END-- [ RunTime:0.000290s ]
INFO: [ app_begin ] --START--
INFO: Run Behavior\ReadHtmlCacheBehavior [ RunTime:0.000385s ]
INFO: [ app_begin ] --END-- [ RunTime:0.000421s ]
SQL: select * from think_user_info where id = '2016303110'  [ RunTime:0.0004s ]
SQL: select * from think_user_job where id = '2016303110'  [ RunTime:0.0005s ]
SQL: select * from think_user_edu where id = '2016303110'  [ RunTime:0.0002s ]
SQL: select pd from think_login where id ='2016303110'  [ RunTime:0.0002s ]
SQL: select c1.num, c1.name,c1.dep,c1.tm,c1.lv from think_teach_ach c1,think_map_status c2 where c1.num=c2.num and c1.ptype=c2.ptype and c2.id='2016303110' and c2.ptype='teach_ach'  [ RunTime:0.0005s ]
INFO: [ view_parse ] --START--
INFO: [ template_filter ] --START--
INFO: Run Behavior\ContentReplaceBehavior [ RunTime:0.000064s ]
INFO: [ template_filter ] --END-- [ RunTime:0.000117s ]
NOTIC: [8] Undefined index: profession D:\xammp\htdocs\samanagement\thinkPHPstudy\MKS\Runtime\Cache\Home\e88c1ddfb436e39492e599d16fa3ad8f.php 第 44 行.
NOTIC: [8] Undefined variable: teachAchYES D:\xammp\htdocs\samanagement\thinkPHPstudy\MKS\Runtime\Cache\Home\e88c1ddfb436e39492e599d16fa3ad8f.php 第 76 行.
NOTIC: [8] Undefined variable: teachAchWAIT D:\xammp\htdocs\samanagement\thinkPHPstudy\MKS\Runtime\Cache\Home\e88c1ddfb436e39492e599d16fa3ad8f.php 第 77 行.
NOTIC: [8] Undefined variable: teachAchNO D:\xammp\htdocs\samanagement\thinkPHPstudy\MKS\Runtime\Cache\Home\e88c1ddfb436e39492e599d16fa3ad8f.php 第 78 行.
INFO: Run Behavior\ParseTemplateBehavior [ RunTime:0.057627s ]
INFO: [ view_parse ] --END-- [ RunTime:0.057686s ]
INFO: [ view_filter ] --START--
INFO: Run Behavior\WriteHtmlCacheBehavior [ RunTime:0.000286s ]
INFO: [ view_filter ] --END-- [ RunTime:0.000325s ]
INFO: [ app_end ] --START--
INFO: Run Behavior\ShowPageTraceBehavior [ RunTime:0.000458s ]
INFO: [ app_end ] --END-- [ RunTime:0.000499s ]

[ 2018-04-22T23:41:52+08:00 ] 127.0.0.1 /index.php/home/home/_ROOT_/Public/syspkg/jquery-3.2.1.min.js
INFO: [ app_init ] --START--
INFO: Run Behavior\BuildLiteBehavior [ RunTime:0.000012s ]
INFO: [ app_init ] --END-- [ RunTime:0.000484s ]
INFO: [ app_begin ] --START--
INFO: Run Behavior\ReadHtmlCacheBehavior [ RunTime:0.000459s ]
INFO: [ app_begin ] --END-- [ RunTime:0.000499s ]
ERR: 非法操作:_root_

[ 2018-04-22T23:56:29+08:00 ] 127.0.0.1 /index.php/home/home/generalteacher.html
INFO: [ app_init ] --START--
INFO: Run Behavior\BuildLiteBehavior [ RunTime:0.000012s ]
INFO: [ app_init ] --END-- [ RunTime:0.013319s ]
INFO: [ app_begin ] --START--
INFO: Run Behavior\ReadHtmlCacheBehavior [ RunTime:0.023326s ]
INFO: [ app_begin ] --END-- [ RunTime:0.023422s ]
SQL: select * from think_user_info where id = '2016303110'  [ RunTime:0.0182s ]
SQL: select * from think_user_job where id = '2016303110'  [ RunTime:0.0002s ]
SQL: select * from think_user_edu where id = '2016303110'  [ RunTime:0.0004s ]
SQL: select pd from think_login where id ='2016303110'  [ RunTime:0.0003s ]
SQL: select c1.num, c1.name,c1.dep,c1.tm,c1.lv from think_teach_ach c1,think_map_status c2 where c1.num=c2.num and c1.ptype=c2.ptype and c2.id='2016303110' and c2.ptype='teach_ach'  [ RunTime:0.0171s ]
INFO: [ view_parse ] --START--
INFO: [ template_filter ] --START--
INFO: Run Behavior\ContentReplaceBehavior [ RunTime:0.000354s ]
INFO: [ template_filter ] --END-- [ RunTime:0.000461s ]
NOTIC: [8] Undefined index: profession D:\xammp\htdocs\samanagement\thinkPHPstudy\MKS\Runtime\Cache\Home\e88c1ddfb436e39492e599d16fa3ad8f.php 第 44 行.
NOTIC: [8] Undefined variable: teachAchYES D:\xammp\htdocs\samanagement\thinkPHPstudy\MKS\Runtime\Cache\Home\e88c1ddfb436e39492e599d16fa3ad8f.php 第 76 行.
NOTIC: [8] Undefined variable: teachAchWAIT D:\xammp\htdocs\samanagement\thinkPHPstudy\MKS\Runtime\Cache\Home\e88c1ddfb436e39492e599d16fa3ad8f.php 第 77 行.
NOTIC: [8] Undefined variable: teachAchNO D:\xammp\htdocs\samanagement\thinkPHPstudy\MKS\Runtime\Cache\Home\e88c1ddfb436e39492e599d16fa3ad8f.php 第 78 行.
INFO: Run Behavior\ParseTemplateBehavior [ RunTime:0.263108s ]
INFO: [ view_parse ] --END-- [ RunTime:0.263210s ]
INFO: [ view_filter ] --START--
INFO: Run Behavior\WriteHtmlCacheBehavior [ RunTime:0.006113s ]
INFO: [ view_filter ] --END-- [ RunTime:0.006150s ]
INFO: [ app_end ] --START--
INFO: Run Behavior\ShowPageTraceBehavior [ RunTime:0.009543s ]
INFO: [ app_end ] --END-- [ RunTime:0.009581s ]

[ 2018-04-22T23:56:33+08:00 ] 127.0.0.1 /index.php/home/home/deleteteachach.html
INFO: [ app_init ] --START--
INFO: Run Behavior\BuildLiteBehavior [ RunTime:0.000008s ]
INFO: [ app_init ] --END-- [ RunTime:0.000236s ]
INFO: [ app_begin ] --START--
INFO: Run Behavior\ReadHtmlCacheBehavior [ RunTime:0.000332s ]
INFO: [ app_begin ] --END-- [ RunTime:0.000367s ]
INFO: [ app_end ] --START--
INFO: Run Behavior\ShowPageTraceBehavior [ RunTime:0.000612s ]
INFO: [ app_end ] --END-- [ RunTime:0.000696s ]

[ 2018-04-22T23:56:38+08:00 ] 127.0.0.1 /index.php/home/home/deleteteachach.html
INFO: [ app_init ] --START--
INFO: Run Behavior\BuildLiteBehavior [ RunTime:0.000013s ]
INFO: [ app_init ] --END-- [ RunTime:0.000314s ]
INFO: [ app_begin ] --START--
INFO: Run Behavior\ReadHtmlCacheBehavior [ RunTime:0.000357s ]
INFO: [ app_begin ] --END-- [ RunTime:0.000407s ]
INFO: [ app_end ] --START--
INFO: Run Behavior\ShowPageTraceBehavior [ RunTime:0.000358s ]
INFO: [ app_end ] --END-- [ RunTime:0.000390s ]

[ 2018-04-22T23:58:06+08:00 ] 127.0.0.1 /index.php/home/home/generalteacher.html
INFO: [ app_init ] --START--
INFO: Run Behavior\BuildLiteBehavior [ RunTime:0.000013s ]
INFO: [ app_init ] --END-- [ RunTime:0.000532s ]
INFO: [ app_begin ] --START--
INFO: Run Behavior\ReadHtmlCacheBehavior [ RunTime:0.000477s ]
INFO: [ app_begin ] --END-- [ RunTime:0.000520s ]
SQL: select * from think_user_info where id = '2016303110'  [ RunTime:0.0004s ]
SQL: select * from think_user_job where id = '2016303110'  [ RunTime:0.0002s ]
SQL: select * from think_user_edu where id = '2016303110'  [ RunTime:0.0002s ]
SQL: select pd from think_login where id ='2016303110'  [ RunTime:0.0002s ]
SQL: select c1.num, c1.name,c1.dep,c1.tm,c1.lv from think_teach_ach c1,think_map_status c2 where c1.num=c2.num and c1.ptype=c2.ptype and c2.id='2016303110' and c2.ptype='teach_ach'  [ RunTime:0.0003s ]
INFO: [ view_parse ] --START--
INFO: [ template_filter ] --START--
INFO: Run Behavior\ContentReplaceBehavior [ RunTime:0.000040s ]
INFO: [ template_filter ] --END-- [ RunTime:0.000077s ]
NOTIC: [8] Undefined index: profession D:\xammp\htdocs\samanagement\thinkPHPstudy\MKS\Runtime\Cache\Home\e88c1ddfb436e39492e599d16fa3ad8f.php 第 41 行.
NOTIC: [8] Undefined variable: teachAchYES D:\xammp\htdocs\samanagement\thinkPHPstudy\MKS\Runtime\Cache\Home\e88c1ddfb436e39492e599d16fa3ad8f.php 第 73 行.
NOTIC: [8] Undefined variable: teachAchWAIT D:\xammp\htdocs\samanagement\thinkPHPstudy\MKS\Runtime\Cache\Home\e88c1ddfb436e39492e599d16fa3ad8f.php 第 74 行.
NOTIC: [8] Undefined variable: teachAchNO D:\xammp\htdocs\samanagement\thinkPHPstudy\MKS\Runtime\Cache\Home\e88c1ddfb436e39492e599d16fa3ad8f.php 第 75 行.
INFO: Run Behavior\ParseTemplateBehavior [ RunTime:0.086719s ]
INFO: [ view_parse ] --END-- [ RunTime:0.086756s ]
INFO: [ view_filter ] --START--
INFO: Run Behavior\WriteHtmlCacheBehavior [ RunTime:0.000880s ]
INFO: [ view_filter ] --END-- [ RunTime:0.000947s ]
INFO: [ app_end ] --START--
INFO: Run Behavior\ShowPageTraceBehavior [ RunTime:0.000435s ]
INFO: [ app_end ] --END-- [ RunTime:0.000464s ]

[ 2018-04-22T23:58:08+08:00 ] 127.0.0.1 /index.php/home/home/deleteteachach.html
INFO: [ app_init ] --START--
INFO: Run Behavior\BuildLiteBehavior [ RunTime:0.000009s ]
INFO: [ app_init ] --END-- [ RunTime:0.000304s ]
INFO: [ app_begin ] --START--
INFO: Run Behavior\ReadHtmlCacheBehavior [ RunTime:0.000324s ]
INFO: [ app_begin ] --END-- [ RunTime:0.000354s ]
INFO: [ app_end ] --START--
INFO: Run Behavior\ShowPageTraceBehavior [ RunTime:0.000796s ]
INFO: [ app_end ] --END-- [ RunTime:0.000834s ]

[ 2018-04-22T23:58:10+08:00 ] 127.0.0.1 /index.php/home/home/deleteteachach.html
INFO: [ app_init ] --START--
INFO: Run Behavior\BuildLiteBehavior [ RunTime:0.000008s ]
INFO: [ app_init ] --END-- [ RunTime:0.000230s ]
INFO: [ app_begin ] --START--
INFO: Run Behavior\ReadHtmlCacheBehavior [ RunTime:0.000292s ]
INFO: [ app_begin ] --END-- [ RunTime:0.000324s ]
INFO: [ app_end ] --START--
INFO: Run Behavior\ShowPageTraceBehavior [ RunTime:0.000409s ]
INFO: [ app_end ] --END-- [ RunTime:0.000442s ]

[ 2018-04-22T23:58:11+08:00 ] 127.0.0.1 /index.php/home/home/deleteteachach.html
INFO: [ app_init ] --START--
INFO: Run Behavior\BuildLiteBehavior [ RunTime:0.000010s ]
INFO: [ app_init ] --END-- [ RunTime:0.000306s ]
INFO: [ app_begin ] --START--
INFO: Run Behavior\ReadHtmlCacheBehavior [ RunTime:0.000390s ]
INFO: [ app_begin ] --END-- [ RunTime:0.000433s ]
INFO: [ app_end ] --START--
INFO: Run Behavior\ShowPageTraceBehavior [ RunTime:0.001088s ]
INFO: [ app_end ] --END-- [ RunTime:0.001188s ]

[ 2018-04-22T23:58:11+08:00 ] 127.0.0.1 /index.php/home/home/deleteteachach.html
INFO: [ app_init ] --START--
INFO: Run Behavior\BuildLiteBehavior [ RunTime:0.000008s ]
INFO: [ app_init ] --END-- [ RunTime:0.000229s ]
INFO: [ app_begin ] --START--
INFO: Run Behavior\ReadHtmlCacheBehavior [ RunTime:0.000324s ]
INFO: [ app_begin ] --END-- [ RunTime:0.000355s ]
INFO: [ app_end ] --START--
INFO: Run Behavior\ShowPageTraceBehavior [ RunTime:0.000482s ]
INFO: [ app_end ] --END-- [ RunTime:0.000514s ]

[ 2018-04-22T23:58:11+08:00 ] 127.0.0.1 /index.php/home/home/deleteteachach.html
INFO: [ app_init ] --START--
INFO: Run Behavior\BuildLiteBehavior [ RunTime:0.000009s ]
INFO: [ app_init ] --END-- [ RunTime:0.000236s ]
INFO: [ app_begin ] --START--
INFO: Run Behavior\ReadHtmlCacheBehavior [ RunTime:0.000302s ]
INFO: [ app_begin ] --END-- [ RunTime:0.000336s ]
INFO: [ app_end ] --START--
INFO: Run Behavior\ShowPageTraceBehavior [ RunTime:0.000428s ]
INFO: [ app_end ] --END-- [ RunTime:0.000462s ]

[ 2018-04-22T23:58:11+08:00 ] 127.0.0.1 /index.php/home/home/deleteteachach.html
INFO: [ app_init ] --START--
INFO: Run Behavior\BuildLiteBehavior [ RunTime:0.000008s ]
INFO: [ app_init ] --END-- [ RunTime:0.000235s ]
INFO: [ app_begin ] --START--
INFO: Run Behavior\ReadHtmlCacheBehavior [ RunTime:0.000362s ]
INFO: [ app_begin ] --END-- [ RunTime:0.000393s ]
INFO: [ app_end ] --START--
INFO: Run Behavior\ShowPageTraceBehavior [ RunTime:0.000417s ]
INFO: [ app_end ] --END-- [ RunTime:0.000449s ]

[ 2018-04-22T23:58:12+08:00 ] 127.0.0.1 /index.php/home/home/deleteteachach.html
INFO: [ app_init ] --START--
INFO: Run Behavior\BuildLiteBehavior [ RunTime:0.000017s ]
INFO: [ app_init ] --END-- [ RunTime:0.000492s ]
INFO: [ app_begin ] --START--
INFO: Run Behavior\ReadHtmlCacheBehavior [ RunTime:0.000309s ]
INFO: [ app_begin ] --END-- [ RunTime:0.000343s ]
INFO: [ app_end ] --START--
INFO: Run Behavior\ShowPageTraceBehavior [ RunTime:0.000409s ]
INFO: [ app_end ] --END-- [ RunTime:0.000444s ]

[ 2018-04-22T23:58:12+08:00 ] 127.0.0.1 /index.php/home/home/deleteteachach.html
INFO: [ app_init ] --START--
INFO: Run Behavior\BuildLiteBehavior [ RunTime:0.000007s ]
INFO: [ app_init ] --END-- [ RunTime:0.000235s ]
INFO: [ app_begin ] --START--
INFO: Run Behavior\ReadHtmlCacheBehavior [ RunTime:0.000301s ]
INFO: [ app_begin ] --END-- [ RunTime:0.000334s ]
INFO: [ app_end ] --START--
INFO: Run Behavior\ShowPageTraceBehavior [ RunTime:0.000427s ]
INFO: [ app_end ] --END-- [ RunTime:0.000461s ]

[ 2018-04-22T23:58:13+08:00 ] 127.0.0.1 /index.php/home/home/deleteteachach.html
INFO: [ app_init ] --START--
INFO: Run Behavior\BuildLiteBehavior [ RunTime:0.000014s ]
INFO: [ app_init ] --END-- [ RunTime:0.000368s ]
INFO: [ app_begin ] --START--
INFO: Run Behavior\ReadHtmlCacheBehavior [ RunTime:0.000715s ]
INFO: [ app_begin ] --END-- [ RunTime:0.000847s ]
INFO: [ app_end ] --START--
INFO: Run Behavior\ShowPageTraceBehavior [ RunTime:0.000544s ]
INFO: [ app_end ] --END-- [ RunTime:0.000593s ]

[ 2018-04-22T23:58:13+08:00 ] 127.0.0.1 /index.php/home/home/deleteteachach.html
INFO: [ app_init ] --START--
INFO: Run Behavior\BuildLiteBehavior [ RunTime:0.000028s ]
INFO: [ app_init ] --END-- [ RunTime:0.000470s ]
INFO: [ app_begin ] --START--
INFO: Run Behavior\ReadHtmlCacheBehavior [ RunTime:0.000344s ]
INFO: [ app_begin ] --END-- [ RunTime:0.000379s ]
INFO: [ app_end ] --START--
INFO: Run Behavior\ShowPageTraceBehavior [ RunTime:0.000467s ]
INFO: [ app_end ] --END-- [ RunTime:0.000500s ]

[ 2018-04-22T23:58:13+08:00 ] 127.0.0.1 /index.php/home/home/deleteteachach.html
INFO: [ app_init ] --START--
INFO: Run Behavior\BuildLiteBehavior [ RunTime:0.000009s ]
INFO: [ app_init ] --END-- [ RunTime:0.000282s ]
INFO: [ app_begin ] --START--
INFO: Run Behavior\ReadHtmlCacheBehavior [ RunTime:0.000293s ]
INFO: [ app_begin ] --END-- [ RunTime:0.000324s ]
INFO: [ app_end ] --START--
INFO: Run Behavior\ShowPageTraceBehavior [ RunTime:0.000410s ]
INFO: [ app_end ] --END-- [ RunTime:0.000442s ]

