[ 2018-05-02T22:49:54+08:00 ] 127.0.0.1 /
INFO: [ app_init ] --START--
INFO: Run Behavior\BuildLiteBehavior [ RunTime:0.000016s ]
INFO: [ app_init ] --END-- [ RunTime:0.065239s ]
INFO: [ app_begin ] --START--
INFO: Run Behavior\ReadHtmlCacheBehavior [ RunTime:0.025754s ]
INFO: [ app_begin ] --END-- [ RunTime:0.025851s ]
INFO: [ view_parse ] --START--
INFO: [ template_filter ] --START--
INFO: Run Behavior\ContentReplaceBehavior [ RunTime:0.000704s ]
INFO: [ template_filter ] --END-- [ RunTime:0.000773s ]
INFO: Run Behavior\ParseTemplateBehavior [ RunTime:0.278522s ]
INFO: [ view_parse ] --END-- [ RunTime:0.278667s ]
INFO: [ view_filter ] --START--
INFO: Run Behavior\WriteHtmlCacheBehavior [ RunTime:0.031697s ]
INFO: [ view_filter ] --END-- [ RunTime:0.031768s ]
INFO: [ app_end ] --START--
INFO: Run Behavior\ShowPageTraceBehavior [ RunTime:0.041427s ]
INFO: [ app_end ] --END-- [ RunTime:0.041494s ]

[ 2018-05-02T22:50:35+08:00 ] 127.0.0.1 /index.php/home/index/login.html
INFO: [ app_init ] --START--
INFO: Run Behavior\BuildLiteBehavior [ RunTime:0.000010s ]
INFO: [ app_init ] --END-- [ RunTime:0.000349s ]
INFO: [ app_begin ] --START--
INFO: Run Behavior\ReadHtmlCacheBehavior [ RunTime:0.000327s ]
INFO: [ app_begin ] --END-- [ RunTime:0.000364s ]
SQL:  select auth from think_login where id = '2016303110' and pd = '123456'  [ RunTime:0.0553s ]
NOTIC: [8] Use of undefined constant auth - assumed 'auth' D:\xammp\htdocs\samanagement\thinkPHPstudy\MKS\Home\Controller\IndexController.class.php 第 22 行.
SQL: select name from think_user_info where id='2016303110'  [ RunTime:0.0194s ]

[ 2018-05-02T22:50:36+08:00 ] 127.0.0.1 /index.php/home/home/generalteacher.html
INFO: [ app_init ] --START--
INFO: Run Behavior\BuildLiteBehavior [ RunTime:0.000008s ]
INFO: [ app_init ] --END-- [ RunTime:0.000233s ]
INFO: [ app_begin ] --START--
INFO: Run Behavior\ReadHtmlCacheBehavior [ RunTime:0.000322s ]
INFO: [ app_begin ] --END-- [ RunTime:0.000356s ]
SQL: select * from think_user_info where id = '2016303110'  [ RunTime:0.0003s ]
SQL: select * from think_user_job where id = '2016303110'  [ RunTime:0.0081s ]
SQL: select * from think_user_edu where id = '2016303110'  [ RunTime:0.0282s ]
SQL: select pd from think_login where id ='2016303110'  [ RunTime:0.0002s ]
SQL: select c1.years,c1.num, c1.name,c1.dep,c1.tm,c1.lv from think_teach_ach c1,think_map_status c2 where c1.num=c2.num and c1.ptype=c2.ptype and c2.id='2016303110' and c2.ptype='teach_ach'  [ RunTime:0.0341s ]
INFO: [ view_parse ] --START--
INFO: [ template_filter ] --START--
INFO: Run Behavior\ContentReplaceBehavior [ RunTime:0.000051s ]
INFO: [ template_filter ] --END-- [ RunTime:0.000088s ]
NOTIC: [8] Undefined index: profession D:\xammp\htdocs\samanagement\thinkPHPstudy\MKS\Runtime\Cache\Home\e88c1ddfb436e39492e599d16fa3ad8f.php 第 91 行.
NOTIC: [8] Undefined variable: teachAchYES D:\xammp\htdocs\samanagement\thinkPHPstudy\MKS\Runtime\Cache\Home\e88c1ddfb436e39492e599d16fa3ad8f.php 第 123 行.
NOTIC: [8] Undefined variable: teachAchWAIT D:\xammp\htdocs\samanagement\thinkPHPstudy\MKS\Runtime\Cache\Home\e88c1ddfb436e39492e599d16fa3ad8f.php 第 124 行.
NOTIC: [8] Undefined variable: teachAchNO D:\xammp\htdocs\samanagement\thinkPHPstudy\MKS\Runtime\Cache\Home\e88c1ddfb436e39492e599d16fa3ad8f.php 第 125 行.
INFO: Run Behavior\ParseTemplateBehavior [ RunTime:0.194627s ]
INFO: [ view_parse ] --END-- [ RunTime:0.194666s ]
INFO: [ view_filter ] --START--
INFO: Run Behavior\WriteHtmlCacheBehavior [ RunTime:0.000263s ]
INFO: [ view_filter ] --END-- [ RunTime:0.000289s ]
INFO: [ app_end ] --START--
INFO: Run Behavior\ShowPageTraceBehavior [ RunTime:0.000298s ]
INFO: [ app_end ] --END-- [ RunTime:0.000323s ]

[ 2018-05-02T22:50:40+08:00 ] 127.0.0.1 /index.php/home/index/quit.html
INFO: [ app_init ] --START--
INFO: Run Behavior\BuildLiteBehavior [ RunTime:0.000009s ]
INFO: [ app_init ] --END-- [ RunTime:0.000257s ]
INFO: [ app_begin ] --START--
INFO: Run Behavior\ReadHtmlCacheBehavior [ RunTime:0.000363s ]
INFO: [ app_begin ] --END-- [ RunTime:0.000395s ]
INFO: [ app_end ] --START--
INFO: Run Behavior\ShowPageTraceBehavior [ RunTime:0.000362s ]
INFO: [ app_end ] --END-- [ RunTime:0.000393s ]

[ 2018-05-02T22:50:40+08:00 ] 127.0.0.1 /index.php/home/index/index.html
INFO: [ app_init ] --START--
INFO: Run Behavior\BuildLiteBehavior [ RunTime:0.000009s ]
INFO: [ app_init ] --END-- [ RunTime:0.000387s ]
INFO: [ app_begin ] --START--
INFO: Run Behavior\ReadHtmlCacheBehavior [ RunTime:0.000352s ]
INFO: [ app_begin ] --END-- [ RunTime:0.000389s ]
INFO: [ view_parse ] --START--
INFO: [ template_filter ] --START--
INFO: Run Behavior\ContentReplaceBehavior [ RunTime:0.000024s ]
INFO: [ template_filter ] --END-- [ RunTime:0.000056s ]
INFO: Run Behavior\ParseTemplateBehavior [ RunTime:0.005532s ]
INFO: [ view_parse ] --END-- [ RunTime:0.005579s ]
INFO: [ view_filter ] --START--
INFO: Run Behavior\WriteHtmlCacheBehavior [ RunTime:0.000261s ]
INFO: [ view_filter ] --END-- [ RunTime:0.000289s ]
INFO: [ app_end ] --START--
INFO: Run Behavior\ShowPageTraceBehavior [ RunTime:0.000324s ]
INFO: [ app_end ] --END-- [ RunTime:0.000355s ]

[ 2018-05-02T22:50:56+08:00 ] 127.0.0.1 /index.php/home/index/login.html
INFO: [ app_init ] --START--
INFO: Run Behavior\BuildLiteBehavior [ RunTime:0.000009s ]
INFO: [ app_init ] --END-- [ RunTime:0.000244s ]
INFO: [ app_begin ] --START--
INFO: Run Behavior\ReadHtmlCacheBehavior [ RunTime:0.000307s ]
INFO: [ app_begin ] --END-- [ RunTime:0.000343s ]
SQL:  select auth from think_login where id = '2016303110' and pd = '123456'  [ RunTime:0.0003s ]
NOTIC: [8] Use of undefined constant auth - assumed 'auth' D:\xammp\htdocs\samanagement\thinkPHPstudy\MKS\Home\Controller\IndexController.class.php 第 22 行.
SQL: select name from think_user_info where id='2016303110'  [ RunTime:0.0002s ]

[ 2018-05-02T22:50:56+08:00 ] 127.0.0.1 /index.php/home/home/generalteacher.html
INFO: [ app_init ] --START--
INFO: Run Behavior\BuildLiteBehavior [ RunTime:0.000008s ]
INFO: [ app_init ] --END-- [ RunTime:0.000231s ]
INFO: [ app_begin ] --START--
INFO: Run Behavior\ReadHtmlCacheBehavior [ RunTime:0.000311s ]
INFO: [ app_begin ] --END-- [ RunTime:0.000345s ]
SQL: select * from think_user_info where id = '2016303110'  [ RunTime:0.0008s ]
SQL: select * from think_user_job where id = '2016303110'  [ RunTime:0.0009s ]
SQL: select * from think_user_edu where id = '2016303110'  [ RunTime:0.0005s ]
SQL: select pd from think_login where id ='2016303110'  [ RunTime:0.0005s ]
SQL: select c1.years,c1.num, c1.name,c1.dep,c1.tm,c1.lv from think_teach_ach c1,think_map_status c2 where c1.num=c2.num and c1.ptype=c2.ptype and c2.id='2016303110' and c2.ptype='teach_ach'  [ RunTime:0.0008s ]
INFO: [ view_parse ] --START--
INFO: [ template_filter ] --START--
INFO: Run Behavior\ContentReplaceBehavior [ RunTime:0.000099s ]
INFO: [ template_filter ] --END-- [ RunTime:0.000180s ]
NOTIC: [8] Undefined index: profession D:\xammp\htdocs\samanagement\thinkPHPstudy\MKS\Runtime\Cache\Home\e88c1ddfb436e39492e599d16fa3ad8f.php 第 91 行.
NOTIC: [8] Undefined variable: teachAchYES D:\xammp\htdocs\samanagement\thinkPHPstudy\MKS\Runtime\Cache\Home\e88c1ddfb436e39492e599d16fa3ad8f.php 第 123 行.
NOTIC: [8] Undefined variable: teachAchWAIT D:\xammp\htdocs\samanagement\thinkPHPstudy\MKS\Runtime\Cache\Home\e88c1ddfb436e39492e599d16fa3ad8f.php 第 124 行.
NOTIC: [8] Undefined variable: teachAchNO D:\xammp\htdocs\samanagement\thinkPHPstudy\MKS\Runtime\Cache\Home\e88c1ddfb436e39492e599d16fa3ad8f.php 第 125 行.
INFO: Run Behavior\ParseTemplateBehavior [ RunTime:0.018227s ]
INFO: [ view_parse ] --END-- [ RunTime:0.018311s ]
INFO: [ view_filter ] --START--
INFO: Run Behavior\WriteHtmlCacheBehavior [ RunTime:0.000308s ]
INFO: [ view_filter ] --END-- [ RunTime:0.000355s ]
INFO: [ app_end ] --START--
INFO: Run Behavior\ShowPageTraceBehavior [ RunTime:0.000497s ]
INFO: [ app_end ] --END-- [ RunTime:0.000540s ]

[ 2018-05-02T22:52:19+08:00 ] 127.0.0.1 /index.php/home/home/generalteacher.html
INFO: [ app_init ] --START--
INFO: Run Behavior\BuildLiteBehavior [ RunTime:0.000008s ]
INFO: [ app_init ] --END-- [ RunTime:0.000256s ]
INFO: [ app_begin ] --START--
INFO: Run Behavior\ReadHtmlCacheBehavior [ RunTime:0.000378s ]
INFO: [ app_begin ] --END-- [ RunTime:0.000414s ]
SQL: select * from think_user_info where id = '2016303110'  [ RunTime:0.0003s ]
SQL: select * from think_user_job where id = '2016303110'  [ RunTime:0.0004s ]
SQL: select * from think_user_edu where id = '2016303110'  [ RunTime:0.0002s ]
SQL: select pd from think_login where id ='2016303110'  [ RunTime:0.0002s ]
SQL: select c1.years,c1.num, c1.name,c1.dep,c1.tm,c1.lv from think_teach_ach c1,think_map_status c2 where c1.num=c2.num and c1.ptype=c2.ptype and c2.id='2016303110' and c2.ptype='teach_ach'  [ RunTime:0.0002s ]
INFO: [ view_parse ] --START--
INFO: [ template_filter ] --START--
INFO: Run Behavior\ContentReplaceBehavior [ RunTime:0.000042s ]
INFO: [ template_filter ] --END-- [ RunTime:0.000078s ]
NOTIC: [8] Undefined index: profession D:\xammp\htdocs\samanagement\thinkPHPstudy\MKS\Runtime\Cache\Home\e88c1ddfb436e39492e599d16fa3ad8f.php 第 91 行.
NOTIC: [8] Undefined variable: teachAchYES D:\xammp\htdocs\samanagement\thinkPHPstudy\MKS\Runtime\Cache\Home\e88c1ddfb436e39492e599d16fa3ad8f.php 第 123 行.
NOTIC: [8] Undefined variable: teachAchWAIT D:\xammp\htdocs\samanagement\thinkPHPstudy\MKS\Runtime\Cache\Home\e88c1ddfb436e39492e599d16fa3ad8f.php 第 124 行.
NOTIC: [8] Undefined variable: teachAchNO D:\xammp\htdocs\samanagement\thinkPHPstudy\MKS\Runtime\Cache\Home\e88c1ddfb436e39492e599d16fa3ad8f.php 第 125 行.
INFO: Run Behavior\ParseTemplateBehavior [ RunTime:0.008787s ]
INFO: [ view_parse ] --END-- [ RunTime:0.008820s ]
INFO: [ view_filter ] --START--
INFO: Run Behavior\WriteHtmlCacheBehavior [ RunTime:0.000250s ]
INFO: [ view_filter ] --END-- [ RunTime:0.000275s ]
INFO: [ app_end ] --START--
INFO: Run Behavior\ShowPageTraceBehavior [ RunTime:0.000358s ]
INFO: [ app_end ] --END-- [ RunTime:0.000384s ]

[ 2018-05-02T22:53:18+08:00 ] 127.0.0.1 /index.php/home/home/insertteachach.html
INFO: [ app_init ] --START--
INFO: Run Behavior\BuildLiteBehavior [ RunTime:0.000009s ]
INFO: [ app_init ] --END-- [ RunTime:0.000237s ]
INFO: [ app_begin ] --START--
INFO: Run Behavior\ReadHtmlCacheBehavior [ RunTime:0.000327s ]
INFO: [ app_begin ] --END-- [ RunTime:0.000363s ]
SQL: select timer from think_sys_timer where ptype='teach_ach' and years=2018  [ RunTime:0.0319s ]
NOTIC: [2] call_user_func() expects parameter 1 to be a valid callback, no array or string given D:\xammp\htdocs\samanagement\thinkPHPstudy\ThinkPHP\Library\Think\Upload.class.php 第 170 行.
SQL:  update think_sys_timer set timer=10 where  ptype='teach_ach' and years=2018  [ RunTime:0.9840s ]
SQL: insert into think_teach_ach values(9,2018,'teach_ach','program1','dep1','2018-05-02','1','/Public/support/2018-05-02/小芳_teachAch_9.jpg') [ RunTime:0.0918s ]
SQL: insert into think_map_status values('2016303110',2018,'teach_ach',9,'WAIT','')  [ RunTime:0.0353s ]

[ 2018-05-02T22:53:18+08:00 ] 127.0.0.1 /index.php/home/home/generalteacher.html
INFO: [ app_init ] --START--
INFO: Run Behavior\BuildLiteBehavior [ RunTime:0.000008s ]
INFO: [ app_init ] --END-- [ RunTime:0.000422s ]
INFO: [ app_begin ] --START--
INFO: Run Behavior\ReadHtmlCacheBehavior [ RunTime:0.001014s ]
INFO: [ app_begin ] --END-- [ RunTime:0.001050s ]
SQL: select * from think_user_info where id = '2016303110'  [ RunTime:0.0004s ]
SQL: select * from think_user_job where id = '2016303110'  [ RunTime:0.0002s ]
SQL: select * from think_user_edu where id = '2016303110'  [ RunTime:0.0002s ]
SQL: select pd from think_login where id ='2016303110'  [ RunTime:0.0002s ]
SQL: select c1.years,c1.num, c1.name,c1.dep,c1.tm,c1.lv from think_teach_ach c1,think_map_status c2 where c1.num=c2.num and c1.ptype=c2.ptype and c2.id='2016303110' and c2.ptype='teach_ach'  [ RunTime:0.0003s ]
INFO: [ view_parse ] --START--
INFO: [ template_filter ] --START--
INFO: Run Behavior\ContentReplaceBehavior [ RunTime:0.000063s ]
INFO: [ template_filter ] --END-- [ RunTime:0.000099s ]
NOTIC: [8] Undefined index: profession D:\xammp\htdocs\samanagement\thinkPHPstudy\MKS\Runtime\Cache\Home\e88c1ddfb436e39492e599d16fa3ad8f.php 第 91 行.
NOTIC: [8] Undefined variable: teachAchYES D:\xammp\htdocs\samanagement\thinkPHPstudy\MKS\Runtime\Cache\Home\e88c1ddfb436e39492e599d16fa3ad8f.php 第 123 行.
NOTIC: [8] Undefined variable: teachAchWAIT D:\xammp\htdocs\samanagement\thinkPHPstudy\MKS\Runtime\Cache\Home\e88c1ddfb436e39492e599d16fa3ad8f.php 第 124 行.
NOTIC: [8] Undefined variable: teachAchNO D:\xammp\htdocs\samanagement\thinkPHPstudy\MKS\Runtime\Cache\Home\e88c1ddfb436e39492e599d16fa3ad8f.php 第 125 行.
INFO: Run Behavior\ParseTemplateBehavior [ RunTime:0.009628s ]
INFO: [ view_parse ] --END-- [ RunTime:0.009662s ]
INFO: [ view_filter ] --START--
INFO: Run Behavior\WriteHtmlCacheBehavior [ RunTime:0.000773s ]
INFO: [ view_filter ] --END-- [ RunTime:0.000799s ]
INFO: [ app_end ] --START--
INFO: Run Behavior\ShowPageTraceBehavior [ RunTime:0.000893s ]
INFO: [ app_end ] --END-- [ RunTime:0.000934s ]

[ 2018-05-02T22:55:55+08:00 ] 127.0.0.1 /index.php/home/home/generalteacher.html
INFO: [ app_init ] --START--
INFO: Run Behavior\BuildLiteBehavior [ RunTime:0.000008s ]
INFO: [ app_init ] --END-- [ RunTime:0.000270s ]
INFO: [ app_begin ] --START--
INFO: Run Behavior\ReadHtmlCacheBehavior [ RunTime:0.000611s ]
INFO: [ app_begin ] --END-- [ RunTime:0.000740s ]
SQL: select * from think_user_info where id = '2016303110'  [ RunTime:0.0004s ]
SQL: select * from think_user_job where id = '2016303110'  [ RunTime:0.0002s ]
SQL: select * from think_user_edu where id = '2016303110'  [ RunTime:0.0002s ]
SQL: select pd from think_login where id ='2016303110'  [ RunTime:0.0002s ]
SQL: select c1.years,c1.num, c1.name,c1.dep,c1.tm,c1.lv from think_teach_ach c1,think_map_status c2 where c1.num=c2.num and c1.ptype=c2.ptype and c2.id='2016303110' and c2.ptype='teach_ach'  [ RunTime:0.0003s ]
INFO: [ view_parse ] --START--
INFO: [ template_filter ] --START--
INFO: Run Behavior\ContentReplaceBehavior [ RunTime:0.000046s ]
INFO: [ template_filter ] --END-- [ RunTime:0.000080s ]
NOTIC: [8] Undefined index: profession D:\xammp\htdocs\samanagement\thinkPHPstudy\MKS\Runtime\Cache\Home\e88c1ddfb436e39492e599d16fa3ad8f.php 第 91 行.
NOTIC: [8] Undefined variable: teachAchYES D:\xammp\htdocs\samanagement\thinkPHPstudy\MKS\Runtime\Cache\Home\e88c1ddfb436e39492e599d16fa3ad8f.php 第 123 行.
NOTIC: [8] Undefined variable: teachAchWAIT D:\xammp\htdocs\samanagement\thinkPHPstudy\MKS\Runtime\Cache\Home\e88c1ddfb436e39492e599d16fa3ad8f.php 第 124 行.
NOTIC: [8] Undefined variable: teachAchNO D:\xammp\htdocs\samanagement\thinkPHPstudy\MKS\Runtime\Cache\Home\e88c1ddfb436e39492e599d16fa3ad8f.php 第 125 行.
INFO: Run Behavior\ParseTemplateBehavior [ RunTime:0.052251s ]
INFO: [ view_parse ] --END-- [ RunTime:0.052285s ]
INFO: [ view_filter ] --START--
INFO: Run Behavior\WriteHtmlCacheBehavior [ RunTime:0.000328s ]
INFO: [ view_filter ] --END-- [ RunTime:0.000355s ]
INFO: [ app_end ] --START--
INFO: Run Behavior\ShowPageTraceBehavior [ RunTime:0.000459s ]
INFO: [ app_end ] --END-- [ RunTime:0.000487s ]

[ 2018-05-02T22:56:09+08:00 ] 127.0.0.1 /index.php/home/home/updateteachach.html
INFO: [ app_init ] --START--
INFO: Run Behavior\BuildLiteBehavior [ RunTime:0.000009s ]
INFO: [ app_init ] --END-- [ RunTime:0.000348s ]
INFO: [ app_begin ] --START--
INFO: Run Behavior\ReadHtmlCacheBehavior [ RunTime:0.000451s ]
INFO: [ app_begin ] --END-- [ RunTime:0.000486s ]
SQL: select sup from think_teach_ach where num=9 and years=2018 and ptype='teach_ach' [ RunTime:0.0002s ]
NOTIC: [2] call_user_func() expects parameter 1 to be a valid callback, no array or string given D:\xammp\htdocs\samanagement\thinkPHPstudy\ThinkPHP\Library\Think\Upload.class.php 第 170 行.
SQL: update think_teach_ach set name='program1',dep='dep1',tm='2018-05-02',lv='1',sup='/Public/support/2018-05-02/小芳_teachAch_9.docx' where num=9 and years=2018 and ptype='teach_ach'  [ RunTime:0.0479s ]
SQL: update think_map_status set status='WAIT',reason='' where num=9 and years=2018 and ptype='teach_ach' and id='2016303110'  [ RunTime:0.0317s ]
INFO: [ view_parse ] --START--
INFO: Run Behavior\ParseTemplateBehavior [ RunTime:0.009828s ]
INFO: [ view_parse ] --END-- [ RunTime:0.009875s ]
INFO: [ view_filter ] --START--
INFO: Run Behavior\WriteHtmlCacheBehavior [ RunTime:0.000392s ]
INFO: [ view_filter ] --END-- [ RunTime:0.000423s ]
INFO: [ app_end ] --START--
INFO: Run Behavior\ShowPageTraceBehavior [ RunTime:0.000450s ]
INFO: [ app_end ] --END-- [ RunTime:0.000484s ]

[ 2018-05-02T22:56:09+08:00 ] 127.0.0.1 /index.php/home/home/generalteacher.html
INFO: [ app_init ] --START--
INFO: Run Behavior\BuildLiteBehavior [ RunTime:0.000012s ]
INFO: [ app_init ] --END-- [ RunTime:0.000320s ]
INFO: [ app_begin ] --START--
INFO: Run Behavior\ReadHtmlCacheBehavior [ RunTime:0.000414s ]
INFO: [ app_begin ] --END-- [ RunTime:0.000450s ]
SQL: select * from think_user_info where id = '2016303110'  [ RunTime:0.0003s ]
SQL: select * from think_user_job where id = '2016303110'  [ RunTime:0.0002s ]
SQL: select * from think_user_edu where id = '2016303110'  [ RunTime:0.0002s ]
SQL: select pd from think_login where id ='2016303110'  [ RunTime:0.0001s ]
SQL: select c1.years,c1.num, c1.name,c1.dep,c1.tm,c1.lv from think_teach_ach c1,think_map_status c2 where c1.num=c2.num and c1.ptype=c2.ptype and c2.id='2016303110' and c2.ptype='teach_ach'  [ RunTime:0.0002s ]
INFO: [ view_parse ] --START--
INFO: [ template_filter ] --START--
INFO: Run Behavior\ContentReplaceBehavior [ RunTime:0.000046s ]
INFO: [ template_filter ] --END-- [ RunTime:0.000087s ]
NOTIC: [8] Undefined index: profession D:\xammp\htdocs\samanagement\thinkPHPstudy\MKS\Runtime\Cache\Home\e88c1ddfb436e39492e599d16fa3ad8f.php 第 91 行.
NOTIC: [8] Undefined variable: teachAchYES D:\xammp\htdocs\samanagement\thinkPHPstudy\MKS\Runtime\Cache\Home\e88c1ddfb436e39492e599d16fa3ad8f.php 第 123 行.
NOTIC: [8] Undefined variable: teachAchWAIT D:\xammp\htdocs\samanagement\thinkPHPstudy\MKS\Runtime\Cache\Home\e88c1ddfb436e39492e599d16fa3ad8f.php 第 124 行.
NOTIC: [8] Undefined variable: teachAchNO D:\xammp\htdocs\samanagement\thinkPHPstudy\MKS\Runtime\Cache\Home\e88c1ddfb436e39492e599d16fa3ad8f.php 第 125 行.
INFO: Run Behavior\ParseTemplateBehavior [ RunTime:0.008262s ]
INFO: [ view_parse ] --END-- [ RunTime:0.008295s ]
INFO: [ view_filter ] --START--
INFO: Run Behavior\WriteHtmlCacheBehavior [ RunTime:0.000275s ]
INFO: [ view_filter ] --END-- [ RunTime:0.000300s ]
INFO: [ app_end ] --START--
INFO: Run Behavior\ShowPageTraceBehavior [ RunTime:0.000399s ]
INFO: [ app_end ] --END-- [ RunTime:0.000426s ]

[ 2018-05-02T23:01:11+08:00 ] 127.0.0.1 /index.php/home/home/insertteachach.html
INFO: [ app_init ] --START--
INFO: Run Behavior\BuildLiteBehavior [ RunTime:0.000012s ]
INFO: [ app_init ] --END-- [ RunTime:0.000286s ]
INFO: [ app_begin ] --START--
INFO: Run Behavior\ReadHtmlCacheBehavior [ RunTime:0.000431s ]
INFO: [ app_begin ] --END-- [ RunTime:0.000469s ]
SQL: select timer from think_sys_timer where ptype='teach_ach' and years=2018  [ RunTime:0.0003s ]
NOTIC: [2] call_user_func() expects parameter 1 to be a valid callback, no array or string given D:\xammp\htdocs\samanagement\thinkPHPstudy\ThinkPHP\Library\Think\Upload.class.php 第 170 行.
SQL:  update think_sys_timer set timer=11 where  ptype='teach_ach' and years=2018  [ RunTime:0.1331s ]
SQL: insert into think_teach_ach values(10,2018,'teach_ach','program2','dep2','2018-05-02','2','/Public/support/2018-05-02/小芳_teachAch_10.jpg') [ RunTime:0.0835s ]
SQL: insert into think_map_status values('2016303110',2018,'teach_ach',10,'WAIT','')  [ RunTime:0.1778s ]

[ 2018-05-02T23:01:12+08:00 ] 127.0.0.1 /index.php/home/home/generalteacher.html
INFO: [ app_init ] --START--
INFO: Run Behavior\BuildLiteBehavior [ RunTime:0.000022s ]
INFO: [ app_init ] --END-- [ RunTime:0.000347s ]
INFO: [ app_begin ] --START--
INFO: Run Behavior\ReadHtmlCacheBehavior [ RunTime:0.000373s ]
INFO: [ app_begin ] --END-- [ RunTime:0.000407s ]
SQL: select * from think_user_info where id = '2016303110'  [ RunTime:0.0003s ]
SQL: select * from think_user_job where id = '2016303110'  [ RunTime:0.0004s ]
SQL: select * from think_user_edu where id = '2016303110'  [ RunTime:0.0002s ]
SQL: select pd from think_login where id ='2016303110'  [ RunTime:0.0002s ]
SQL: select c1.years,c1.num, c1.name,c1.dep,c1.tm,c1.lv from think_teach_ach c1,think_map_status c2 where c1.num=c2.num and c1.ptype=c2.ptype and c2.id='2016303110' and c2.ptype='teach_ach'  [ RunTime:0.3330s ]
INFO: [ view_parse ] --START--
INFO: [ template_filter ] --START--
INFO: Run Behavior\ContentReplaceBehavior [ RunTime:0.000042s ]
INFO: [ template_filter ] --END-- [ RunTime:0.000092s ]
NOTIC: [8] Undefined index: profession D:\xammp\htdocs\samanagement\thinkPHPstudy\MKS\Runtime\Cache\Home\e88c1ddfb436e39492e599d16fa3ad8f.php 第 91 行.
NOTIC: [8] Undefined variable: teachAchYES D:\xammp\htdocs\samanagement\thinkPHPstudy\MKS\Runtime\Cache\Home\e88c1ddfb436e39492e599d16fa3ad8f.php 第 123 行.
NOTIC: [8] Undefined variable: teachAchWAIT D:\xammp\htdocs\samanagement\thinkPHPstudy\MKS\Runtime\Cache\Home\e88c1ddfb436e39492e599d16fa3ad8f.php 第 124 行.
NOTIC: [8] Undefined variable: teachAchNO D:\xammp\htdocs\samanagement\thinkPHPstudy\MKS\Runtime\Cache\Home\e88c1ddfb436e39492e599d16fa3ad8f.php 第 125 行.
INFO: Run Behavior\ParseTemplateBehavior [ RunTime:0.009246s ]
INFO: [ view_parse ] --END-- [ RunTime:0.009284s ]
INFO: [ view_filter ] --START--
INFO: Run Behavior\WriteHtmlCacheBehavior [ RunTime:0.000276s ]
INFO: [ view_filter ] --END-- [ RunTime:0.000303s ]
INFO: [ app_end ] --START--
INFO: Run Behavior\ShowPageTraceBehavior [ RunTime:0.000411s ]
INFO: [ app_end ] --END-- [ RunTime:0.000439s ]

