[ 2018-04-24T09:28:55+08:00 ] 127.0.0.1 /index.php/home/home/generalteacher.html
INFO: [ app_init ] --START--
INFO: Run Behavior\BuildLiteBehavior [ RunTime:0.000012s ]
INFO: [ app_init ] --END-- [ RunTime:0.125239s ]
INFO: [ app_begin ] --START--
INFO: Run Behavior\ReadHtmlCacheBehavior [ RunTime:0.023336s ]
INFO: [ app_begin ] --END-- [ RunTime:0.023392s ]
INFO: [ view_parse ] --START--
INFO: [ template_filter ] --START--
INFO: Run Behavior\ContentReplaceBehavior [ RunTime:0.012618s ]
INFO: [ template_filter ] --END-- [ RunTime:0.012732s ]
INFO: Run Behavior\ParseTemplateBehavior [ RunTime:0.309560s ]
INFO: [ view_parse ] --END-- [ RunTime:0.309610s ]
INFO: [ view_filter ] --START--
INFO: Run Behavior\WriteHtmlCacheBehavior [ RunTime:0.019611s ]
INFO: [ view_filter ] --END-- [ RunTime:0.019649s ]

[ 2018-04-24T09:29:57+08:00 ] 127.0.0.1 /index.php/home/index/login.html
INFO: [ app_init ] --START--
INFO: Run Behavior\BuildLiteBehavior [ RunTime:0.000008s ]
INFO: [ app_init ] --END-- [ RunTime:0.000259s ]
INFO: [ app_begin ] --START--
INFO: Run Behavior\ReadHtmlCacheBehavior [ RunTime:0.000370s ]
INFO: [ app_begin ] --END-- [ RunTime:0.000405s ]
SQL:  select auth from think_login where id = '2016303110' and pd = '123456'  [ RunTime:0.0526s ]
NOTIC: [8] Use of undefined constant auth - assumed 'auth' D:\xammp\htdocs\samanagement\thinkPHPstudy\MKS\Home\Controller\IndexController.class.php 第 22 行.
SQL: select name from think_user_info where id='2016303110'  [ RunTime:0.0374s ]

[ 2018-04-24T09:29:58+08:00 ] 127.0.0.1 /index.php/home/home/generalteacher.html
INFO: [ app_init ] --START--
INFO: Run Behavior\BuildLiteBehavior [ RunTime:0.000013s ]
INFO: [ app_init ] --END-- [ RunTime:0.000237s ]
INFO: [ app_begin ] --START--
INFO: Run Behavior\ReadHtmlCacheBehavior [ RunTime:0.000288s ]
INFO: [ app_begin ] --END-- [ RunTime:0.000321s ]
SQL: select * from think_user_info where id = '2016303110'  [ RunTime:0.0005s ]
SQL: select * from think_user_job where id = '2016303110'  [ RunTime:0.0747s ]
SQL: select * from think_user_edu where id = '2016303110'  [ RunTime:0.0654s ]
SQL: select pd from think_login where id ='2016303110'  [ RunTime:0.0005s ]
SQL: select c1.years,c1.num, c1.name,c1.dep,c1.tm,c1.lv from think_teach_ach c1,think_map_status c2 where c1.num=c2.num and c1.ptype=c2.ptype and c2.id='2016303110' and c2.ptype='teach_ach'  [ RunTime:0.0704s ]
INFO: [ view_parse ] --START--
INFO: [ template_filter ] --START--
INFO: Run Behavior\ContentReplaceBehavior [ RunTime:0.000038s ]
INFO: [ template_filter ] --END-- [ RunTime:0.000075s ]
NOTIC: [8] Undefined index: profession D:\xammp\htdocs\samanagement\thinkPHPstudy\MKS\Runtime\Cache\Home\e88c1ddfb436e39492e599d16fa3ad8f.php 第 51 行.
NOTIC: [8] Undefined variable: teachAchYES D:\xammp\htdocs\samanagement\thinkPHPstudy\MKS\Runtime\Cache\Home\e88c1ddfb436e39492e599d16fa3ad8f.php 第 83 行.
NOTIC: [8] Undefined variable: teachAchWAIT D:\xammp\htdocs\samanagement\thinkPHPstudy\MKS\Runtime\Cache\Home\e88c1ddfb436e39492e599d16fa3ad8f.php 第 84 行.
NOTIC: [8] Undefined variable: teachAchNO D:\xammp\htdocs\samanagement\thinkPHPstudy\MKS\Runtime\Cache\Home\e88c1ddfb436e39492e599d16fa3ad8f.php 第 85 行.
INFO: Run Behavior\ParseTemplateBehavior [ RunTime:0.158893s ]
INFO: [ view_parse ] --END-- [ RunTime:0.158943s ]
INFO: [ view_filter ] --START--
INFO: Run Behavior\WriteHtmlCacheBehavior [ RunTime:0.000349s ]
INFO: [ view_filter ] --END-- [ RunTime:0.000375s ]
INFO: [ app_end ] --START--
INFO: Run Behavior\ShowPageTraceBehavior [ RunTime:0.103115s ]
INFO: [ app_end ] --END-- [ RunTime:0.103207s ]

[ 2018-04-24T09:30:24+08:00 ] 127.0.0.1 /index.php/home/home/insertteachach.html
INFO: [ app_init ] --START--
INFO: Run Behavior\BuildLiteBehavior [ RunTime:0.000011s ]
INFO: [ app_init ] --END-- [ RunTime:0.000346s ]
INFO: [ app_begin ] --START--
INFO: Run Behavior\ReadHtmlCacheBehavior [ RunTime:0.000301s ]
INFO: [ app_begin ] --END-- [ RunTime:0.000338s ]
SQL: select timer from think_sys_timer where ptype='teach_ach' and years=2018  [ RunTime:0.1828s ]
NOTIC: [2] call_user_func() expects parameter 1 to be a valid callback, no array or string given D:\xammp\htdocs\samanagement\thinkPHPstudy\ThinkPHP\Library\Think\Upload.class.php 第 170 行.
SQL:  update think_sys_timer set timer=3 where  ptype='teach_ach' and years=2018  [ RunTime:0.2474s ]
SQL: insert into think_teach_ach values(2,2018,'teach_ach','name','dep','2018-04-24','2','/Public/support/2018-04-24/小芳_teachAch_2.jpg') [ RunTime:0.1782s ]
SQL: insert into think_map_status values('2016303110',2018,'teach_ach',2,'WAIT','')  [ RunTime:0.1319s ]

[ 2018-04-24T09:30:25+08:00 ] 127.0.0.1 /index.php/home/home/generalteacher.html
INFO: [ app_init ] --START--
INFO: Run Behavior\BuildLiteBehavior [ RunTime:0.000008s ]
INFO: [ app_init ] --END-- [ RunTime:0.000399s ]
INFO: [ app_begin ] --START--
INFO: Run Behavior\ReadHtmlCacheBehavior [ RunTime:0.000913s ]
INFO: [ app_begin ] --END-- [ RunTime:0.000949s ]
SQL: select * from think_user_info where id = '2016303110'  [ RunTime:0.0003s ]
SQL: select * from think_user_job where id = '2016303110'  [ RunTime:0.0002s ]
SQL: select * from think_user_edu where id = '2016303110'  [ RunTime:0.0002s ]
SQL: select pd from think_login where id ='2016303110'  [ RunTime:0.0002s ]
SQL: select c1.years,c1.num, c1.name,c1.dep,c1.tm,c1.lv from think_teach_ach c1,think_map_status c2 where c1.num=c2.num and c1.ptype=c2.ptype and c2.id='2016303110' and c2.ptype='teach_ach'  [ RunTime:0.0003s ]
INFO: [ view_parse ] --START--
INFO: [ template_filter ] --START--
INFO: Run Behavior\ContentReplaceBehavior [ RunTime:0.000037s ]
INFO: [ template_filter ] --END-- [ RunTime:0.000071s ]
NOTIC: [8] Undefined index: profession D:\xammp\htdocs\samanagement\thinkPHPstudy\MKS\Runtime\Cache\Home\e88c1ddfb436e39492e599d16fa3ad8f.php 第 51 行.
NOTIC: [8] Undefined variable: teachAchYES D:\xammp\htdocs\samanagement\thinkPHPstudy\MKS\Runtime\Cache\Home\e88c1ddfb436e39492e599d16fa3ad8f.php 第 83 行.
NOTIC: [8] Undefined variable: teachAchWAIT D:\xammp\htdocs\samanagement\thinkPHPstudy\MKS\Runtime\Cache\Home\e88c1ddfb436e39492e599d16fa3ad8f.php 第 84 行.
NOTIC: [8] Undefined variable: teachAchNO D:\xammp\htdocs\samanagement\thinkPHPstudy\MKS\Runtime\Cache\Home\e88c1ddfb436e39492e599d16fa3ad8f.php 第 85 行.
INFO: Run Behavior\ParseTemplateBehavior [ RunTime:0.020141s ]
INFO: [ view_parse ] --END-- [ RunTime:0.020180s ]
INFO: [ view_filter ] --START--
INFO: Run Behavior\WriteHtmlCacheBehavior [ RunTime:0.001029s ]
INFO: [ view_filter ] --END-- [ RunTime:0.001058s ]
INFO: [ app_end ] --START--
INFO: Run Behavior\ShowPageTraceBehavior [ RunTime:0.000956s ]
INFO: [ app_end ] --END-- [ RunTime:0.000984s ]

[ 2018-04-24T09:30:32+08:00 ] 127.0.0.1 /index.php/home/home/deleteteachach.html
INFO: [ app_init ] --START--
INFO: Run Behavior\BuildLiteBehavior [ RunTime:0.000008s ]
INFO: [ app_init ] --END-- [ RunTime:0.000375s ]
INFO: [ app_begin ] --START--
INFO: Run Behavior\ReadHtmlCacheBehavior [ RunTime:0.000832s ]
INFO: [ app_begin ] --END-- [ RunTime:0.000864s ]
SQL: select sup from think_teach_ach where num=2 and years=2018 and ptype='teach_ach'  [ RunTime:0.0006s ]
SQL: delete from think_teach_ach where num=2 and years=2018 and ptype='teach_ach'  [ RunTime:0.0740s ]
SQL: delete from think_map_status where id='2016303110' and num=2 and years=2018 and ptype='teach_ach'  [ RunTime:0.0628s ]
INFO: [ view_parse ] --START--
INFO: Run Behavior\ParseTemplateBehavior [ RunTime:0.032369s ]
INFO: [ view_parse ] --END-- [ RunTime:0.032440s ]
INFO: [ view_filter ] --START--
INFO: Run Behavior\WriteHtmlCacheBehavior [ RunTime:0.000381s ]
INFO: [ view_filter ] --END-- [ RunTime:0.000410s ]
INFO: [ app_end ] --START--
INFO: Run Behavior\ShowPageTraceBehavior [ RunTime:0.000370s ]
INFO: [ app_end ] --END-- [ RunTime:0.000398s ]

[ 2018-04-24T09:31:24+08:00 ] 127.0.0.1 /index.php/home/home/insertteachach.html
INFO: [ app_init ] --START--
INFO: Run Behavior\BuildLiteBehavior [ RunTime:0.000025s ]
INFO: [ app_init ] --END-- [ RunTime:0.000385s ]
INFO: [ app_begin ] --START--
INFO: Run Behavior\ReadHtmlCacheBehavior [ RunTime:0.000653s ]
INFO: [ app_begin ] --END-- [ RunTime:0.000699s ]
SQL: select timer from think_sys_timer where ptype='teach_ach' and years=2018  [ RunTime:0.0004s ]
NOTIC: [2] call_user_func() expects parameter 1 to be a valid callback, no array or string given D:\xammp\htdocs\samanagement\thinkPHPstudy\ThinkPHP\Library\Think\Upload.class.php 第 170 行.
SQL:  update think_sys_timer set timer=4 where  ptype='teach_ach' and years=2018  [ RunTime:0.0585s ]
SQL: insert into think_teach_ach values(3,2018,'teach_ach','name','dep','2018-04-24','1','/Public/support/2018-04-24/小芳_teachAch_3.jpg') [ RunTime:0.0139s ]
SQL: insert into think_map_status values('2016303110',2018,'teach_ach',3,'WAIT','')  [ RunTime:0.0168s ]

[ 2018-04-24T09:31:24+08:00 ] 127.0.0.1 /index.php/home/home/generalteacher.html
INFO: [ app_init ] --START--
INFO: Run Behavior\BuildLiteBehavior [ RunTime:0.000010s ]
INFO: [ app_init ] --END-- [ RunTime:0.000457s ]
INFO: [ app_begin ] --START--
INFO: Run Behavior\ReadHtmlCacheBehavior [ RunTime:0.000605s ]
INFO: [ app_begin ] --END-- [ RunTime:0.000641s ]
SQL: select * from think_user_info where id = '2016303110'  [ RunTime:0.0004s ]
SQL: select * from think_user_job where id = '2016303110'  [ RunTime:0.0003s ]
SQL: select * from think_user_edu where id = '2016303110'  [ RunTime:0.0002s ]
SQL: select pd from think_login where id ='2016303110'  [ RunTime:0.0002s ]
SQL: select c1.years,c1.num, c1.name,c1.dep,c1.tm,c1.lv from think_teach_ach c1,think_map_status c2 where c1.num=c2.num and c1.ptype=c2.ptype and c2.id='2016303110' and c2.ptype='teach_ach'  [ RunTime:0.0003s ]
INFO: [ view_parse ] --START--
INFO: [ template_filter ] --START--
INFO: Run Behavior\ContentReplaceBehavior [ RunTime:0.000041s ]
INFO: [ template_filter ] --END-- [ RunTime:0.000097s ]
NOTIC: [8] Undefined index: profession D:\xammp\htdocs\samanagement\thinkPHPstudy\MKS\Runtime\Cache\Home\e88c1ddfb436e39492e599d16fa3ad8f.php 第 51 行.
NOTIC: [8] Undefined variable: teachAchYES D:\xammp\htdocs\samanagement\thinkPHPstudy\MKS\Runtime\Cache\Home\e88c1ddfb436e39492e599d16fa3ad8f.php 第 83 行.
NOTIC: [8] Undefined variable: teachAchWAIT D:\xammp\htdocs\samanagement\thinkPHPstudy\MKS\Runtime\Cache\Home\e88c1ddfb436e39492e599d16fa3ad8f.php 第 84 行.
NOTIC: [8] Undefined variable: teachAchNO D:\xammp\htdocs\samanagement\thinkPHPstudy\MKS\Runtime\Cache\Home\e88c1ddfb436e39492e599d16fa3ad8f.php 第 85 行.
INFO: Run Behavior\ParseTemplateBehavior [ RunTime:0.008392s ]
INFO: [ view_parse ] --END-- [ RunTime:0.008429s ]
INFO: [ view_filter ] --START--
INFO: Run Behavior\WriteHtmlCacheBehavior [ RunTime:0.000500s ]
INFO: [ view_filter ] --END-- [ RunTime:0.000527s ]
INFO: [ app_end ] --START--
INFO: Run Behavior\ShowPageTraceBehavior [ RunTime:0.000725s ]
INFO: [ app_end ] --END-- [ RunTime:0.000754s ]

[ 2018-04-24T09:31:43+08:00 ] 127.0.0.1 /index.php/home/home/insertteachach.html
INFO: [ app_init ] --START--
INFO: Run Behavior\BuildLiteBehavior [ RunTime:0.000025s ]
INFO: [ app_init ] --END-- [ RunTime:0.000494s ]
INFO: [ app_begin ] --START--
INFO: Run Behavior\ReadHtmlCacheBehavior [ RunTime:0.001055s ]
INFO: [ app_begin ] --END-- [ RunTime:0.001145s ]
SQL: select timer from think_sys_timer where ptype='teach_ach' and years=2018  [ RunTime:0.0004s ]
NOTIC: [2] call_user_func() expects parameter 1 to be a valid callback, no array or string given D:\xammp\htdocs\samanagement\thinkPHPstudy\ThinkPHP\Library\Think\Upload.class.php 第 170 行.
SQL:  update think_sys_timer set timer=5 where  ptype='teach_ach' and years=2018  [ RunTime:0.4933s ]
SQL: insert into think_teach_ach values(4,2018,'teach_ach','name','xigongda','2018-04-24','2','/Public/support/2018-04-24/小芳_teachAch_4.jpg') [ RunTime:0.0849s ]
SQL: insert into think_map_status values('2016303110',2018,'teach_ach',4,'WAIT','')  [ RunTime:0.1405s ]

[ 2018-04-24T09:31:44+08:00 ] 127.0.0.1 /index.php/home/home/generalteacher.html
INFO: [ app_init ] --START--
INFO: Run Behavior\BuildLiteBehavior [ RunTime:0.000009s ]
INFO: [ app_init ] --END-- [ RunTime:0.000360s ]
INFO: [ app_begin ] --START--
INFO: Run Behavior\ReadHtmlCacheBehavior [ RunTime:0.000622s ]
INFO: [ app_begin ] --END-- [ RunTime:0.000658s ]
SQL: select * from think_user_info where id = '2016303110'  [ RunTime:0.0003s ]
SQL: select * from think_user_job where id = '2016303110'  [ RunTime:0.0003s ]
SQL: select * from think_user_edu where id = '2016303110'  [ RunTime:0.0002s ]
SQL: select pd from think_login where id ='2016303110'  [ RunTime:0.0002s ]
SQL: select c1.years,c1.num, c1.name,c1.dep,c1.tm,c1.lv from think_teach_ach c1,think_map_status c2 where c1.num=c2.num and c1.ptype=c2.ptype and c2.id='2016303110' and c2.ptype='teach_ach'  [ RunTime:0.0456s ]
INFO: [ view_parse ] --START--
INFO: [ template_filter ] --START--
INFO: Run Behavior\ContentReplaceBehavior [ RunTime:0.000040s ]
INFO: [ template_filter ] --END-- [ RunTime:0.000088s ]
NOTIC: [8] Undefined index: profession D:\xammp\htdocs\samanagement\thinkPHPstudy\MKS\Runtime\Cache\Home\e88c1ddfb436e39492e599d16fa3ad8f.php 第 51 行.
NOTIC: [8] Undefined variable: teachAchYES D:\xammp\htdocs\samanagement\thinkPHPstudy\MKS\Runtime\Cache\Home\e88c1ddfb436e39492e599d16fa3ad8f.php 第 83 行.
NOTIC: [8] Undefined variable: teachAchWAIT D:\xammp\htdocs\samanagement\thinkPHPstudy\MKS\Runtime\Cache\Home\e88c1ddfb436e39492e599d16fa3ad8f.php 第 84 行.
NOTIC: [8] Undefined variable: teachAchNO D:\xammp\htdocs\samanagement\thinkPHPstudy\MKS\Runtime\Cache\Home\e88c1ddfb436e39492e599d16fa3ad8f.php 第 85 行.
INFO: Run Behavior\ParseTemplateBehavior [ RunTime:0.009448s ]
INFO: [ view_parse ] --END-- [ RunTime:0.009493s ]
INFO: [ view_filter ] --START--
INFO: Run Behavior\WriteHtmlCacheBehavior [ RunTime:0.000525s ]
INFO: [ view_filter ] --END-- [ RunTime:0.000560s ]
INFO: [ app_end ] --START--
INFO: Run Behavior\ShowPageTraceBehavior [ RunTime:0.000630s ]
INFO: [ app_end ] --END-- [ RunTime:0.000658s ]

[ 2018-04-24T09:32:43+08:00 ] 127.0.0.1 /index.php/home/home/insertteachach.html
INFO: [ app_init ] --START--
INFO: Run Behavior\BuildLiteBehavior [ RunTime:0.000008s ]
INFO: [ app_init ] --END-- [ RunTime:0.000314s ]
INFO: [ app_begin ] --START--
INFO: Run Behavior\ReadHtmlCacheBehavior [ RunTime:0.000592s ]
INFO: [ app_begin ] --END-- [ RunTime:0.000626s ]
SQL: select timer from think_sys_timer where ptype='teach_ach' and years=2018  [ RunTime:0.0003s ]
NOTIC: [2] call_user_func() expects parameter 1 to be a valid callback, no array or string given D:\xammp\htdocs\samanagement\thinkPHPstudy\ThinkPHP\Library\Think\Upload.class.php 第 170 行.
SQL:  update think_sys_timer set timer=6 where  ptype='teach_ach' and years=2018  [ RunTime:0.3891s ]
SQL: insert into think_teach_ach values(5,2018,'teach_ach','name','双方都','2018-04-24','3','/Public/support/2018-04-24/小芳_teachAch_5.docx') [ RunTime:0.0603s ]
SQL: insert into think_map_status values('2016303110',2018,'teach_ach',5,'WAIT','')  [ RunTime:0.0146s ]

[ 2018-04-24T09:32:43+08:00 ] 127.0.0.1 /index.php/home/home/generalteacher.html
INFO: [ app_init ] --START--
INFO: Run Behavior\BuildLiteBehavior [ RunTime:0.000009s ]
INFO: [ app_init ] --END-- [ RunTime:0.000315s ]
INFO: [ app_begin ] --START--
INFO: Run Behavior\ReadHtmlCacheBehavior [ RunTime:0.000623s ]
INFO: [ app_begin ] --END-- [ RunTime:0.000661s ]
SQL: select * from think_user_info where id = '2016303110'  [ RunTime:0.0004s ]
SQL: select * from think_user_job where id = '2016303110'  [ RunTime:0.0003s ]
SQL: select * from think_user_edu where id = '2016303110'  [ RunTime:0.0002s ]
SQL: select pd from think_login where id ='2016303110'  [ RunTime:0.0002s ]
SQL: select c1.years,c1.num, c1.name,c1.dep,c1.tm,c1.lv from think_teach_ach c1,think_map_status c2 where c1.num=c2.num and c1.ptype=c2.ptype and c2.id='2016303110' and c2.ptype='teach_ach'  [ RunTime:0.0004s ]
INFO: [ view_parse ] --START--
INFO: [ template_filter ] --START--
INFO: Run Behavior\ContentReplaceBehavior [ RunTime:0.000052s ]
INFO: [ template_filter ] --END-- [ RunTime:0.000088s ]
NOTIC: [8] Undefined index: profession D:\xammp\htdocs\samanagement\thinkPHPstudy\MKS\Runtime\Cache\Home\e88c1ddfb436e39492e599d16fa3ad8f.php 第 51 行.
NOTIC: [8] Undefined variable: teachAchYES D:\xammp\htdocs\samanagement\thinkPHPstudy\MKS\Runtime\Cache\Home\e88c1ddfb436e39492e599d16fa3ad8f.php 第 83 行.
NOTIC: [8] Undefined variable: teachAchWAIT D:\xammp\htdocs\samanagement\thinkPHPstudy\MKS\Runtime\Cache\Home\e88c1ddfb436e39492e599d16fa3ad8f.php 第 84 行.
NOTIC: [8] Undefined variable: teachAchNO D:\xammp\htdocs\samanagement\thinkPHPstudy\MKS\Runtime\Cache\Home\e88c1ddfb436e39492e599d16fa3ad8f.php 第 85 行.
INFO: Run Behavior\ParseTemplateBehavior [ RunTime:0.008687s ]
INFO: [ view_parse ] --END-- [ RunTime:0.008724s ]
INFO: [ view_filter ] --START--
INFO: Run Behavior\WriteHtmlCacheBehavior [ RunTime:0.000483s ]
INFO: [ view_filter ] --END-- [ RunTime:0.000509s ]
INFO: [ app_end ] --START--
INFO: Run Behavior\ShowPageTraceBehavior [ RunTime:0.000727s ]
INFO: [ app_end ] --END-- [ RunTime:0.000758s ]

[ 2018-04-24T14:35:18+08:00 ] 127.0.0.1 /index.php/home/home/generalteacher.html
INFO: [ app_init ] --START--
INFO: Run Behavior\BuildLiteBehavior [ RunTime:0.000014s ]
INFO: [ app_init ] --END-- [ RunTime:0.117791s ]
INFO: [ app_begin ] --START--
INFO: Run Behavior\ReadHtmlCacheBehavior [ RunTime:0.036617s ]
INFO: [ app_begin ] --END-- [ RunTime:0.036684s ]
INFO: [ view_parse ] --START--
INFO: [ template_filter ] --START--
INFO: Run Behavior\ContentReplaceBehavior [ RunTime:0.028858s ]
INFO: [ template_filter ] --END-- [ RunTime:0.028915s ]
INFO: Run Behavior\ParseTemplateBehavior [ RunTime:0.476814s ]
INFO: [ view_parse ] --END-- [ RunTime:0.476864s ]
INFO: [ view_filter ] --START--
INFO: Run Behavior\WriteHtmlCacheBehavior [ RunTime:0.061074s ]
INFO: [ view_filter ] --END-- [ RunTime:0.061111s ]

[ 2018-04-24T14:35:26+08:00 ] 127.0.0.1 /index.php/home/index/login.html
INFO: [ app_init ] --START--
INFO: Run Behavior\BuildLiteBehavior [ RunTime:0.000008s ]
INFO: [ app_init ] --END-- [ RunTime:0.000225s ]
INFO: [ app_begin ] --START--
INFO: Run Behavior\ReadHtmlCacheBehavior [ RunTime:0.000294s ]
INFO: [ app_begin ] --END-- [ RunTime:0.000327s ]
SQL:  select auth from think_login where id = '2016303110' and pd = '123456'  [ RunTime:0.0607s ]
NOTIC: [8] Use of undefined constant auth - assumed 'auth' D:\xammp\htdocs\samanagement\thinkPHPstudy\MKS\Home\Controller\IndexController.class.php 第 22 行.
SQL: select name from think_user_info where id='2016303110'  [ RunTime:0.0005s ]

[ 2018-04-24T14:35:26+08:00 ] 127.0.0.1 /index.php/home/home/generalteacher.html
INFO: [ app_init ] --START--
INFO: Run Behavior\BuildLiteBehavior [ RunTime:0.000008s ]
INFO: [ app_init ] --END-- [ RunTime:0.000232s ]
INFO: [ app_begin ] --START--
INFO: Run Behavior\ReadHtmlCacheBehavior [ RunTime:0.000299s ]
INFO: [ app_begin ] --END-- [ RunTime:0.000335s ]
SQL: select * from think_user_info where id = '2016303110'  [ RunTime:0.0104s ]
SQL: select * from think_user_job where id = '2016303110'  [ RunTime:0.0005s ]
SQL: select * from think_user_edu where id = '2016303110'  [ RunTime:0.0005s ]
SQL: select pd from think_login where id ='2016303110'  [ RunTime:0.0002s ]
SQL: select c1.years,c1.num, c1.name,c1.dep,c1.tm,c1.lv from think_teach_ach c1,think_map_status c2 where c1.num=c2.num and c1.ptype=c2.ptype and c2.id='2016303110' and c2.ptype='teach_ach'  [ RunTime:0.0195s ]
INFO: [ view_parse ] --START--
INFO: [ template_filter ] --START--
INFO: Run Behavior\ContentReplaceBehavior [ RunTime:0.000076s ]
INFO: [ template_filter ] --END-- [ RunTime:0.000143s ]
NOTIC: [8] Undefined index: profession D:\xammp\htdocs\samanagement\thinkPHPstudy\MKS\Runtime\Cache\Home\e88c1ddfb436e39492e599d16fa3ad8f.php 第 68 行.
NOTIC: [8] Undefined variable: teachAchYES D:\xammp\htdocs\samanagement\thinkPHPstudy\MKS\Runtime\Cache\Home\e88c1ddfb436e39492e599d16fa3ad8f.php 第 100 行.
NOTIC: [8] Undefined variable: teachAchWAIT D:\xammp\htdocs\samanagement\thinkPHPstudy\MKS\Runtime\Cache\Home\e88c1ddfb436e39492e599d16fa3ad8f.php 第 101 行.
NOTIC: [8] Undefined variable: teachAchNO D:\xammp\htdocs\samanagement\thinkPHPstudy\MKS\Runtime\Cache\Home\e88c1ddfb436e39492e599d16fa3ad8f.php 第 102 行.
INFO: Run Behavior\ParseTemplateBehavior [ RunTime:0.201112s ]
INFO: [ view_parse ] --END-- [ RunTime:0.201167s ]
INFO: [ view_filter ] --START--
INFO: Run Behavior\WriteHtmlCacheBehavior [ RunTime:0.000180s ]
INFO: [ view_filter ] --END-- [ RunTime:0.000208s ]
INFO: [ app_end ] --START--
INFO: Run Behavior\ShowPageTraceBehavior [ RunTime:0.078317s ]
INFO: [ app_end ] --END-- [ RunTime:0.078352s ]

[ 2018-04-24T14:35:30+08:00 ] 127.0.0.1 /index.php/home/home/updateteachach.html
INFO: [ app_init ] --START--
INFO: Run Behavior\BuildLiteBehavior [ RunTime:0.000008s ]
INFO: [ app_init ] --END-- [ RunTime:0.000225s ]
INFO: [ app_begin ] --START--
INFO: Run Behavior\ReadHtmlCacheBehavior [ RunTime:0.000292s ]
INFO: [ app_begin ] --END-- [ RunTime:0.000324s ]
INFO: [ app_end ] --START--
INFO: Run Behavior\ShowPageTraceBehavior [ RunTime:0.000307s ]
INFO: [ app_end ] --END-- [ RunTime:0.000338s ]

[ 2018-04-24T14:35:38+08:00 ] 127.0.0.1 /index.php/home/home/updateteachach.html
INFO: [ app_init ] --START--
INFO: Run Behavior\BuildLiteBehavior [ RunTime:0.000016s ]
INFO: [ app_init ] --END-- [ RunTime:0.000457s ]
INFO: [ app_begin ] --START--
INFO: Run Behavior\ReadHtmlCacheBehavior [ RunTime:0.000602s ]
INFO: [ app_begin ] --END-- [ RunTime:0.000668s ]
INFO: [ app_end ] --START--
INFO: Run Behavior\ShowPageTraceBehavior [ RunTime:0.000619s ]
INFO: [ app_end ] --END-- [ RunTime:0.000681s ]

[ 2018-04-24T14:57:25+08:00 ] 127.0.0.1 /index.php/home/home/generalteacher.html
INFO: [ app_init ] --START--
INFO: Run Behavior\BuildLiteBehavior [ RunTime:0.000007s ]
INFO: [ app_init ] --END-- [ RunTime:0.000246s ]
INFO: [ app_begin ] --START--
INFO: Run Behavior\ReadHtmlCacheBehavior [ RunTime:0.000417s ]
INFO: [ app_begin ] --END-- [ RunTime:0.000450s ]
SQL: select * from think_user_info where id = '2016303110'  [ RunTime:0.0004s ]
SQL: select * from think_user_job where id = '2016303110'  [ RunTime:0.0002s ]
SQL: select * from think_user_edu where id = '2016303110'  [ RunTime:0.0002s ]
SQL: select pd from think_login where id ='2016303110'  [ RunTime:0.0002s ]
SQL: select c1.years,c1.num, c1.name,c1.dep,c1.tm,c1.lv from think_teach_ach c1,think_map_status c2 where c1.num=c2.num and c1.ptype=c2.ptype and c2.id='2016303110' and c2.ptype='teach_ach'  [ RunTime:0.0003s ]
INFO: [ view_parse ] --START--
INFO: [ template_filter ] --START--
INFO: Run Behavior\ContentReplaceBehavior [ RunTime:0.000046s ]
INFO: [ template_filter ] --END-- [ RunTime:0.000074s ]
NOTIC: [8] Undefined index: profession D:\xammp\htdocs\samanagement\thinkPHPstudy\MKS\Runtime\Cache\Home\e88c1ddfb436e39492e599d16fa3ad8f.php 第 68 行.
NOTIC: [8] Undefined variable: teachAchYES D:\xammp\htdocs\samanagement\thinkPHPstudy\MKS\Runtime\Cache\Home\e88c1ddfb436e39492e599d16fa3ad8f.php 第 100 行.
NOTIC: [8] Undefined variable: teachAchWAIT D:\xammp\htdocs\samanagement\thinkPHPstudy\MKS\Runtime\Cache\Home\e88c1ddfb436e39492e599d16fa3ad8f.php 第 101 行.
NOTIC: [8] Undefined variable: teachAchNO D:\xammp\htdocs\samanagement\thinkPHPstudy\MKS\Runtime\Cache\Home\e88c1ddfb436e39492e599d16fa3ad8f.php 第 102 行.
INFO: Run Behavior\ParseTemplateBehavior [ RunTime:0.042999s ]
INFO: [ view_parse ] --END-- [ RunTime:0.043033s ]
INFO: [ view_filter ] --START--
INFO: Run Behavior\WriteHtmlCacheBehavior [ RunTime:0.000449s ]
INFO: [ view_filter ] --END-- [ RunTime:0.000478s ]
INFO: [ app_end ] --START--
INFO: Run Behavior\ShowPageTraceBehavior [ RunTime:0.000418s ]
INFO: [ app_end ] --END-- [ RunTime:0.000447s ]

[ 2018-04-24T14:57:28+08:00 ] 127.0.0.1 /index.php/home/home/updateteachach.html
INFO: [ app_init ] --START--
INFO: Run Behavior\BuildLiteBehavior [ RunTime:0.000009s ]
INFO: [ app_init ] --END-- [ RunTime:0.000258s ]
INFO: [ app_begin ] --START--
INFO: Run Behavior\ReadHtmlCacheBehavior [ RunTime:0.000396s ]
INFO: [ app_begin ] --END-- [ RunTime:0.000428s ]
INFO: [ app_end ] --START--
INFO: Run Behavior\ShowPageTraceBehavior [ RunTime:0.000418s ]
INFO: [ app_end ] --END-- [ RunTime:0.000448s ]

[ 2018-04-24T14:58:50+08:00 ] 127.0.0.1 /index.php/home/home/generalteacher.html
INFO: [ app_init ] --START--
INFO: Run Behavior\BuildLiteBehavior [ RunTime:0.000010s ]
INFO: [ app_init ] --END-- [ RunTime:0.000273s ]
INFO: [ app_begin ] --START--
INFO: Run Behavior\ReadHtmlCacheBehavior [ RunTime:0.000421s ]
INFO: [ app_begin ] --END-- [ RunTime:0.000456s ]
SQL: select * from think_user_info where id = '2016303110'  [ RunTime:0.0004s ]
SQL: select * from think_user_job where id = '2016303110'  [ RunTime:0.0003s ]
SQL: select * from think_user_edu where id = '2016303110'  [ RunTime:0.0002s ]
SQL: select pd from think_login where id ='2016303110'  [ RunTime:0.0003s ]
SQL: select c1.years,c1.num, c1.name,c1.dep,c1.tm,c1.lv from think_teach_ach c1,think_map_status c2 where c1.num=c2.num and c1.ptype=c2.ptype and c2.id='2016303110' and c2.ptype='teach_ach'  [ RunTime:0.0007s ]
INFO: [ view_parse ] --START--
INFO: [ template_filter ] --START--
INFO: Run Behavior\ContentReplaceBehavior [ RunTime:0.000044s ]
INFO: [ template_filter ] --END-- [ RunTime:0.000076s ]
NOTIC: [8] Undefined index: profession D:\xammp\htdocs\samanagement\thinkPHPstudy\MKS\Runtime\Cache\Home\e88c1ddfb436e39492e599d16fa3ad8f.php 第 71 行.
NOTIC: [8] Undefined variable: teachAchYES D:\xammp\htdocs\samanagement\thinkPHPstudy\MKS\Runtime\Cache\Home\e88c1ddfb436e39492e599d16fa3ad8f.php 第 103 行.
NOTIC: [8] Undefined variable: teachAchWAIT D:\xammp\htdocs\samanagement\thinkPHPstudy\MKS\Runtime\Cache\Home\e88c1ddfb436e39492e599d16fa3ad8f.php 第 104 行.
NOTIC: [8] Undefined variable: teachAchNO D:\xammp\htdocs\samanagement\thinkPHPstudy\MKS\Runtime\Cache\Home\e88c1ddfb436e39492e599d16fa3ad8f.php 第 105 行.
INFO: Run Behavior\ParseTemplateBehavior [ RunTime:0.047190s ]
INFO: [ view_parse ] --END-- [ RunTime:0.047237s ]
INFO: [ view_filter ] --START--
INFO: Run Behavior\WriteHtmlCacheBehavior [ RunTime:0.000348s ]
INFO: [ view_filter ] --END-- [ RunTime:0.000375s ]
INFO: [ app_end ] --START--
INFO: Run Behavior\ShowPageTraceBehavior [ RunTime:0.000433s ]
INFO: [ app_end ] --END-- [ RunTime:0.000462s ]

[ 2018-04-24T14:58:53+08:00 ] 127.0.0.1 /index.php/home/home/updateteachach.html
INFO: [ app_init ] --START--
INFO: Run Behavior\BuildLiteBehavior [ RunTime:0.000009s ]
INFO: [ app_init ] --END-- [ RunTime:0.000255s ]
INFO: [ app_begin ] --START--
INFO: Run Behavior\ReadHtmlCacheBehavior [ RunTime:0.000399s ]
INFO: [ app_begin ] --END-- [ RunTime:0.000431s ]
INFO: [ app_end ] --START--
INFO: Run Behavior\ShowPageTraceBehavior [ RunTime:0.000420s ]
INFO: [ app_end ] --END-- [ RunTime:0.000450s ]

[ 2018-04-24T15:10:20+08:00 ] 127.0.0.1 /index.php/home/home/generalteacher.html
INFO: [ app_init ] --START--
INFO: Run Behavior\BuildLiteBehavior [ RunTime:0.000009s ]
INFO: [ app_init ] --END-- [ RunTime:0.000271s ]
INFO: [ app_begin ] --START--
INFO: Run Behavior\ReadHtmlCacheBehavior [ RunTime:0.000397s ]
INFO: [ app_begin ] --END-- [ RunTime:0.000433s ]
SQL: select * from think_user_info where id = '2016303110'  [ RunTime:0.0003s ]
SQL: select * from think_user_job where id = '2016303110'  [ RunTime:0.0002s ]
SQL: select * from think_user_edu where id = '2016303110'  [ RunTime:0.0002s ]
SQL: select pd from think_login where id ='2016303110'  [ RunTime:0.0003s ]
SQL: select c1.years,c1.num, c1.name,c1.dep,c1.tm,c1.lv from think_teach_ach c1,think_map_status c2 where c1.num=c2.num and c1.ptype=c2.ptype and c2.id='2016303110' and c2.ptype='teach_ach'  [ RunTime:0.0009s ]
INFO: [ view_parse ] --START--
INFO: [ template_filter ] --START--
INFO: Run Behavior\ContentReplaceBehavior [ RunTime:0.000044s ]
INFO: [ template_filter ] --END-- [ RunTime:0.000075s ]
NOTIC: [8] Undefined index: profession D:\xammp\htdocs\samanagement\thinkPHPstudy\MKS\Runtime\Cache\Home\e88c1ddfb436e39492e599d16fa3ad8f.php 第 79 行.
NOTIC: [8] Undefined variable: teachAchYES D:\xammp\htdocs\samanagement\thinkPHPstudy\MKS\Runtime\Cache\Home\e88c1ddfb436e39492e599d16fa3ad8f.php 第 111 行.
NOTIC: [8] Undefined variable: teachAchWAIT D:\xammp\htdocs\samanagement\thinkPHPstudy\MKS\Runtime\Cache\Home\e88c1ddfb436e39492e599d16fa3ad8f.php 第 112 行.
NOTIC: [8] Undefined variable: teachAchNO D:\xammp\htdocs\samanagement\thinkPHPstudy\MKS\Runtime\Cache\Home\e88c1ddfb436e39492e599d16fa3ad8f.php 第 113 行.
INFO: Run Behavior\ParseTemplateBehavior [ RunTime:0.047605s ]
INFO: [ view_parse ] --END-- [ RunTime:0.047698s ]
INFO: [ view_filter ] --START--
INFO: Run Behavior\WriteHtmlCacheBehavior [ RunTime:0.000502s ]
INFO: [ view_filter ] --END-- [ RunTime:0.000535s ]
INFO: [ app_end ] --START--
INFO: Run Behavior\ShowPageTraceBehavior [ RunTime:0.000435s ]
INFO: [ app_end ] --END-- [ RunTime:0.000464s ]

[ 2018-04-24T15:10:22+08:00 ] 127.0.0.1 /index.php/home/home/updateteachach.html
INFO: [ app_init ] --START--
INFO: Run Behavior\BuildLiteBehavior [ RunTime:0.000008s ]
INFO: [ app_init ] --END-- [ RunTime:0.000229s ]
INFO: [ app_begin ] --START--
INFO: Run Behavior\ReadHtmlCacheBehavior [ RunTime:0.000289s ]
INFO: [ app_begin ] --END-- [ RunTime:0.000321s ]
INFO: [ app_end ] --START--
INFO: Run Behavior\ShowPageTraceBehavior [ RunTime:0.000297s ]
INFO: [ app_end ] --END-- [ RunTime:0.000328s ]

[ 2018-04-24T15:11:52+08:00 ] 127.0.0.1 /index.php/home/home/deleteteachach.html
INFO: [ app_init ] --START--
INFO: Run Behavior\BuildLiteBehavior [ RunTime:0.000007s ]
INFO: [ app_init ] --END-- [ RunTime:0.000222s ]
INFO: [ app_begin ] --START--
INFO: Run Behavior\ReadHtmlCacheBehavior [ RunTime:0.000283s ]
INFO: [ app_begin ] --END-- [ RunTime:0.000316s ]
SQL: select sup from think_teach_ach where num=3 and years=2018 and ptype='teach_ach'  [ RunTime:0.0039s ]
SQL: delete from think_teach_ach where num=3 and years=2018 and ptype='teach_ach'  [ RunTime:0.1282s ]
SQL: delete from think_map_status where id='2016303110' and num=3 and years=2018 and ptype='teach_ach'  [ RunTime:0.0962s ]
INFO: [ view_parse ] --START--
INFO: [ template_filter ] --START--
INFO: Run Behavior\ContentReplaceBehavior [ RunTime:0.000023s ]
INFO: [ template_filter ] --END-- [ RunTime:0.000053s ]
INFO: Run Behavior\ParseTemplateBehavior [ RunTime:0.011988s ]
INFO: [ view_parse ] --END-- [ RunTime:0.012072s ]
INFO: [ view_filter ] --START--
INFO: Run Behavior\WriteHtmlCacheBehavior [ RunTime:0.000292s ]
INFO: [ view_filter ] --END-- [ RunTime:0.000317s ]
INFO: [ app_end ] --START--
INFO: Run Behavior\ShowPageTraceBehavior [ RunTime:0.000341s ]
INFO: [ app_end ] --END-- [ RunTime:0.000365s ]

[ 2018-04-24T15:13:07+08:00 ] 127.0.0.1 /index.php/home/home/generalteacher.html
INFO: [ app_init ] --START--
INFO: Run Behavior\BuildLiteBehavior [ RunTime:0.000014s ]
INFO: [ app_init ] --END-- [ RunTime:0.000275s ]
INFO: [ app_begin ] --START--
INFO: Run Behavior\ReadHtmlCacheBehavior [ RunTime:0.000425s ]
INFO: [ app_begin ] --END-- [ RunTime:0.000461s ]
SQL: select * from think_user_info where id = '2016303110'  [ RunTime:0.0004s ]
SQL: select * from think_user_job where id = '2016303110'  [ RunTime:0.0003s ]
SQL: select * from think_user_edu where id = '2016303110'  [ RunTime:0.0002s ]
SQL: select pd from think_login where id ='2016303110'  [ RunTime:0.0002s ]
SQL: select c1.years,c1.num, c1.name,c1.dep,c1.tm,c1.lv from think_teach_ach c1,think_map_status c2 where c1.num=c2.num and c1.ptype=c2.ptype and c2.id='2016303110' and c2.ptype='teach_ach'  [ RunTime:0.0003s ]
INFO: [ view_parse ] --START--
INFO: [ template_filter ] --START--
INFO: Run Behavior\ContentReplaceBehavior [ RunTime:0.000049s ]
INFO: [ template_filter ] --END-- [ RunTime:0.000098s ]
NOTIC: [8] Undefined index: profession D:\xammp\htdocs\samanagement\thinkPHPstudy\MKS\Runtime\Cache\Home\e88c1ddfb436e39492e599d16fa3ad8f.php 第 80 行.
NOTIC: [8] Undefined variable: teachAchYES D:\xammp\htdocs\samanagement\thinkPHPstudy\MKS\Runtime\Cache\Home\e88c1ddfb436e39492e599d16fa3ad8f.php 第 112 行.
NOTIC: [8] Undefined variable: teachAchWAIT D:\xammp\htdocs\samanagement\thinkPHPstudy\MKS\Runtime\Cache\Home\e88c1ddfb436e39492e599d16fa3ad8f.php 第 113 行.
NOTIC: [8] Undefined variable: teachAchNO D:\xammp\htdocs\samanagement\thinkPHPstudy\MKS\Runtime\Cache\Home\e88c1ddfb436e39492e599d16fa3ad8f.php 第 114 行.
INFO: Run Behavior\ParseTemplateBehavior [ RunTime:0.050470s ]
INFO: [ view_parse ] --END-- [ RunTime:0.050505s ]
INFO: [ view_filter ] --START--
INFO: Run Behavior\WriteHtmlCacheBehavior [ RunTime:0.000416s ]
INFO: [ view_filter ] --END-- [ RunTime:0.000468s ]
INFO: [ app_end ] --START--
INFO: Run Behavior\ShowPageTraceBehavior [ RunTime:0.000447s ]
INFO: [ app_end ] --END-- [ RunTime:0.000479s ]

[ 2018-04-24T15:13:10+08:00 ] 127.0.0.1 /index.php/home/home/deleteteachach.html
INFO: [ app_init ] --START--
INFO: Run Behavior\BuildLiteBehavior [ RunTime:0.000008s ]
INFO: [ app_init ] --END-- [ RunTime:0.000261s ]
INFO: [ app_begin ] --START--
INFO: Run Behavior\ReadHtmlCacheBehavior [ RunTime:0.000387s ]
INFO: [ app_begin ] --END-- [ RunTime:0.000419s ]
SQL: select sup from think_teach_ach where num=4 and years=2018 and ptype='teach_ach'  [ RunTime:0.0006s ]
SQL: delete from think_teach_ach where num=4 and years=2018 and ptype='teach_ach'  [ RunTime:0.0705s ]
SQL: delete from think_map_status where id='2016303110' and num=4 and years=2018 and ptype='teach_ach'  [ RunTime:0.0160s ]
INFO: [ view_parse ] --START--
INFO: [ template_filter ] --START--
INFO: Run Behavior\ContentReplaceBehavior [ RunTime:0.000025s ]
INFO: [ template_filter ] --END-- [ RunTime:0.000063s ]
INFO: Run Behavior\ParseTemplateBehavior [ RunTime:0.010186s ]
INFO: [ view_parse ] --END-- [ RunTime:0.010262s ]
INFO: [ view_filter ] --START--
INFO: Run Behavior\WriteHtmlCacheBehavior [ RunTime:0.000321s ]
INFO: [ view_filter ] --END-- [ RunTime:0.000349s ]
INFO: [ app_end ] --START--
INFO: Run Behavior\ShowPageTraceBehavior [ RunTime:0.000410s ]
INFO: [ app_end ] --END-- [ RunTime:0.000439s ]

[ 2018-04-24T15:13:17+08:00 ] 127.0.0.1 /index.php/home/home/updateteachach.html
INFO: [ app_init ] --START--
INFO: Run Behavior\BuildLiteBehavior [ RunTime:0.000010s ]
INFO: [ app_init ] --END-- [ RunTime:0.000375s ]
INFO: [ app_begin ] --START--
INFO: Run Behavior\ReadHtmlCacheBehavior [ RunTime:0.000354s ]
INFO: [ app_begin ] --END-- [ RunTime:0.000388s ]
INFO: [ app_end ] --START--
INFO: Run Behavior\ShowPageTraceBehavior [ RunTime:0.000302s ]
INFO: [ app_end ] --END-- [ RunTime:0.000334s ]

[ 2018-04-24T15:51:05+08:00 ] 127.0.0.1 /index.php/home/home/generalteacher.html
INFO: [ app_init ] --START--
INFO: Run Behavior\BuildLiteBehavior [ RunTime:0.000008s ]
INFO: [ app_init ] --END-- [ RunTime:0.000293s ]
INFO: [ app_begin ] --START--
INFO: Run Behavior\ReadHtmlCacheBehavior [ RunTime:0.000400s ]
INFO: [ app_begin ] --END-- [ RunTime:0.000437s ]
SQL: select * from think_user_info where id = '2016303110'  [ RunTime:0.0010s ]
SQL: select * from think_user_job where id = '2016303110'  [ RunTime:0.0004s ]
SQL: select * from think_user_edu where id = '2016303110'  [ RunTime:0.0004s ]
SQL: select pd from think_login where id ='2016303110'  [ RunTime:0.0003s ]
SQL: select c1.years,c1.num, c1.name,c1.dep,c1.tm,c1.lv from think_teach_ach c1,think_map_status c2 where c1.num=c2.num and c1.ptype=c2.ptype and c2.id='2016303110' and c2.ptype='teach_ach'  [ RunTime:0.0005s ]
INFO: [ view_parse ] --START--
INFO: [ template_filter ] --START--
INFO: Run Behavior\ContentReplaceBehavior [ RunTime:0.000045s ]
INFO: [ template_filter ] --END-- [ RunTime:0.000079s ]
NOTIC: [8] Undefined index: profession D:\xammp\htdocs\samanagement\thinkPHPstudy\MKS\Runtime\Cache\Home\e88c1ddfb436e39492e599d16fa3ad8f.php 第 101 行.
NOTIC: [8] Undefined variable: teachAchYES D:\xammp\htdocs\samanagement\thinkPHPstudy\MKS\Runtime\Cache\Home\e88c1ddfb436e39492e599d16fa3ad8f.php 第 133 行.
NOTIC: [8] Undefined variable: teachAchWAIT D:\xammp\htdocs\samanagement\thinkPHPstudy\MKS\Runtime\Cache\Home\e88c1ddfb436e39492e599d16fa3ad8f.php 第 134 行.
NOTIC: [8] Undefined variable: teachAchNO D:\xammp\htdocs\samanagement\thinkPHPstudy\MKS\Runtime\Cache\Home\e88c1ddfb436e39492e599d16fa3ad8f.php 第 135 行.
INFO: Run Behavior\ParseTemplateBehavior [ RunTime:0.068630s ]
INFO: [ view_parse ] --END-- [ RunTime:0.068690s ]
INFO: [ view_filter ] --START--
INFO: Run Behavior\WriteHtmlCacheBehavior [ RunTime:0.000302s ]
INFO: [ view_filter ] --END-- [ RunTime:0.000328s ]
INFO: [ app_end ] --START--
INFO: Run Behavior\ShowPageTraceBehavior [ RunTime:0.000387s ]
INFO: [ app_end ] --END-- [ RunTime:0.000414s ]

[ 2018-04-24T15:51:28+08:00 ] 127.0.0.1 /index.php/home/home/generalteacher.html
INFO: [ app_init ] --START--
INFO: Run Behavior\BuildLiteBehavior [ RunTime:0.000008s ]
INFO: [ app_init ] --END-- [ RunTime:0.000228s ]
INFO: [ app_begin ] --START--
INFO: Run Behavior\ReadHtmlCacheBehavior [ RunTime:0.000295s ]
INFO: [ app_begin ] --END-- [ RunTime:0.000330s ]
SQL: select * from think_user_info where id = '2016303110'  [ RunTime:0.0005s ]
SQL: select * from think_user_job where id = '2016303110'  [ RunTime:0.0002s ]
SQL: select * from think_user_edu where id = '2016303110'  [ RunTime:0.0002s ]
SQL: select pd from think_login where id ='2016303110'  [ RunTime:0.0002s ]
SQL: select c1.years,c1.num, c1.name,c1.dep,c1.tm,c1.lv from think_teach_ach c1,think_map_status c2 where c1.num=c2.num and c1.ptype=c2.ptype and c2.id='2016303110' and c2.ptype='teach_ach'  [ RunTime:0.0003s ]
INFO: [ view_parse ] --START--
INFO: [ template_filter ] --START--
INFO: Run Behavior\ContentReplaceBehavior [ RunTime:0.000043s ]
INFO: [ template_filter ] --END-- [ RunTime:0.000074s ]
NOTIC: [8] Undefined index: profession D:\xammp\htdocs\samanagement\thinkPHPstudy\MKS\Runtime\Cache\Home\e88c1ddfb436e39492e599d16fa3ad8f.php 第 101 行.
NOTIC: [8] Undefined variable: teachAchYES D:\xammp\htdocs\samanagement\thinkPHPstudy\MKS\Runtime\Cache\Home\e88c1ddfb436e39492e599d16fa3ad8f.php 第 133 行.
NOTIC: [8] Undefined variable: teachAchWAIT D:\xammp\htdocs\samanagement\thinkPHPstudy\MKS\Runtime\Cache\Home\e88c1ddfb436e39492e599d16fa3ad8f.php 第 134 行.
NOTIC: [8] Undefined variable: teachAchNO D:\xammp\htdocs\samanagement\thinkPHPstudy\MKS\Runtime\Cache\Home\e88c1ddfb436e39492e599d16fa3ad8f.php 第 135 行.
INFO: Run Behavior\ParseTemplateBehavior [ RunTime:0.006737s ]
INFO: [ view_parse ] --END-- [ RunTime:0.006768s ]
INFO: [ view_filter ] --START--
INFO: Run Behavior\WriteHtmlCacheBehavior [ RunTime:0.000249s ]
INFO: [ view_filter ] --END-- [ RunTime:0.000274s ]
INFO: [ app_end ] --START--
INFO: Run Behavior\ShowPageTraceBehavior [ RunTime:0.000287s ]
INFO: [ app_end ] --END-- [ RunTime:0.000314s ]

[ 2018-04-24T15:53:33+08:00 ] 127.0.0.1 /
INFO: [ app_init ] --START--
INFO: Run Behavior\BuildLiteBehavior [ RunTime:0.000008s ]
INFO: [ app_init ] --END-- [ RunTime:0.000254s ]
INFO: [ app_begin ] --START--
INFO: Run Behavior\ReadHtmlCacheBehavior [ RunTime:0.000369s ]
INFO: [ app_begin ] --END-- [ RunTime:0.000403s ]
INFO: [ view_parse ] --START--
INFO: [ template_filter ] --START--
INFO: Run Behavior\ContentReplaceBehavior [ RunTime:0.000026s ]
INFO: [ template_filter ] --END-- [ RunTime:0.000066s ]
INFO: Run Behavior\ParseTemplateBehavior [ RunTime:0.047482s ]
INFO: [ view_parse ] --END-- [ RunTime:0.047535s ]
INFO: [ view_filter ] --START--
INFO: Run Behavior\WriteHtmlCacheBehavior [ RunTime:0.000339s ]
INFO: [ view_filter ] --END-- [ RunTime:0.000369s ]
INFO: [ app_end ] --START--
INFO: Run Behavior\ShowPageTraceBehavior [ RunTime:0.000440s ]
INFO: [ app_end ] --END-- [ RunTime:0.000474s ]

[ 2018-04-24T15:53:39+08:00 ] 127.0.0.1 /index.php/home/index/login.html
INFO: [ app_init ] --START--
INFO: Run Behavior\BuildLiteBehavior [ RunTime:0.000008s ]
INFO: [ app_init ] --END-- [ RunTime:0.000264s ]
INFO: [ app_begin ] --START--
INFO: Run Behavior\ReadHtmlCacheBehavior [ RunTime:0.000294s ]
INFO: [ app_begin ] --END-- [ RunTime:0.000328s ]
SQL:  select auth from think_login where id = '2016303110' and pd = '123456'  [ RunTime:0.0004s ]
NOTIC: [8] Use of undefined constant auth - assumed 'auth' D:\xammp\htdocs\samanagement\thinkPHPstudy\MKS\Home\Controller\IndexController.class.php 第 22 行.
SQL: select name from think_user_info where id='2016303110'  [ RunTime:0.0004s ]

[ 2018-04-24T15:53:39+08:00 ] 127.0.0.1 /index.php/home/home/generalteacher.html
INFO: [ app_init ] --START--
INFO: Run Behavior\BuildLiteBehavior [ RunTime:0.000008s ]
INFO: [ app_init ] --END-- [ RunTime:0.000235s ]
INFO: [ app_begin ] --START--
INFO: Run Behavior\ReadHtmlCacheBehavior [ RunTime:0.000299s ]
INFO: [ app_begin ] --END-- [ RunTime:0.000335s ]
SQL: select * from think_user_info where id = '2016303110'  [ RunTime:0.0004s ]
SQL: select * from think_user_job where id = '2016303110'  [ RunTime:0.0002s ]
SQL: select * from think_user_edu where id = '2016303110'  [ RunTime:0.0002s ]
SQL: select pd from think_login where id ='2016303110'  [ RunTime:0.0002s ]
SQL: select c1.years,c1.num, c1.name,c1.dep,c1.tm,c1.lv from think_teach_ach c1,think_map_status c2 where c1.num=c2.num and c1.ptype=c2.ptype and c2.id='2016303110' and c2.ptype='teach_ach'  [ RunTime:0.0003s ]
INFO: [ view_parse ] --START--
INFO: [ template_filter ] --START--
INFO: Run Behavior\ContentReplaceBehavior [ RunTime:0.000050s ]
INFO: [ template_filter ] --END-- [ RunTime:0.000086s ]
NOTIC: [8] Undefined index: profession D:\xammp\htdocs\samanagement\thinkPHPstudy\MKS\Runtime\Cache\Home\e88c1ddfb436e39492e599d16fa3ad8f.php 第 101 行.
NOTIC: [8] Undefined variable: teachAchYES D:\xammp\htdocs\samanagement\thinkPHPstudy\MKS\Runtime\Cache\Home\e88c1ddfb436e39492e599d16fa3ad8f.php 第 133 行.
NOTIC: [8] Undefined variable: teachAchWAIT D:\xammp\htdocs\samanagement\thinkPHPstudy\MKS\Runtime\Cache\Home\e88c1ddfb436e39492e599d16fa3ad8f.php 第 134 行.
NOTIC: [8] Undefined variable: teachAchNO D:\xammp\htdocs\samanagement\thinkPHPstudy\MKS\Runtime\Cache\Home\e88c1ddfb436e39492e599d16fa3ad8f.php 第 135 行.
INFO: Run Behavior\ParseTemplateBehavior [ RunTime:0.007153s ]
INFO: [ view_parse ] --END-- [ RunTime:0.007183s ]
INFO: [ view_filter ] --START--
INFO: Run Behavior\WriteHtmlCacheBehavior [ RunTime:0.000253s ]
INFO: [ view_filter ] --END-- [ RunTime:0.000278s ]
INFO: [ app_end ] --START--
INFO: Run Behavior\ShowPageTraceBehavior [ RunTime:0.000288s ]
INFO: [ app_end ] --END-- [ RunTime:0.000314s ]

[ 2018-04-24T15:53:48+08:00 ] 127.0.0.1 /index.php/home/home/generalteacher.html
INFO: [ app_init ] --START--
INFO: Run Behavior\BuildLiteBehavior [ RunTime:0.000007s ]
INFO: [ app_init ] --END-- [ RunTime:0.000229s ]
INFO: [ app_begin ] --START--
INFO: Run Behavior\ReadHtmlCacheBehavior [ RunTime:0.000295s ]
INFO: [ app_begin ] --END-- [ RunTime:0.000330s ]
SQL: select * from think_user_info where id = '2016303110'  [ RunTime:0.0003s ]
SQL: select * from think_user_job where id = '2016303110'  [ RunTime:0.0002s ]
SQL: select * from think_user_edu where id = '2016303110'  [ RunTime:0.0002s ]
SQL: select pd from think_login where id ='2016303110'  [ RunTime:0.0002s ]
SQL: select c1.years,c1.num, c1.name,c1.dep,c1.tm,c1.lv from think_teach_ach c1,think_map_status c2 where c1.num=c2.num and c1.ptype=c2.ptype and c2.id='2016303110' and c2.ptype='teach_ach'  [ RunTime:0.0002s ]
INFO: [ view_parse ] --START--
INFO: [ template_filter ] --START--
INFO: Run Behavior\ContentReplaceBehavior [ RunTime:0.000046s ]
INFO: [ template_filter ] --END-- [ RunTime:0.000081s ]
NOTIC: [8] Undefined index: profession D:\xammp\htdocs\samanagement\thinkPHPstudy\MKS\Runtime\Cache\Home\e88c1ddfb436e39492e599d16fa3ad8f.php 第 101 行.
NOTIC: [8] Undefined variable: teachAchYES D:\xammp\htdocs\samanagement\thinkPHPstudy\MKS\Runtime\Cache\Home\e88c1ddfb436e39492e599d16fa3ad8f.php 第 133 行.
NOTIC: [8] Undefined variable: teachAchWAIT D:\xammp\htdocs\samanagement\thinkPHPstudy\MKS\Runtime\Cache\Home\e88c1ddfb436e39492e599d16fa3ad8f.php 第 134 行.
NOTIC: [8] Undefined variable: teachAchNO D:\xammp\htdocs\samanagement\thinkPHPstudy\MKS\Runtime\Cache\Home\e88c1ddfb436e39492e599d16fa3ad8f.php 第 135 行.
INFO: Run Behavior\ParseTemplateBehavior [ RunTime:0.007410s ]
INFO: [ view_parse ] --END-- [ RunTime:0.007443s ]
INFO: [ view_filter ] --START--
INFO: Run Behavior\WriteHtmlCacheBehavior [ RunTime:0.000269s ]
INFO: [ view_filter ] --END-- [ RunTime:0.000296s ]
INFO: [ app_end ] --START--
INFO: Run Behavior\ShowPageTraceBehavior [ RunTime:0.000299s ]
INFO: [ app_end ] --END-- [ RunTime:0.000325s ]

[ 2018-04-24T16:25:57+08:00 ] 127.0.0.1 /index.php/home/home/generalteacher.html
INFO: [ app_init ] --START--
INFO: Run Behavior\BuildLiteBehavior [ RunTime:0.000013s ]
INFO: [ app_init ] --END-- [ RunTime:0.126292s ]
INFO: [ app_begin ] --START--
INFO: Run Behavior\ReadHtmlCacheBehavior [ RunTime:0.039761s ]
INFO: [ app_begin ] --END-- [ RunTime:0.039845s ]
SQL: select * from think_user_info where id = '2016303110'  [ RunTime:0.1567s ]
SQL: select * from think_user_job where id = '2016303110'  [ RunTime:0.0005s ]
SQL: select * from think_user_edu where id = '2016303110'  [ RunTime:0.0006s ]
SQL: select pd from think_login where id ='2016303110'  [ RunTime:0.0004s ]
SQL: select c1.years,c1.num, c1.name,c1.dep,c1.tm,c1.lv from think_teach_ach c1,think_map_status c2 where c1.num=c2.num and c1.ptype=c2.ptype and c2.id='2016303110' and c2.ptype='teach_ach'  [ RunTime:0.0006s ]
INFO: [ view_parse ] --START--
INFO: [ template_filter ] --START--
INFO: Run Behavior\ContentReplaceBehavior [ RunTime:0.000055s ]
INFO: [ template_filter ] --END-- [ RunTime:0.000093s ]
NOTIC: [8] Undefined index: profession D:\xammp\htdocs\samanagement\thinkPHPstudy\MKS\Runtime\Cache\Home\e88c1ddfb436e39492e599d16fa3ad8f.php 第 100 行.
NOTIC: [8] Undefined variable: teachAchYES D:\xammp\htdocs\samanagement\thinkPHPstudy\MKS\Runtime\Cache\Home\e88c1ddfb436e39492e599d16fa3ad8f.php 第 132 行.
NOTIC: [8] Undefined variable: teachAchWAIT D:\xammp\htdocs\samanagement\thinkPHPstudy\MKS\Runtime\Cache\Home\e88c1ddfb436e39492e599d16fa3ad8f.php 第 133 行.
NOTIC: [8] Undefined variable: teachAchNO D:\xammp\htdocs\samanagement\thinkPHPstudy\MKS\Runtime\Cache\Home\e88c1ddfb436e39492e599d16fa3ad8f.php 第 134 行.
INFO: Run Behavior\ParseTemplateBehavior [ RunTime:0.571132s ]
INFO: [ view_parse ] --END-- [ RunTime:0.571219s ]
INFO: [ view_filter ] --START--
INFO: Run Behavior\WriteHtmlCacheBehavior [ RunTime:0.024973s ]
INFO: [ view_filter ] --END-- [ RunTime:0.025030s ]
INFO: [ app_end ] --START--
INFO: Run Behavior\ShowPageTraceBehavior [ RunTime:0.041691s ]
INFO: [ app_end ] --END-- [ RunTime:0.041757s ]

[ 2018-04-24T16:26:27+08:00 ] 127.0.0.1 /
INFO: [ app_init ] --START--
INFO: Run Behavior\BuildLiteBehavior [ RunTime:0.000045s ]
INFO: [ app_init ] --END-- [ RunTime:0.000480s ]
INFO: [ app_begin ] --START--
INFO: Run Behavior\ReadHtmlCacheBehavior [ RunTime:0.000414s ]
INFO: [ app_begin ] --END-- [ RunTime:0.000493s ]
INFO: [ view_parse ] --START--
INFO: [ template_filter ] --START--
INFO: Run Behavior\ContentReplaceBehavior [ RunTime:0.000050s ]
INFO: [ template_filter ] --END-- [ RunTime:0.000091s ]
INFO: Run Behavior\ParseTemplateBehavior [ RunTime:0.018468s ]
INFO: [ view_parse ] --END-- [ RunTime:0.018540s ]
INFO: [ view_filter ] --START--
INFO: Run Behavior\WriteHtmlCacheBehavior [ RunTime:0.000284s ]
INFO: [ view_filter ] --END-- [ RunTime:0.000313s ]
INFO: [ app_end ] --START--
INFO: Run Behavior\ShowPageTraceBehavior [ RunTime:0.000331s ]
INFO: [ app_end ] --END-- [ RunTime:0.000361s ]

[ 2018-04-24T16:26:37+08:00 ] 127.0.0.1 /index.php/home/index/login.html
INFO: [ app_init ] --START--
INFO: Run Behavior\BuildLiteBehavior [ RunTime:0.001601s ]
INFO: [ app_init ] --END-- [ RunTime:0.001909s ]
INFO: [ app_begin ] --START--
INFO: Run Behavior\ReadHtmlCacheBehavior [ RunTime:0.000777s ]
INFO: [ app_begin ] --END-- [ RunTime:0.000895s ]
SQL:  select auth from think_login where id = '2016303110' and pd = '123456'  [ RunTime:0.0003s ]
NOTIC: [8] Use of undefined constant auth - assumed 'auth' D:\xammp\htdocs\samanagement\thinkPHPstudy\MKS\Home\Controller\IndexController.class.php 第 22 行.
SQL: select name from think_user_info where id='2016303110'  [ RunTime:0.0004s ]

[ 2018-04-24T16:26:37+08:00 ] 127.0.0.1 /index.php/home/home/generalteacher.html
INFO: [ app_init ] --START--
INFO: Run Behavior\BuildLiteBehavior [ RunTime:0.000008s ]
INFO: [ app_init ] --END-- [ RunTime:0.000269s ]
INFO: [ app_begin ] --START--
INFO: Run Behavior\ReadHtmlCacheBehavior [ RunTime:0.000353s ]
INFO: [ app_begin ] --END-- [ RunTime:0.000411s ]
SQL: select * from think_user_info where id = '2016303110'  [ RunTime:0.0002s ]
SQL: select * from think_user_job where id = '2016303110'  [ RunTime:0.0002s ]
SQL: select * from think_user_edu where id = '2016303110'  [ RunTime:0.0002s ]
SQL: select pd from think_login where id ='2016303110'  [ RunTime:0.0003s ]
SQL: select c1.years,c1.num, c1.name,c1.dep,c1.tm,c1.lv from think_teach_ach c1,think_map_status c2 where c1.num=c2.num and c1.ptype=c2.ptype and c2.id='2016303110' and c2.ptype='teach_ach'  [ RunTime:0.0003s ]
INFO: [ view_parse ] --START--
INFO: [ template_filter ] --START--
INFO: Run Behavior\ContentReplaceBehavior [ RunTime:0.000042s ]
INFO: [ template_filter ] --END-- [ RunTime:0.000089s ]
NOTIC: [8] Undefined index: profession D:\xammp\htdocs\samanagement\thinkPHPstudy\MKS\Runtime\Cache\Home\e88c1ddfb436e39492e599d16fa3ad8f.php 第 100 行.
NOTIC: [8] Undefined variable: teachAchYES D:\xammp\htdocs\samanagement\thinkPHPstudy\MKS\Runtime\Cache\Home\e88c1ddfb436e39492e599d16fa3ad8f.php 第 132 行.
NOTIC: [8] Undefined variable: teachAchWAIT D:\xammp\htdocs\samanagement\thinkPHPstudy\MKS\Runtime\Cache\Home\e88c1ddfb436e39492e599d16fa3ad8f.php 第 133 行.
NOTIC: [8] Undefined variable: teachAchNO D:\xammp\htdocs\samanagement\thinkPHPstudy\MKS\Runtime\Cache\Home\e88c1ddfb436e39492e599d16fa3ad8f.php 第 134 行.
INFO: Run Behavior\ParseTemplateBehavior [ RunTime:0.008699s ]
INFO: [ view_parse ] --END-- [ RunTime:0.008739s ]
INFO: [ view_filter ] --START--
INFO: Run Behavior\WriteHtmlCacheBehavior [ RunTime:0.000468s ]
INFO: [ view_filter ] --END-- [ RunTime:0.000528s ]
INFO: [ app_end ] --START--
INFO: Run Behavior\ShowPageTraceBehavior [ RunTime:0.000363s ]
INFO: [ app_end ] --END-- [ RunTime:0.000389s ]

[ 2018-04-24T16:31:47+08:00 ] 127.0.0.1 /index.php/home/home/generalteacher.html
INFO: [ app_init ] --START--
INFO: Run Behavior\BuildLiteBehavior [ RunTime:0.000009s ]
INFO: [ app_init ] --END-- [ RunTime:0.000263s ]
INFO: [ app_begin ] --START--
INFO: Run Behavior\ReadHtmlCacheBehavior [ RunTime:0.000380s ]
INFO: [ app_begin ] --END-- [ RunTime:0.000416s ]
SQL: select * from think_user_info where id = '2016303110'  [ RunTime:0.0003s ]
SQL: select * from think_user_job where id = '2016303110'  [ RunTime:0.0840s ]
SQL: select * from think_user_edu where id = '2016303110'  [ RunTime:0.0002s ]
SQL: select pd from think_login where id ='2016303110'  [ RunTime:0.0001s ]
SQL: select c1.years,c1.num, c1.name,c1.dep,c1.tm,c1.lv from think_teach_ach c1,think_map_status c2 where c1.num=c2.num and c1.ptype=c2.ptype and c2.id='2016303110' and c2.ptype='teach_ach'  [ RunTime:0.0002s ]
INFO: [ view_parse ] --START--
INFO: [ template_filter ] --START--
INFO: Run Behavior\ContentReplaceBehavior [ RunTime:0.000048s ]
INFO: [ template_filter ] --END-- [ RunTime:0.000099s ]
NOTIC: [8] Undefined index: profession D:\xammp\htdocs\samanagement\thinkPHPstudy\MKS\Runtime\Cache\Home\e88c1ddfb436e39492e599d16fa3ad8f.php 第 100 行.
NOTIC: [8] Undefined variable: teachAchYES D:\xammp\htdocs\samanagement\thinkPHPstudy\MKS\Runtime\Cache\Home\e88c1ddfb436e39492e599d16fa3ad8f.php 第 132 行.
NOTIC: [8] Undefined variable: teachAchWAIT D:\xammp\htdocs\samanagement\thinkPHPstudy\MKS\Runtime\Cache\Home\e88c1ddfb436e39492e599d16fa3ad8f.php 第 133 行.
NOTIC: [8] Undefined variable: teachAchNO D:\xammp\htdocs\samanagement\thinkPHPstudy\MKS\Runtime\Cache\Home\e88c1ddfb436e39492e599d16fa3ad8f.php 第 134 行.
INFO: Run Behavior\ParseTemplateBehavior [ RunTime:0.097020s ]
INFO: [ view_parse ] --END-- [ RunTime:0.097058s ]
INFO: [ view_filter ] --START--
INFO: Run Behavior\WriteHtmlCacheBehavior [ RunTime:0.000298s ]
INFO: [ view_filter ] --END-- [ RunTime:0.000326s ]
INFO: [ app_end ] --START--
INFO: Run Behavior\ShowPageTraceBehavior [ RunTime:0.000410s ]
INFO: [ app_end ] --END-- [ RunTime:0.000459s ]

[ 2018-04-24T16:32:07+08:00 ] 127.0.0.1 /index.php/home/home/updateteachach.html
INFO: [ app_init ] --START--
INFO: Run Behavior\BuildLiteBehavior [ RunTime:0.000021s ]
INFO: [ app_init ] --END-- [ RunTime:0.000334s ]
INFO: [ app_begin ] --START--
INFO: Run Behavior\ReadHtmlCacheBehavior [ RunTime:0.000330s ]
INFO: [ app_begin ] --END-- [ RunTime:0.000362s ]
NOTIC: [2] call_user_func() expects parameter 1 to be a valid callback, no array or string given D:\xammp\htdocs\samanagement\thinkPHPstudy\ThinkPHP\Library\Think\Upload.class.php 第 170 行.
INFO: [ app_end ] --START--
INFO: Run Behavior\ShowPageTraceBehavior [ RunTime:0.001354s ]
INFO: [ app_end ] --END-- [ RunTime:0.001501s ]

[ 2018-04-24T16:32:07+08:00 ] 127.0.0.1 /index.php/home/home/generalteacher.html
INFO: [ app_init ] --START--
INFO: Run Behavior\BuildLiteBehavior [ RunTime:0.000009s ]
INFO: [ app_init ] --END-- [ RunTime:0.000281s ]
INFO: [ app_begin ] --START--
INFO: Run Behavior\ReadHtmlCacheBehavior [ RunTime:0.001073s ]
INFO: [ app_begin ] --END-- [ RunTime:0.001131s ]
SQL: select * from think_user_info where id = '2016303110'  [ RunTime:0.0004s ]
SQL: select * from think_user_job where id = '2016303110'  [ RunTime:0.0021s ]
SQL: select * from think_user_edu where id = '2016303110'  [ RunTime:0.0005s ]
SQL: select pd from think_login where id ='2016303110'  [ RunTime:0.0003s ]
SQL: select c1.years,c1.num, c1.name,c1.dep,c1.tm,c1.lv from think_teach_ach c1,think_map_status c2 where c1.num=c2.num and c1.ptype=c2.ptype and c2.id='2016303110' and c2.ptype='teach_ach'  [ RunTime:0.0003s ]
INFO: [ view_parse ] --START--
INFO: [ template_filter ] --START--
INFO: Run Behavior\ContentReplaceBehavior [ RunTime:0.000196s ]
INFO: [ template_filter ] --END-- [ RunTime:0.001083s ]
NOTIC: [8] Undefined index: profession D:\xammp\htdocs\samanagement\thinkPHPstudy\MKS\Runtime\Cache\Home\e88c1ddfb436e39492e599d16fa3ad8f.php 第 100 行.
NOTIC: [8] Undefined variable: teachAchYES D:\xammp\htdocs\samanagement\thinkPHPstudy\MKS\Runtime\Cache\Home\e88c1ddfb436e39492e599d16fa3ad8f.php 第 132 行.
NOTIC: [8] Undefined variable: teachAchWAIT D:\xammp\htdocs\samanagement\thinkPHPstudy\MKS\Runtime\Cache\Home\e88c1ddfb436e39492e599d16fa3ad8f.php 第 133 行.
NOTIC: [8] Undefined variable: teachAchNO D:\xammp\htdocs\samanagement\thinkPHPstudy\MKS\Runtime\Cache\Home\e88c1ddfb436e39492e599d16fa3ad8f.php 第 134 行.
INFO: Run Behavior\ParseTemplateBehavior [ RunTime:0.015431s ]
INFO: [ view_parse ] --END-- [ RunTime:0.015487s ]
INFO: [ view_filter ] --START--
INFO: Run Behavior\WriteHtmlCacheBehavior [ RunTime:0.000451s ]
INFO: [ view_filter ] --END-- [ RunTime:0.000484s ]
INFO: [ app_end ] --START--
INFO: Run Behavior\ShowPageTraceBehavior [ RunTime:0.000390s ]
INFO: [ app_end ] --END-- [ RunTime:0.000419s ]

[ 2018-04-24T16:37:18+08:00 ] 127.0.0.1 /
INFO: [ app_init ] --START--
INFO: Run Behavior\BuildLiteBehavior [ RunTime:0.000011s ]
INFO: [ app_init ] --END-- [ RunTime:0.000402s ]
INFO: [ app_begin ] --START--
INFO: Run Behavior\ReadHtmlCacheBehavior [ RunTime:0.000529s ]
INFO: [ app_begin ] --END-- [ RunTime:0.000569s ]
INFO: [ view_parse ] --START--
INFO: [ template_filter ] --START--
INFO: Run Behavior\ContentReplaceBehavior [ RunTime:0.000039s ]
INFO: [ template_filter ] --END-- [ RunTime:0.000083s ]
INFO: Run Behavior\ParseTemplateBehavior [ RunTime:0.004529s ]
INFO: [ view_parse ] --END-- [ RunTime:0.004565s ]
INFO: [ view_filter ] --START--
INFO: Run Behavior\WriteHtmlCacheBehavior [ RunTime:0.000288s ]
INFO: [ view_filter ] --END-- [ RunTime:0.000313s ]
INFO: [ app_end ] --START--
INFO: Run Behavior\ShowPageTraceBehavior [ RunTime:0.000703s ]
INFO: [ app_end ] --END-- [ RunTime:0.000786s ]

[ 2018-04-24T16:37:23+08:00 ] 127.0.0.1 /index.php/home/index/login.html
INFO: [ app_init ] --START--
INFO: Run Behavior\BuildLiteBehavior [ RunTime:0.000008s ]
INFO: [ app_init ] --END-- [ RunTime:0.000230s ]
INFO: [ app_begin ] --START--
INFO: Run Behavior\ReadHtmlCacheBehavior [ RunTime:0.000293s ]
INFO: [ app_begin ] --END-- [ RunTime:0.000329s ]
SQL:  select auth from think_login where id = '2016303110' and pd = '123456'  [ RunTime:0.0003s ]
NOTIC: [8] Use of undefined constant auth - assumed 'auth' D:\xammp\htdocs\samanagement\thinkPHPstudy\MKS\Home\Controller\IndexController.class.php 第 22 行.
SQL: select name from think_user_info where id='2016303110'  [ RunTime:0.0002s ]

[ 2018-04-24T16:37:24+08:00 ] 127.0.0.1 /index.php/home/home/generalteacher.html
INFO: [ app_init ] --START--
INFO: Run Behavior\BuildLiteBehavior [ RunTime:0.000023s ]
INFO: [ app_init ] --END-- [ RunTime:0.000263s ]
INFO: [ app_begin ] --START--
INFO: Run Behavior\ReadHtmlCacheBehavior [ RunTime:0.000308s ]
INFO: [ app_begin ] --END-- [ RunTime:0.000345s ]
SQL: select * from think_user_info where id = '2016303110'  [ RunTime:0.0004s ]
SQL: select * from think_user_job where id = '2016303110'  [ RunTime:0.0002s ]
SQL: select * from think_user_edu where id = '2016303110'  [ RunTime:0.0001s ]
SQL: select pd from think_login where id ='2016303110'  [ RunTime:0.0001s ]
SQL: select c1.years,c1.num, c1.name,c1.dep,c1.tm,c1.lv from think_teach_ach c1,think_map_status c2 where c1.num=c2.num and c1.ptype=c2.ptype and c2.id='2016303110' and c2.ptype='teach_ach'  [ RunTime:0.0002s ]
INFO: [ view_parse ] --START--
INFO: [ template_filter ] --START--
INFO: Run Behavior\ContentReplaceBehavior [ RunTime:0.000045s ]
INFO: [ template_filter ] --END-- [ RunTime:0.000078s ]
NOTIC: [8] Undefined index: profession D:\xammp\htdocs\samanagement\thinkPHPstudy\MKS\Runtime\Cache\Home\e88c1ddfb436e39492e599d16fa3ad8f.php 第 101 行.
NOTIC: [8] Undefined variable: teachAchYES D:\xammp\htdocs\samanagement\thinkPHPstudy\MKS\Runtime\Cache\Home\e88c1ddfb436e39492e599d16fa3ad8f.php 第 133 行.
NOTIC: [8] Undefined variable: teachAchWAIT D:\xammp\htdocs\samanagement\thinkPHPstudy\MKS\Runtime\Cache\Home\e88c1ddfb436e39492e599d16fa3ad8f.php 第 134 行.
NOTIC: [8] Undefined variable: teachAchNO D:\xammp\htdocs\samanagement\thinkPHPstudy\MKS\Runtime\Cache\Home\e88c1ddfb436e39492e599d16fa3ad8f.php 第 135 行.
INFO: Run Behavior\ParseTemplateBehavior [ RunTime:0.047699s ]
INFO: [ view_parse ] --END-- [ RunTime:0.047735s ]
INFO: [ view_filter ] --START--
INFO: Run Behavior\WriteHtmlCacheBehavior [ RunTime:0.000270s ]
INFO: [ view_filter ] --END-- [ RunTime:0.000296s ]
INFO: [ app_end ] --START--
INFO: Run Behavior\ShowPageTraceBehavior [ RunTime:0.000295s ]
INFO: [ app_end ] --END-- [ RunTime:0.000321s ]

[ 2018-04-24T16:37:43+08:00 ] 127.0.0.1 /index.php/home/home/updateteachach.html
INFO: [ app_init ] --START--
INFO: Run Behavior\BuildLiteBehavior [ RunTime:0.000008s ]
INFO: [ app_init ] --END-- [ RunTime:0.000232s ]
INFO: [ app_begin ] --START--
INFO: Run Behavior\ReadHtmlCacheBehavior [ RunTime:0.000312s ]
INFO: [ app_begin ] --END-- [ RunTime:0.000343s ]
NOTIC: [8] Undefined index: data D:\xammp\htdocs\samanagement\thinkPHPstudy\MKS\Home\Controller\HomeController.class.php 第 114 行.
NOTIC: [8] Undefined offset: 1 D:\xammp\htdocs\samanagement\thinkPHPstudy\MKS\Home\Controller\HomeController.class.php 第 117 行.
NOTIC: [2] call_user_func() expects parameter 1 to be a valid callback, no array or string given D:\xammp\htdocs\samanagement\thinkPHPstudy\ThinkPHP\Library\Think\Upload.class.php 第 170 行.
INFO: [ app_end ] --START--
INFO: Run Behavior\ShowPageTraceBehavior [ RunTime:0.000537s ]
INFO: [ app_end ] --END-- [ RunTime:0.000596s ]

[ 2018-04-24T16:37:43+08:00 ] 127.0.0.1 /index.php/home/home/generalteacher.html
INFO: [ app_init ] --START--
INFO: Run Behavior\BuildLiteBehavior [ RunTime:0.000028s ]
INFO: [ app_init ] --END-- [ RunTime:0.000677s ]
INFO: [ app_begin ] --START--
INFO: Run Behavior\ReadHtmlCacheBehavior [ RunTime:0.000456s ]
INFO: [ app_begin ] --END-- [ RunTime:0.000501s ]
SQL: select * from think_user_info where id = '2016303110'  [ RunTime:0.0002s ]
SQL: select * from think_user_job where id = '2016303110'  [ RunTime:0.0004s ]
SQL: select * from think_user_edu where id = '2016303110'  [ RunTime:0.0003s ]
SQL: select pd from think_login where id ='2016303110'  [ RunTime:0.0025s ]
SQL: select c1.years,c1.num, c1.name,c1.dep,c1.tm,c1.lv from think_teach_ach c1,think_map_status c2 where c1.num=c2.num and c1.ptype=c2.ptype and c2.id='2016303110' and c2.ptype='teach_ach'  [ RunTime:0.0006s ]
INFO: [ view_parse ] --START--
INFO: [ template_filter ] --START--
INFO: Run Behavior\ContentReplaceBehavior [ RunTime:0.000044s ]
INFO: [ template_filter ] --END-- [ RunTime:0.000084s ]
NOTIC: [8] Undefined index: profession D:\xammp\htdocs\samanagement\thinkPHPstudy\MKS\Runtime\Cache\Home\e88c1ddfb436e39492e599d16fa3ad8f.php 第 101 行.
NOTIC: [8] Undefined variable: teachAchYES D:\xammp\htdocs\samanagement\thinkPHPstudy\MKS\Runtime\Cache\Home\e88c1ddfb436e39492e599d16fa3ad8f.php 第 133 行.
NOTIC: [8] Undefined variable: teachAchWAIT D:\xammp\htdocs\samanagement\thinkPHPstudy\MKS\Runtime\Cache\Home\e88c1ddfb436e39492e599d16fa3ad8f.php 第 134 行.
NOTIC: [8] Undefined variable: teachAchNO D:\xammp\htdocs\samanagement\thinkPHPstudy\MKS\Runtime\Cache\Home\e88c1ddfb436e39492e599d16fa3ad8f.php 第 135 行.
INFO: Run Behavior\ParseTemplateBehavior [ RunTime:0.011466s ]
INFO: [ view_parse ] --END-- [ RunTime:0.011509s ]
INFO: [ view_filter ] --START--
INFO: Run Behavior\WriteHtmlCacheBehavior [ RunTime:0.000614s ]
INFO: [ view_filter ] --END-- [ RunTime:0.000673s ]
INFO: [ app_end ] --START--
INFO: Run Behavior\ShowPageTraceBehavior [ RunTime:0.000440s ]
INFO: [ app_end ] --END-- [ RunTime:0.000482s ]

[ 2018-04-24T16:51:42+08:00 ] 127.0.0.1 /
INFO: [ app_init ] --START--
INFO: Run Behavior\BuildLiteBehavior [ RunTime:0.000009s ]
INFO: [ app_init ] --END-- [ RunTime:0.000279s ]
INFO: [ app_begin ] --START--
INFO: Run Behavior\ReadHtmlCacheBehavior [ RunTime:0.000406s ]
INFO: [ app_begin ] --END-- [ RunTime:0.000442s ]
INFO: [ view_parse ] --START--
INFO: [ template_filter ] --START--
INFO: Run Behavior\ContentReplaceBehavior [ RunTime:0.000024s ]
INFO: [ template_filter ] --END-- [ RunTime:0.000055s ]
INFO: Run Behavior\ParseTemplateBehavior [ RunTime:0.004555s ]
INFO: [ view_parse ] --END-- [ RunTime:0.004592s ]
INFO: [ view_filter ] --START--
INFO: Run Behavior\WriteHtmlCacheBehavior [ RunTime:0.000384s ]
INFO: [ view_filter ] --END-- [ RunTime:0.000414s ]
INFO: [ app_end ] --START--
INFO: Run Behavior\ShowPageTraceBehavior [ RunTime:0.000408s ]
INFO: [ app_end ] --END-- [ RunTime:0.000439s ]

[ 2018-04-24T16:51:49+08:00 ] 127.0.0.1 /index.php/home/index/login.html
INFO: [ app_init ] --START--
INFO: Run Behavior\BuildLiteBehavior [ RunTime:0.000009s ]
INFO: [ app_init ] --END-- [ RunTime:0.000239s ]
INFO: [ app_begin ] --START--
INFO: Run Behavior\ReadHtmlCacheBehavior [ RunTime:0.000302s ]
INFO: [ app_begin ] --END-- [ RunTime:0.000340s ]
SQL:  select auth from think_login where id = '2016303110' and pd = '123456'  [ RunTime:0.0003s ]
NOTIC: [8] Use of undefined constant auth - assumed 'auth' D:\xammp\htdocs\samanagement\thinkPHPstudy\MKS\Home\Controller\IndexController.class.php 第 22 行.
SQL: select name from think_user_info where id='2016303110'  [ RunTime:0.0003s ]

[ 2018-04-24T16:51:49+08:00 ] 127.0.0.1 /index.php/home/home/generalteacher.html
INFO: [ app_init ] --START--
INFO: Run Behavior\BuildLiteBehavior [ RunTime:0.000009s ]
INFO: [ app_init ] --END-- [ RunTime:0.000246s ]
INFO: [ app_begin ] --START--
INFO: Run Behavior\ReadHtmlCacheBehavior [ RunTime:0.000314s ]
INFO: [ app_begin ] --END-- [ RunTime:0.000348s ]
SQL: select * from think_user_info where id = '2016303110'  [ RunTime:0.0004s ]
SQL: select * from think_user_job where id = '2016303110'  [ RunTime:0.0002s ]
SQL: select * from think_user_edu where id = '2016303110'  [ RunTime:0.0003s ]
SQL: select pd from think_login where id ='2016303110'  [ RunTime:0.0002s ]
SQL: select c1.years,c1.num, c1.name,c1.dep,c1.tm,c1.lv from think_teach_ach c1,think_map_status c2 where c1.num=c2.num and c1.ptype=c2.ptype and c2.id='2016303110' and c2.ptype='teach_ach'  [ RunTime:0.0003s ]
INFO: [ view_parse ] --START--
INFO: [ template_filter ] --START--
INFO: Run Behavior\ContentReplaceBehavior [ RunTime:0.000061s ]
INFO: [ template_filter ] --END-- [ RunTime:0.000147s ]
NOTIC: [8] Undefined index: profession D:\xammp\htdocs\samanagement\thinkPHPstudy\MKS\Runtime\Cache\Home\e88c1ddfb436e39492e599d16fa3ad8f.php 第 101 行.
NOTIC: [8] Undefined variable: teachAchYES D:\xammp\htdocs\samanagement\thinkPHPstudy\MKS\Runtime\Cache\Home\e88c1ddfb436e39492e599d16fa3ad8f.php 第 133 行.
NOTIC: [8] Undefined variable: teachAchWAIT D:\xammp\htdocs\samanagement\thinkPHPstudy\MKS\Runtime\Cache\Home\e88c1ddfb436e39492e599d16fa3ad8f.php 第 134 行.
NOTIC: [8] Undefined variable: teachAchNO D:\xammp\htdocs\samanagement\thinkPHPstudy\MKS\Runtime\Cache\Home\e88c1ddfb436e39492e599d16fa3ad8f.php 第 135 行.
INFO: Run Behavior\ParseTemplateBehavior [ RunTime:0.051453s ]
INFO: [ view_parse ] --END-- [ RunTime:0.051547s ]
INFO: [ view_filter ] --START--
INFO: Run Behavior\WriteHtmlCacheBehavior [ RunTime:0.000275s ]
INFO: [ view_filter ] --END-- [ RunTime:0.000301s ]
INFO: [ app_end ] --START--
INFO: Run Behavior\ShowPageTraceBehavior [ RunTime:0.000292s ]
INFO: [ app_end ] --END-- [ RunTime:0.000319s ]

[ 2018-04-24T16:52:00+08:00 ] 127.0.0.1 /index.php/home/home/updateteachach.html
INFO: [ app_init ] --START--
INFO: Run Behavior\BuildLiteBehavior [ RunTime:0.000009s ]
INFO: [ app_init ] --END-- [ RunTime:0.000237s ]
INFO: [ app_begin ] --START--
INFO: Run Behavior\ReadHtmlCacheBehavior [ RunTime:0.000335s ]
INFO: [ app_begin ] --END-- [ RunTime:0.000368s ]
NOTIC: [2] call_user_func() expects parameter 1 to be a valid callback, no array or string given D:\xammp\htdocs\samanagement\thinkPHPstudy\ThinkPHP\Library\Think\Upload.class.php 第 170 行.
INFO: [ app_end ] --START--
INFO: Run Behavior\ShowPageTraceBehavior [ RunTime:0.000353s ]
INFO: [ app_end ] --END-- [ RunTime:0.000394s ]

[ 2018-04-24T16:52:00+08:00 ] 127.0.0.1 /index.php/home/home/generalteacher.html
INFO: [ app_init ] --START--
INFO: Run Behavior\BuildLiteBehavior [ RunTime:0.000012s ]
INFO: [ app_init ] --END-- [ RunTime:0.000353s ]
INFO: [ app_begin ] --START--
INFO: Run Behavior\ReadHtmlCacheBehavior [ RunTime:0.001017s ]
INFO: [ app_begin ] --END-- [ RunTime:0.001069s ]
SQL: select * from think_user_info where id = '2016303110'  [ RunTime:0.0003s ]
SQL: select * from think_user_job where id = '2016303110'  [ RunTime:0.0002s ]
SQL: select * from think_user_edu where id = '2016303110'  [ RunTime:0.0002s ]
SQL: select pd from think_login where id ='2016303110'  [ RunTime:0.0002s ]
SQL: select c1.years,c1.num, c1.name,c1.dep,c1.tm,c1.lv from think_teach_ach c1,think_map_status c2 where c1.num=c2.num and c1.ptype=c2.ptype and c2.id='2016303110' and c2.ptype='teach_ach'  [ RunTime:0.0003s ]
INFO: [ view_parse ] --START--
INFO: [ template_filter ] --START--
INFO: Run Behavior\ContentReplaceBehavior [ RunTime:0.000052s ]
INFO: [ template_filter ] --END-- [ RunTime:0.000117s ]
NOTIC: [8] Undefined index: profession D:\xammp\htdocs\samanagement\thinkPHPstudy\MKS\Runtime\Cache\Home\e88c1ddfb436e39492e599d16fa3ad8f.php 第 101 行.
NOTIC: [8] Undefined variable: teachAchYES D:\xammp\htdocs\samanagement\thinkPHPstudy\MKS\Runtime\Cache\Home\e88c1ddfb436e39492e599d16fa3ad8f.php 第 133 行.
NOTIC: [8] Undefined variable: teachAchWAIT D:\xammp\htdocs\samanagement\thinkPHPstudy\MKS\Runtime\Cache\Home\e88c1ddfb436e39492e599d16fa3ad8f.php 第 134 行.
NOTIC: [8] Undefined variable: teachAchNO D:\xammp\htdocs\samanagement\thinkPHPstudy\MKS\Runtime\Cache\Home\e88c1ddfb436e39492e599d16fa3ad8f.php 第 135 行.
INFO: Run Behavior\ParseTemplateBehavior [ RunTime:0.010506s ]
INFO: [ view_parse ] --END-- [ RunTime:0.010539s ]
INFO: [ view_filter ] --START--
INFO: Run Behavior\WriteHtmlCacheBehavior [ RunTime:0.000309s ]
INFO: [ view_filter ] --END-- [ RunTime:0.000336s ]
INFO: [ app_end ] --START--
INFO: Run Behavior\ShowPageTraceBehavior [ RunTime:0.000367s ]
INFO: [ app_end ] --END-- [ RunTime:0.000394s ]

[ 2018-04-24T16:55:44+08:00 ] 127.0.0.1 /index.php/home/home/updateteachach.html
INFO: [ app_init ] --START--
INFO: Run Behavior\BuildLiteBehavior [ RunTime:0.000009s ]
INFO: [ app_init ] --END-- [ RunTime:0.000281s ]
INFO: [ app_begin ] --START--
INFO: Run Behavior\ReadHtmlCacheBehavior [ RunTime:0.000395s ]
INFO: [ app_begin ] --END-- [ RunTime:0.000433s ]

[ 2018-04-24T16:55:44+08:00 ] 127.0.0.1 /index.php/home/home/generalteacher.html
INFO: [ app_init ] --START--
INFO: Run Behavior\BuildLiteBehavior [ RunTime:0.000009s ]
INFO: [ app_init ] --END-- [ RunTime:0.000268s ]
INFO: [ app_begin ] --START--
INFO: Run Behavior\ReadHtmlCacheBehavior [ RunTime:0.000391s ]
INFO: [ app_begin ] --END-- [ RunTime:0.000427s ]
SQL: select * from think_user_info where id = '2016303110'  [ RunTime:0.0006s ]
SQL: select * from think_user_job where id = '2016303110'  [ RunTime:0.0007s ]
SQL: select * from think_user_edu where id = '2016303110'  [ RunTime:0.0013s ]
SQL: select pd from think_login where id ='2016303110'  [ RunTime:0.0004s ]
SQL: select c1.years,c1.num, c1.name,c1.dep,c1.tm,c1.lv from think_teach_ach c1,think_map_status c2 where c1.num=c2.num and c1.ptype=c2.ptype and c2.id='2016303110' and c2.ptype='teach_ach'  [ RunTime:0.0004s ]
INFO: [ view_parse ] --START--
INFO: [ template_filter ] --START--
INFO: Run Behavior\ContentReplaceBehavior [ RunTime:0.000093s ]
INFO: [ template_filter ] --END-- [ RunTime:0.000206s ]
NOTIC: [8] Undefined index: profession D:\xammp\htdocs\samanagement\thinkPHPstudy\MKS\Runtime\Cache\Home\e88c1ddfb436e39492e599d16fa3ad8f.php 第 100 行.
NOTIC: [8] Undefined variable: teachAchYES D:\xammp\htdocs\samanagement\thinkPHPstudy\MKS\Runtime\Cache\Home\e88c1ddfb436e39492e599d16fa3ad8f.php 第 132 行.
NOTIC: [8] Undefined variable: teachAchWAIT D:\xammp\htdocs\samanagement\thinkPHPstudy\MKS\Runtime\Cache\Home\e88c1ddfb436e39492e599d16fa3ad8f.php 第 133 行.
NOTIC: [8] Undefined variable: teachAchNO D:\xammp\htdocs\samanagement\thinkPHPstudy\MKS\Runtime\Cache\Home\e88c1ddfb436e39492e599d16fa3ad8f.php 第 134 行.
INFO: Run Behavior\ParseTemplateBehavior [ RunTime:0.064331s ]
INFO: [ view_parse ] --END-- [ RunTime:0.064365s ]
INFO: [ view_filter ] --START--
INFO: Run Behavior\WriteHtmlCacheBehavior [ RunTime:0.000290s ]
INFO: [ view_filter ] --END-- [ RunTime:0.000316s ]
INFO: [ app_end ] --START--
INFO: Run Behavior\ShowPageTraceBehavior [ RunTime:0.000349s ]
INFO: [ app_end ] --END-- [ RunTime:0.000376s ]

[ 2018-04-24T16:56:09+08:00 ] 127.0.0.1 /index.php/home/home/generalteacher.html
INFO: [ app_init ] --START--
INFO: Run Behavior\BuildLiteBehavior [ RunTime:0.000008s ]
INFO: [ app_init ] --END-- [ RunTime:0.000229s ]
INFO: [ app_begin ] --START--
INFO: Run Behavior\ReadHtmlCacheBehavior [ RunTime:0.000288s ]
INFO: [ app_begin ] --END-- [ RunTime:0.000323s ]
SQL: select * from think_user_info where id = '2016303110'  [ RunTime:0.0003s ]
SQL: select * from think_user_job where id = '2016303110'  [ RunTime:0.0002s ]
SQL: select * from think_user_edu where id = '2016303110'  [ RunTime:0.0002s ]
SQL: select pd from think_login where id ='2016303110'  [ RunTime:0.0001s ]
SQL: select c1.years,c1.num, c1.name,c1.dep,c1.tm,c1.lv from think_teach_ach c1,think_map_status c2 where c1.num=c2.num and c1.ptype=c2.ptype and c2.id='2016303110' and c2.ptype='teach_ach'  [ RunTime:0.0003s ]
INFO: [ view_parse ] --START--
INFO: [ template_filter ] --START--
INFO: Run Behavior\ContentReplaceBehavior [ RunTime:0.000044s ]
INFO: [ template_filter ] --END-- [ RunTime:0.000078s ]
NOTIC: [8] Undefined index: profession D:\xammp\htdocs\samanagement\thinkPHPstudy\MKS\Runtime\Cache\Home\e88c1ddfb436e39492e599d16fa3ad8f.php 第 100 行.
NOTIC: [8] Undefined variable: teachAchYES D:\xammp\htdocs\samanagement\thinkPHPstudy\MKS\Runtime\Cache\Home\e88c1ddfb436e39492e599d16fa3ad8f.php 第 132 行.
NOTIC: [8] Undefined variable: teachAchWAIT D:\xammp\htdocs\samanagement\thinkPHPstudy\MKS\Runtime\Cache\Home\e88c1ddfb436e39492e599d16fa3ad8f.php 第 133 行.
NOTIC: [8] Undefined variable: teachAchNO D:\xammp\htdocs\samanagement\thinkPHPstudy\MKS\Runtime\Cache\Home\e88c1ddfb436e39492e599d16fa3ad8f.php 第 134 行.
INFO: Run Behavior\ParseTemplateBehavior [ RunTime:0.007862s ]
INFO: [ view_parse ] --END-- [ RunTime:0.007896s ]
INFO: [ view_filter ] --START--
INFO: Run Behavior\WriteHtmlCacheBehavior [ RunTime:0.000306s ]
INFO: [ view_filter ] --END-- [ RunTime:0.000332s ]
INFO: [ app_end ] --START--
INFO: Run Behavior\ShowPageTraceBehavior [ RunTime:0.000362s ]
INFO: [ app_end ] --END-- [ RunTime:0.000389s ]

[ 2018-04-24T16:57:16+08:00 ] 127.0.0.1 /index.php/home/home/generalteacher.html
INFO: [ app_init ] --START--
INFO: Run Behavior\BuildLiteBehavior [ RunTime:0.000009s ]
INFO: [ app_init ] --END-- [ RunTime:0.000268s ]
INFO: [ app_begin ] --START--
INFO: Run Behavior\ReadHtmlCacheBehavior [ RunTime:0.000353s ]
INFO: [ app_begin ] --END-- [ RunTime:0.000393s ]
SQL: select * from think_user_info where id = '2016303110'  [ RunTime:0.0004s ]
SQL: select * from think_user_job where id = '2016303110'  [ RunTime:0.0002s ]
SQL: select * from think_user_edu where id = '2016303110'  [ RunTime:0.0002s ]
SQL: select pd from think_login where id ='2016303110'  [ RunTime:0.0002s ]
SQL: select c1.years,c1.num, c1.name,c1.dep,c1.tm,c1.lv from think_teach_ach c1,think_map_status c2 where c1.num=c2.num and c1.ptype=c2.ptype and c2.id='2016303110' and c2.ptype='teach_ach'  [ RunTime:0.0003s ]
INFO: [ view_parse ] --START--
INFO: [ template_filter ] --START--
INFO: Run Behavior\ContentReplaceBehavior [ RunTime:0.000043s ]
INFO: [ template_filter ] --END-- [ RunTime:0.000079s ]
NOTIC: [8] Undefined index: profession D:\xammp\htdocs\samanagement\thinkPHPstudy\MKS\Runtime\Cache\Home\e88c1ddfb436e39492e599d16fa3ad8f.php 第 100 行.
NOTIC: [8] Undefined variable: teachAchYES D:\xammp\htdocs\samanagement\thinkPHPstudy\MKS\Runtime\Cache\Home\e88c1ddfb436e39492e599d16fa3ad8f.php 第 132 行.
NOTIC: [8] Undefined variable: teachAchWAIT D:\xammp\htdocs\samanagement\thinkPHPstudy\MKS\Runtime\Cache\Home\e88c1ddfb436e39492e599d16fa3ad8f.php 第 133 行.
NOTIC: [8] Undefined variable: teachAchNO D:\xammp\htdocs\samanagement\thinkPHPstudy\MKS\Runtime\Cache\Home\e88c1ddfb436e39492e599d16fa3ad8f.php 第 134 行.
INFO: Run Behavior\ParseTemplateBehavior [ RunTime:0.007946s ]
INFO: [ view_parse ] --END-- [ RunTime:0.007977s ]
INFO: [ view_filter ] --START--
INFO: Run Behavior\WriteHtmlCacheBehavior [ RunTime:0.000261s ]
INFO: [ view_filter ] --END-- [ RunTime:0.000287s ]
INFO: [ app_end ] --START--
INFO: Run Behavior\ShowPageTraceBehavior [ RunTime:0.000289s ]
INFO: [ app_end ] --END-- [ RunTime:0.000316s ]

[ 2018-04-24T16:57:16+08:00 ] 127.0.0.1 /index.php/home/home/updateteachach.html
INFO: [ app_init ] --START--
INFO: Run Behavior\BuildLiteBehavior [ RunTime:0.000009s ]
INFO: [ app_init ] --END-- [ RunTime:0.000258s ]
INFO: [ app_begin ] --START--
INFO: Run Behavior\ReadHtmlCacheBehavior [ RunTime:0.000358s ]
INFO: [ app_begin ] --END-- [ RunTime:0.000397s ]
NOTIC: [2] call_user_func() expects parameter 1 to be a valid callback, no array or string given D:\xammp\htdocs\samanagement\thinkPHPstudy\ThinkPHP\Library\Think\Upload.class.php 第 170 行.
INFO: [ app_end ] --START--
INFO: Run Behavior\ShowPageTraceBehavior [ RunTime:0.000492s ]
INFO: [ app_end ] --END-- [ RunTime:0.000559s ]

[ 2018-04-24T19:09:09+08:00 ] 127.0.0.1 /index.php/home/home/insertteachach.html
INFO: [ app_init ] --START--
INFO: Run Behavior\BuildLiteBehavior [ RunTime:0.000015s ]
INFO: [ app_init ] --END-- [ RunTime:0.000671s ]
INFO: [ app_begin ] --START--
INFO: Run Behavior\ReadHtmlCacheBehavior [ RunTime:0.000437s ]
INFO: [ app_begin ] --END-- [ RunTime:0.000480s ]
SQL: select timer from think_sys_timer where ptype='teach_ach' and years=2018  [ RunTime:0.0595s ]
NOTIC: [2] call_user_func() expects parameter 1 to be a valid callback, no array or string given D:\xammp\htdocs\samanagement\thinkPHPstudy\ThinkPHP\Library\Think\Upload.class.php 第 170 行.
SQL:  update think_sys_timer set timer=7 where  ptype='teach_ach' and years=2018  [ RunTime:0.5576s ]
SQL: insert into think_teach_ach values(6,2018,'teach_ach','name','dep','2018-04-24','2','/Public/support/2018-04-24/小芳_teachAch_6.docx') [ RunTime:0.0811s ]
SQL: insert into think_map_status values('2016303110',2018,'teach_ach',6,'WAIT','')  [ RunTime:0.0481s ]

[ 2018-04-24T19:09:09+08:00 ] 127.0.0.1 /index.php/home/home/generalteacher.html
INFO: [ app_init ] --START--
INFO: Run Behavior\BuildLiteBehavior [ RunTime:0.000015s ]
INFO: [ app_init ] --END-- [ RunTime:0.000446s ]
INFO: [ app_begin ] --START--
INFO: Run Behavior\ReadHtmlCacheBehavior [ RunTime:0.000512s ]
INFO: [ app_begin ] --END-- [ RunTime:0.000588s ]
SQL: select * from think_user_info where id = '2016303110'  [ RunTime:0.0004s ]
SQL: select * from think_user_job where id = '2016303110'  [ RunTime:0.0003s ]
SQL: select * from think_user_edu where id = '2016303110'  [ RunTime:0.0003s ]
SQL: select pd from think_login where id ='2016303110'  [ RunTime:0.0002s ]
SQL: select c1.years,c1.num, c1.name,c1.dep,c1.tm,c1.lv from think_teach_ach c1,think_map_status c2 where c1.num=c2.num and c1.ptype=c2.ptype and c2.id='2016303110' and c2.ptype='teach_ach'  [ RunTime:0.0006s ]
INFO: [ view_parse ] --START--
INFO: [ template_filter ] --START--
INFO: Run Behavior\ContentReplaceBehavior [ RunTime:0.000050s ]
INFO: [ template_filter ] --END-- [ RunTime:0.000085s ]
NOTIC: [8] Undefined index: profession D:\xammp\htdocs\samanagement\thinkPHPstudy\MKS\Runtime\Cache\Home\e88c1ddfb436e39492e599d16fa3ad8f.php 第 100 行.
NOTIC: [8] Undefined variable: teachAchYES D:\xammp\htdocs\samanagement\thinkPHPstudy\MKS\Runtime\Cache\Home\e88c1ddfb436e39492e599d16fa3ad8f.php 第 132 行.
NOTIC: [8] Undefined variable: teachAchWAIT D:\xammp\htdocs\samanagement\thinkPHPstudy\MKS\Runtime\Cache\Home\e88c1ddfb436e39492e599d16fa3ad8f.php 第 133 行.
NOTIC: [8] Undefined variable: teachAchNO D:\xammp\htdocs\samanagement\thinkPHPstudy\MKS\Runtime\Cache\Home\e88c1ddfb436e39492e599d16fa3ad8f.php 第 134 行.
INFO: Run Behavior\ParseTemplateBehavior [ RunTime:0.018722s ]
INFO: [ view_parse ] --END-- [ RunTime:0.018757s ]
INFO: [ view_filter ] --START--
INFO: Run Behavior\WriteHtmlCacheBehavior [ RunTime:0.000290s ]
INFO: [ view_filter ] --END-- [ RunTime:0.000316s ]
INFO: [ app_end ] --START--
INFO: Run Behavior\ShowPageTraceBehavior [ RunTime:0.000367s ]
INFO: [ app_end ] --END-- [ RunTime:0.000394s ]

[ 2018-04-24T19:09:15+08:00 ] 127.0.0.1 /index.php/home/home/deleteteachach.html
INFO: [ app_init ] --START--
INFO: Run Behavior\BuildLiteBehavior [ RunTime:0.000010s ]
INFO: [ app_init ] --END-- [ RunTime:0.000236s ]
INFO: [ app_begin ] --START--
INFO: Run Behavior\ReadHtmlCacheBehavior [ RunTime:0.000298s ]
INFO: [ app_begin ] --END-- [ RunTime:0.000329s ]
SQL: select sup from think_teach_ach where num=6 and years=2018 and ptype='teach_ach'  [ RunTime:0.0003s ]
SQL: delete from think_teach_ach where num=6 and years=2018 and ptype='teach_ach'  [ RunTime:0.0659s ]
SQL: delete from think_map_status where id='2016303110' and num=6 and years=2018 and ptype='teach_ach'  [ RunTime:0.0392s ]
INFO: [ view_parse ] --START--
INFO: [ template_filter ] --START--
INFO: Run Behavior\ContentReplaceBehavior [ RunTime:0.000073s ]
INFO: [ template_filter ] --END-- [ RunTime:0.000184s ]
INFO: Run Behavior\ParseTemplateBehavior [ RunTime:0.025576s ]
INFO: [ view_parse ] --END-- [ RunTime:0.025694s ]
INFO: [ view_filter ] --START--
INFO: Run Behavior\WriteHtmlCacheBehavior [ RunTime:0.000703s ]
INFO: [ view_filter ] --END-- [ RunTime:0.000767s ]
INFO: [ app_end ] --START--
INFO: Run Behavior\ShowPageTraceBehavior [ RunTime:0.000914s ]
INFO: [ app_end ] --END-- [ RunTime:0.000976s ]

[ 2018-04-24T19:09:30+08:00 ] 127.0.0.1 /index.php/home/home/updateteachach.html
INFO: [ app_init ] --START--
INFO: Run Behavior\BuildLiteBehavior [ RunTime:0.000010s ]
INFO: [ app_init ] --END-- [ RunTime:0.000284s ]
INFO: [ app_begin ] --START--
INFO: Run Behavior\ReadHtmlCacheBehavior [ RunTime:0.000421s ]
INFO: [ app_begin ] --END-- [ RunTime:0.000456s ]
NOTIC: [2] call_user_func() expects parameter 1 to be a valid callback, no array or string given D:\xammp\htdocs\samanagement\thinkPHPstudy\ThinkPHP\Library\Think\Upload.class.php 第 170 行.
INFO: [ app_end ] --START--
INFO: Run Behavior\ShowPageTraceBehavior [ RunTime:0.000461s ]
INFO: [ app_end ] --END-- [ RunTime:0.000502s ]

[ 2018-04-24T19:09:30+08:00 ] 127.0.0.1 /index.php/home/home/generalteacher.html
INFO: [ app_init ] --START--
INFO: Run Behavior\BuildLiteBehavior [ RunTime:0.000007s ]
INFO: [ app_init ] --END-- [ RunTime:0.000273s ]
INFO: [ app_begin ] --START--
INFO: Run Behavior\ReadHtmlCacheBehavior [ RunTime:0.000399s ]
INFO: [ app_begin ] --END-- [ RunTime:0.000438s ]
SQL: select * from think_user_info where id = '2016303110'  [ RunTime:0.0003s ]
SQL: select * from think_user_job where id = '2016303110'  [ RunTime:0.0002s ]
SQL: select * from think_user_edu where id = '2016303110'  [ RunTime:0.0004s ]
SQL: select pd from think_login where id ='2016303110'  [ RunTime:0.0002s ]
SQL: select c1.years,c1.num, c1.name,c1.dep,c1.tm,c1.lv from think_teach_ach c1,think_map_status c2 where c1.num=c2.num and c1.ptype=c2.ptype and c2.id='2016303110' and c2.ptype='teach_ach'  [ RunTime:0.0006s ]
INFO: [ view_parse ] --START--
INFO: [ template_filter ] --START--
INFO: Run Behavior\ContentReplaceBehavior [ RunTime:0.000047s ]
INFO: [ template_filter ] --END-- [ RunTime:0.000088s ]
NOTIC: [8] Undefined index: profession D:\xammp\htdocs\samanagement\thinkPHPstudy\MKS\Runtime\Cache\Home\e88c1ddfb436e39492e599d16fa3ad8f.php 第 100 行.
NOTIC: [8] Undefined variable: teachAchYES D:\xammp\htdocs\samanagement\thinkPHPstudy\MKS\Runtime\Cache\Home\e88c1ddfb436e39492e599d16fa3ad8f.php 第 132 行.
NOTIC: [8] Undefined variable: teachAchWAIT D:\xammp\htdocs\samanagement\thinkPHPstudy\MKS\Runtime\Cache\Home\e88c1ddfb436e39492e599d16fa3ad8f.php 第 133 行.
NOTIC: [8] Undefined variable: teachAchNO D:\xammp\htdocs\samanagement\thinkPHPstudy\MKS\Runtime\Cache\Home\e88c1ddfb436e39492e599d16fa3ad8f.php 第 134 行.
INFO: Run Behavior\ParseTemplateBehavior [ RunTime:0.016477s ]
INFO: [ view_parse ] --END-- [ RunTime:0.016567s ]
INFO: [ view_filter ] --START--
INFO: Run Behavior\WriteHtmlCacheBehavior [ RunTime:0.000398s ]
INFO: [ view_filter ] --END-- [ RunTime:0.000850s ]
INFO: [ app_end ] --START--
INFO: Run Behavior\ShowPageTraceBehavior [ RunTime:0.000461s ]
INFO: [ app_end ] --END-- [ RunTime:0.000503s ]

[ 2018-04-24T19:14:27+08:00 ] 127.0.0.1 /index.php/home/home/insertteachach.html
INFO: [ app_init ] --START--
INFO: Run Behavior\BuildLiteBehavior [ RunTime:0.000055s ]
INFO: [ app_init ] --END-- [ RunTime:0.001340s ]
INFO: [ app_begin ] --START--
INFO: Run Behavior\ReadHtmlCacheBehavior [ RunTime:0.000408s ]
INFO: [ app_begin ] --END-- [ RunTime:0.000446s ]
SQL: select timer from think_sys_timer where ptype='teach_ach' and years=2018  [ RunTime:0.0003s ]
NOTIC: [2] call_user_func() expects parameter 1 to be a valid callback, no array or string given D:\xammp\htdocs\samanagement\thinkPHPstudy\ThinkPHP\Library\Think\Upload.class.php 第 170 行.
SQL:  update think_sys_timer set timer=8 where  ptype='teach_ach' and years=2018  [ RunTime:0.0552s ]
SQL: insert into think_teach_ach values(7,2018,'teach_ach','name','双方都','2018-04-24','2','/Public/support/2018-04-24/小芳_teachAch_7.jpg') [ RunTime:0.0415s ]
SQL: insert into think_map_status values('2016303110',2018,'teach_ach',7,'WAIT','')  [ RunTime:0.0471s ]

[ 2018-04-24T19:14:27+08:00 ] 127.0.0.1 /index.php/home/home/generalteacher.html
INFO: [ app_init ] --START--
INFO: Run Behavior\BuildLiteBehavior [ RunTime:0.000023s ]
INFO: [ app_init ] --END-- [ RunTime:0.000495s ]
INFO: [ app_begin ] --START--
INFO: Run Behavior\ReadHtmlCacheBehavior [ RunTime:0.000540s ]
INFO: [ app_begin ] --END-- [ RunTime:0.000593s ]
SQL: select * from think_user_info where id = '2016303110'  [ RunTime:0.0004s ]
SQL: select * from think_user_job where id = '2016303110'  [ RunTime:0.0002s ]
SQL: select * from think_user_edu where id = '2016303110'  [ RunTime:0.0002s ]
SQL: select pd from think_login where id ='2016303110'  [ RunTime:0.0002s ]
SQL: select c1.years,c1.num, c1.name,c1.dep,c1.tm,c1.lv from think_teach_ach c1,think_map_status c2 where c1.num=c2.num and c1.ptype=c2.ptype and c2.id='2016303110' and c2.ptype='teach_ach'  [ RunTime:0.0003s ]
INFO: [ view_parse ] --START--
INFO: [ template_filter ] --START--
INFO: Run Behavior\ContentReplaceBehavior [ RunTime:0.000046s ]
INFO: [ template_filter ] --END-- [ RunTime:0.000080s ]
NOTIC: [8] Undefined index: profession D:\xammp\htdocs\samanagement\thinkPHPstudy\MKS\Runtime\Cache\Home\e88c1ddfb436e39492e599d16fa3ad8f.php 第 100 行.
NOTIC: [8] Undefined variable: teachAchYES D:\xammp\htdocs\samanagement\thinkPHPstudy\MKS\Runtime\Cache\Home\e88c1ddfb436e39492e599d16fa3ad8f.php 第 132 行.
NOTIC: [8] Undefined variable: teachAchWAIT D:\xammp\htdocs\samanagement\thinkPHPstudy\MKS\Runtime\Cache\Home\e88c1ddfb436e39492e599d16fa3ad8f.php 第 133 行.
NOTIC: [8] Undefined variable: teachAchNO D:\xammp\htdocs\samanagement\thinkPHPstudy\MKS\Runtime\Cache\Home\e88c1ddfb436e39492e599d16fa3ad8f.php 第 134 行.
INFO: Run Behavior\ParseTemplateBehavior [ RunTime:0.007973s ]
INFO: [ view_parse ] --END-- [ RunTime:0.008009s ]
INFO: [ view_filter ] --START--
INFO: Run Behavior\WriteHtmlCacheBehavior [ RunTime:0.000282s ]
INFO: [ view_filter ] --END-- [ RunTime:0.000308s ]
INFO: [ app_end ] --START--
INFO: Run Behavior\ShowPageTraceBehavior [ RunTime:0.000350s ]
INFO: [ app_end ] --END-- [ RunTime:0.000376s ]

[ 2018-04-24T19:14:32+08:00 ] 127.0.0.1 /index.php/home/home/deleteteachach.html
INFO: [ app_init ] --START--
INFO: Run Behavior\BuildLiteBehavior [ RunTime:0.000007s ]
INFO: [ app_init ] --END-- [ RunTime:0.000226s ]
INFO: [ app_begin ] --START--
INFO: Run Behavior\ReadHtmlCacheBehavior [ RunTime:0.001061s ]
INFO: [ app_begin ] --END-- [ RunTime:0.001132s ]
SQL: select sup from think_teach_ach where num=7 and years=2018 and ptype='teach_ach'  [ RunTime:0.0004s ]
SQL: delete from think_teach_ach where num=7 and years=2018 and ptype='teach_ach'  [ RunTime:0.0882s ]
SQL: delete from think_map_status where id='2016303110' and num=7 and years=2018 and ptype='teach_ach'  [ RunTime:0.0897s ]
INFO: [ view_parse ] --START--
INFO: [ template_filter ] --START--
INFO: Run Behavior\ContentReplaceBehavior [ RunTime:0.000025s ]
INFO: [ template_filter ] --END-- [ RunTime:0.000063s ]
INFO: Run Behavior\ParseTemplateBehavior [ RunTime:0.009479s ]
INFO: [ view_parse ] --END-- [ RunTime:0.009537s ]
INFO: [ view_filter ] --START--
INFO: Run Behavior\WriteHtmlCacheBehavior [ RunTime:0.000323s ]
INFO: [ view_filter ] --END-- [ RunTime:0.000353s ]
INFO: [ app_end ] --START--
INFO: Run Behavior\ShowPageTraceBehavior [ RunTime:0.000410s ]
INFO: [ app_end ] --END-- [ RunTime:0.000437s ]

[ 2018-04-24T19:14:48+08:00 ] 127.0.0.1 /
INFO: [ app_init ] --START--
INFO: Run Behavior\BuildLiteBehavior [ RunTime:0.000010s ]
INFO: [ app_init ] --END-- [ RunTime:0.000350s ]
INFO: [ app_begin ] --START--
INFO: Run Behavior\ReadHtmlCacheBehavior [ RunTime:0.000380s ]
INFO: [ app_begin ] --END-- [ RunTime:0.000413s ]
INFO: [ view_parse ] --START--
INFO: [ template_filter ] --START--
INFO: Run Behavior\ContentReplaceBehavior [ RunTime:0.000050s ]
INFO: [ template_filter ] --END-- [ RunTime:0.000095s ]
INFO: Run Behavior\ParseTemplateBehavior [ RunTime:0.006791s ]
INFO: [ view_parse ] --END-- [ RunTime:0.006837s ]
INFO: [ view_filter ] --START--
INFO: Run Behavior\WriteHtmlCacheBehavior [ RunTime:0.000193s ]
INFO: [ view_filter ] --END-- [ RunTime:0.000219s ]
INFO: [ app_end ] --START--
INFO: Run Behavior\ShowPageTraceBehavior [ RunTime:0.000314s ]
INFO: [ app_end ] --END-- [ RunTime:0.000342s ]

[ 2018-04-24T19:17:18+08:00 ] 127.0.0.1 /index.php/home/index/login.html
INFO: [ app_init ] --START--
INFO: Run Behavior\BuildLiteBehavior [ RunTime:0.000009s ]
INFO: [ app_init ] --END-- [ RunTime:0.000297s ]
INFO: [ app_begin ] --START--
INFO: Run Behavior\ReadHtmlCacheBehavior [ RunTime:0.000959s ]
INFO: [ app_begin ] --END-- [ RunTime:0.001051s ]
SQL:  select auth from think_login where id = '20163030110' and pd = '123456'  [ RunTime:0.0007s ]
NOTIC: [8] Use of undefined constant auth - assumed 'auth' D:\xammp\htdocs\samanagement\thinkPHPstudy\MKS\Home\Controller\IndexController.class.php 第 22 行.
NOTIC: [8] Undefined offset: 0 D:\xammp\htdocs\samanagement\thinkPHPstudy\MKS\Home\Controller\IndexController.class.php 第 22 行.
INFO: [ view_parse ] --START--
INFO: [ template_filter ] --START--
INFO: Run Behavior\ContentReplaceBehavior [ RunTime:0.000025s ]
INFO: [ template_filter ] --END-- [ RunTime:0.000058s ]
INFO: Run Behavior\ParseTemplateBehavior [ RunTime:0.004873s ]
INFO: [ view_parse ] --END-- [ RunTime:0.004917s ]
INFO: [ view_filter ] --START--
INFO: Run Behavior\WriteHtmlCacheBehavior [ RunTime:0.000282s ]
INFO: [ view_filter ] --END-- [ RunTime:0.000309s ]
INFO: [ app_end ] --START--
INFO: Run Behavior\ShowPageTraceBehavior [ RunTime:0.000437s ]
INFO: [ app_end ] --END-- [ RunTime:0.000464s ]

[ 2018-04-24T19:17:25+08:00 ] 127.0.0.1 /index.php/home/index/login.html
INFO: [ app_init ] --START--
INFO: Run Behavior\BuildLiteBehavior [ RunTime:0.000010s ]
INFO: [ app_init ] --END-- [ RunTime:0.000282s ]
INFO: [ app_begin ] --START--
INFO: Run Behavior\ReadHtmlCacheBehavior [ RunTime:0.000303s ]
INFO: [ app_begin ] --END-- [ RunTime:0.000339s ]
SQL:  select auth from think_login where id = '2016303110' and pd = '123456'  [ RunTime:0.0002s ]
NOTIC: [8] Use of undefined constant auth - assumed 'auth' D:\xammp\htdocs\samanagement\thinkPHPstudy\MKS\Home\Controller\IndexController.class.php 第 22 行.
SQL: select name from think_user_info where id='2016303110'  [ RunTime:0.0002s ]

[ 2018-04-24T19:17:25+08:00 ] 127.0.0.1 /index.php/home/home/generalteacher.html
INFO: [ app_init ] --START--
INFO: Run Behavior\BuildLiteBehavior [ RunTime:0.000010s ]
INFO: [ app_init ] --END-- [ RunTime:0.000407s ]
INFO: [ app_begin ] --START--
INFO: Run Behavior\ReadHtmlCacheBehavior [ RunTime:0.000345s ]
INFO: [ app_begin ] --END-- [ RunTime:0.000385s ]
SQL: select * from think_user_info where id = '2016303110'  [ RunTime:0.0003s ]
SQL: select * from think_user_job where id = '2016303110'  [ RunTime:0.0002s ]
SQL: select * from think_user_edu where id = '2016303110'  [ RunTime:0.0002s ]
SQL: select pd from think_login where id ='2016303110'  [ RunTime:0.0002s ]
SQL: select c1.years,c1.num, c1.name,c1.dep,c1.tm,c1.lv from think_teach_ach c1,think_map_status c2 where c1.num=c2.num and c1.ptype=c2.ptype and c2.id='2016303110' and c2.ptype='teach_ach'  [ RunTime:0.0003s ]
INFO: [ view_parse ] --START--
INFO: [ template_filter ] --START--
INFO: Run Behavior\ContentReplaceBehavior [ RunTime:0.000042s ]
INFO: [ template_filter ] --END-- [ RunTime:0.000071s ]
NOTIC: [8] Undefined index: profession D:\xammp\htdocs\samanagement\thinkPHPstudy\MKS\Runtime\Cache\Home\e88c1ddfb436e39492e599d16fa3ad8f.php 第 100 行.
NOTIC: [8] Undefined variable: teachAchYES D:\xammp\htdocs\samanagement\thinkPHPstudy\MKS\Runtime\Cache\Home\e88c1ddfb436e39492e599d16fa3ad8f.php 第 132 行.
NOTIC: [8] Undefined variable: teachAchWAIT D:\xammp\htdocs\samanagement\thinkPHPstudy\MKS\Runtime\Cache\Home\e88c1ddfb436e39492e599d16fa3ad8f.php 第 133 行.
NOTIC: [8] Undefined variable: teachAchNO D:\xammp\htdocs\samanagement\thinkPHPstudy\MKS\Runtime\Cache\Home\e88c1ddfb436e39492e599d16fa3ad8f.php 第 134 行.
INFO: Run Behavior\ParseTemplateBehavior [ RunTime:0.007087s ]
INFO: [ view_parse ] --END-- [ RunTime:0.007121s ]
INFO: [ view_filter ] --START--
INFO: Run Behavior\WriteHtmlCacheBehavior [ RunTime:0.000292s ]
INFO: [ view_filter ] --END-- [ RunTime:0.000319s ]
INFO: [ app_end ] --START--
INFO: Run Behavior\ShowPageTraceBehavior [ RunTime:0.000302s ]
INFO: [ app_end ] --END-- [ RunTime:0.000329s ]

