[ 2018-02-28T18:01:52+08:00 ] 127.0.0.1 /index.php/Home-Index-read-43
INFO: [ app_init ] --START--
INFO: Run Behavior\BuildLiteBehavior [ RunTime:0.000012s ]
INFO: [ app_init ] --END-- [ RunTime:0.000395s ]
ERR: 无法加载模块:Home-Index-read-43

[ 2018-02-28T18:04:04+08:00 ] 127.0.0.1 /index.php/Home-Index-read-43
INFO: [ app_init ] --START--
INFO: Run Behavior\BuildLiteBehavior [ RunTime:0.000032s ]
INFO: [ app_init ] --END-- [ RunTime:0.000342s ]
ERR: 无法加载模块:Home-Index-read-43

[ 2018-02-28T18:04:43+08:00 ] 127.0.0.1 /index.php/Home-Index-read/43
INFO: [ app_init ] --START--
INFO: Run Behavior\BuildLiteBehavior [ RunTime:0.000010s ]
INFO: [ app_init ] --END-- [ RunTime:0.000261s ]
ERR: 无法加载模块:Home-Index-read

[ 2018-02-28T18:04:46+08:00 ] 127.0.0.1 /index.php/Home-Index-read/43
INFO: [ app_init ] --START--
INFO: Run Behavior\BuildLiteBehavior [ RunTime:0.000009s ]
INFO: [ app_init ] --END-- [ RunTime:0.000252s ]
ERR: 无法加载模块:Home-Index-read

[ 2018-02-28T18:04:52+08:00 ] 127.0.0.1 /index.php/Home-Index/read/43
INFO: [ app_init ] --START--
INFO: Run Behavior\BuildLiteBehavior [ RunTime:0.000011s ]
INFO: [ app_init ] --END-- [ RunTime:0.000444s ]
ERR: 无法加载模块:Home-Index

[ 2018-02-28T18:05:45+08:00 ] 127.0.0.1 /index.php/Home-Index-read/43
INFO: [ app_init ] --START--
INFO: Run Behavior\BuildLiteBehavior [ RunTime:0.000010s ]
INFO: [ app_init ] --END-- [ RunTime:0.000262s ]
ERR: 无法加载模块:Home-Index-read

[ 2018-02-28T18:05:51+08:00 ] 127.0.0.1 /index.php/Home-Index-read
INFO: [ app_init ] --START--
INFO: Run Behavior\BuildLiteBehavior [ RunTime:0.000015s ]
INFO: [ app_init ] --END-- [ RunTime:0.000515s ]
ERR: 无法加载模块:Home-Index-read

[ 2018-02-28T18:06:02+08:00 ] 127.0.0.1 /index.php/Home-Index-index
INFO: [ app_init ] --START--
INFO: Run Behavior\BuildLiteBehavior [ RunTime:0.000010s ]
INFO: [ app_init ] --END-- [ RunTime:0.000285s ]
ERR: 无法加载模块:Home-Index-index

